[0.826s] DEBUG:colcon:Command line arguments: ['/usr/bin/colcon', 'build', '--packages-up-to', 'v4l2_camera', 'image_transport_plugins']
[0.826s] DEBUG:colcon:Parsed command line arguments: Namespace(log_base=None, log_level=None, verb_name='build', build_base='build', install_base='install', merge_install=False, symlink_install=False, test_result_base=None, continue_on_error=False, executor='parallel', parallel_workers=16, event_handlers=None, ignore_user_meta=False, metas=['./colcon.meta'], base_paths=['.'], packages_ignore=None, packages_ignore_regex=None, paths=None, packages_up_to=['v4l2_camera', 'image_transport_plugins'], packages_up_to_regex=None, packages_above=None, packages_above_and_dependencies=None, packages_above_depth=None, packages_select_by_dep=None, packages_skip_by_dep=None, packages_skip_up_to=None, packages_select_build_failed=False, packages_skip_build_finished=False, packages_select_test_failures=False, packages_skip_test_passed=False, packages_select=None, packages_skip=None, packages_select_regex=None, packages_skip_regex=None, packages_start=None, packages_end=None, allow_overriding=[], cmake_args=None, cmake_target=None, cmake_target_skip_unavailable=False, cmake_clean_cache=False, cmake_clean_first=False, cmake_force_configure=False, ament_cmake_args=None, catkin_cmake_args=None, catkin_skip_building_tests=False, mixin_files=None, mixin=None, verb_parser=<colcon_mixin.mixin.mixin_argument.MixinArgumentDecorator object at 0x7f8ea0caff40>, verb_extension=<colcon_core.verb.build.BuildVerb object at 0x7f8ea0f33e20>, main=<bound method BuildVerb.main of <colcon_core.verb.build.BuildVerb object at 0x7f8ea0f33e20>>, mixin_verb=('build',))
[0.864s] Level 1:colcon.colcon_core.package_discovery:discover_packages(colcon_meta) check parameters
[0.864s] Level 1:colcon.colcon_core.package_discovery:discover_packages(recursive) check parameters
[0.864s] Level 1:colcon.colcon_core.package_discovery:discover_packages(ignore) check parameters
[0.864s] Level 1:colcon.colcon_core.package_discovery:discover_packages(path) check parameters
[0.864s] Level 1:colcon.colcon_core.package_discovery:discover_packages(colcon_meta) discover
[0.864s] Level 1:colcon.colcon_core.package_discovery:discover_packages(recursive) discover
[0.864s] INFO:colcon.colcon_core.package_discovery:Crawling recursively for packages in '/home/shengbin/camera_ws'
[0.864s] Level 1:colcon.colcon_core.package_identification:_identify(.) by extensions ['ignore', 'ignore_ament_install']
[0.864s] Level 1:colcon.colcon_core.package_identification:_identify(.) by extension 'ignore'
[0.864s] Level 1:colcon.colcon_core.package_identification:_identify(.) by extension 'ignore_ament_install'
[0.864s] Level 1:colcon.colcon_core.package_identification:_identify(.) by extensions ['colcon_pkg']
[0.864s] Level 1:colcon.colcon_core.package_identification:_identify(.) by extension 'colcon_pkg'
[0.864s] Level 1:colcon.colcon_core.package_identification:_identify(.) by extensions ['colcon_meta']
[0.864s] Level 1:colcon.colcon_core.package_identification:_identify(.) by extension 'colcon_meta'
[0.864s] Level 1:colcon.colcon_core.package_identification:_identify(.) by extensions ['ros']
[0.864s] Level 1:colcon.colcon_core.package_identification:_identify(.) by extension 'ros'
[0.872s] Level 1:colcon.colcon_core.package_identification:_identify(.) by extensions ['cmake', 'python']
[0.872s] Level 1:colcon.colcon_core.package_identification:_identify(.) by extension 'cmake'
[0.872s] Level 1:colcon.colcon_core.package_identification:_identify(.) by extension 'python'
[0.872s] Level 1:colcon.colcon_core.package_identification:_identify(.) by extensions ['python_setup_py']
[0.872s] Level 1:colcon.colcon_core.package_identification:_identify(.) by extension 'python_setup_py'
[0.872s] Level 1:colcon.colcon_core.package_identification:_identify(build) by extensions ['ignore', 'ignore_ament_install']
[0.872s] Level 1:colcon.colcon_core.package_identification:_identify(build) by extension 'ignore'
[0.872s] Level 1:colcon.colcon_core.package_identification:_identify(build) ignored
[0.872s] Level 1:colcon.colcon_core.package_identification:_identify(install) by extensions ['ignore', 'ignore_ament_install']
[0.872s] Level 1:colcon.colcon_core.package_identification:_identify(install) by extension 'ignore'
[0.872s] Level 1:colcon.colcon_core.package_identification:_identify(install) ignored
[0.872s] Level 1:colcon.colcon_core.package_identification:_identify(log) by extensions ['ignore', 'ignore_ament_install']
[0.872s] Level 1:colcon.colcon_core.package_identification:_identify(log) by extension 'ignore'
[0.872s] Level 1:colcon.colcon_core.package_identification:_identify(log) ignored
[0.872s] Level 1:colcon.colcon_core.package_identification:_identify(src) by extensions ['ignore', 'ignore_ament_install']
[0.872s] Level 1:colcon.colcon_core.package_identification:_identify(src) by extension 'ignore'
[0.873s] Level 1:colcon.colcon_core.package_identification:_identify(src) by extension 'ignore_ament_install'
[0.873s] Level 1:colcon.colcon_core.package_identification:_identify(src) by extensions ['colcon_pkg']
[0.873s] Level 1:colcon.colcon_core.package_identification:_identify(src) by extension 'colcon_pkg'
[0.873s] Level 1:colcon.colcon_core.package_identification:_identify(src) by extensions ['colcon_meta']
[0.873s] Level 1:colcon.colcon_core.package_identification:_identify(src) by extension 'colcon_meta'
[0.873s] Level 1:colcon.colcon_core.package_identification:_identify(src) by extensions ['ros']
[0.873s] Level 1:colcon.colcon_core.package_identification:_identify(src) by extension 'ros'
[0.873s] Level 1:colcon.colcon_core.package_identification:_identify(src) by extensions ['cmake', 'python']
[0.873s] Level 1:colcon.colcon_core.package_identification:_identify(src) by extension 'cmake'
[0.873s] Level 1:colcon.colcon_core.package_identification:_identify(src) by extension 'python'
[0.873s] Level 1:colcon.colcon_core.package_identification:_identify(src) by extensions ['python_setup_py']
[0.873s] Level 1:colcon.colcon_core.package_identification:_identify(src) by extension 'python_setup_py'
[0.873s] Level 1:colcon.colcon_core.package_identification:_identify(src/camera) by extensions ['ignore', 'ignore_ament_install']
[0.873s] Level 1:colcon.colcon_core.package_identification:_identify(src/camera) by extension 'ignore'
[0.873s] Level 1:colcon.colcon_core.package_identification:_identify(src/camera) by extension 'ignore_ament_install'
[0.873s] Level 1:colcon.colcon_core.package_identification:_identify(src/camera) by extensions ['colcon_pkg']
[0.873s] Level 1:colcon.colcon_core.package_identification:_identify(src/camera) by extension 'colcon_pkg'
[0.873s] Level 1:colcon.colcon_core.package_identification:_identify(src/camera) by extensions ['colcon_meta']
[0.873s] Level 1:colcon.colcon_core.package_identification:_identify(src/camera) by extension 'colcon_meta'
[0.873s] Level 1:colcon.colcon_core.package_identification:_identify(src/camera) by extensions ['ros']
[0.873s] Level 1:colcon.colcon_core.package_identification:_identify(src/camera) by extension 'ros'
[0.875s] DEBUG:colcon.colcon_core.package_identification:Package 'src/camera' with type 'ros.ament_python' and name 'camera'
[0.875s] Level 1:colcon.colcon_core.package_identification:_identify(src/image_common) by extensions ['ignore', 'ignore_ament_install']
[0.875s] Level 1:colcon.colcon_core.package_identification:_identify(src/image_common) by extension 'ignore'
[0.875s] Level 1:colcon.colcon_core.package_identification:_identify(src/image_common) by extension 'ignore_ament_install'
[0.875s] Level 1:colcon.colcon_core.package_identification:_identify(src/image_common) by extensions ['colcon_pkg']
[0.875s] Level 1:colcon.colcon_core.package_identification:_identify(src/image_common) by extension 'colcon_pkg'
[0.875s] Level 1:colcon.colcon_core.package_identification:_identify(src/image_common) by extensions ['colcon_meta']
[0.875s] Level 1:colcon.colcon_core.package_identification:_identify(src/image_common) by extension 'colcon_meta'
[0.875s] Level 1:colcon.colcon_core.package_identification:_identify(src/image_common) by extensions ['ros']
[0.875s] Level 1:colcon.colcon_core.package_identification:_identify(src/image_common) by extension 'ros'
[0.875s] Level 1:colcon.colcon_core.package_identification:_identify(src/image_common) by extensions ['cmake', 'python']
[0.875s] Level 1:colcon.colcon_core.package_identification:_identify(src/image_common) by extension 'cmake'
[0.875s] Level 1:colcon.colcon_core.package_identification:_identify(src/image_common) by extension 'python'
[0.875s] Level 1:colcon.colcon_core.package_identification:_identify(src/image_common) by extensions ['python_setup_py']
[0.875s] Level 1:colcon.colcon_core.package_identification:_identify(src/image_common) by extension 'python_setup_py'
[0.875s] Level 1:colcon.colcon_core.package_identification:_identify(src/image_common/camera_calibration_parsers) by extensions ['ignore', 'ignore_ament_install']
[0.875s] Level 1:colcon.colcon_core.package_identification:_identify(src/image_common/camera_calibration_parsers) by extension 'ignore'
[0.875s] Level 1:colcon.colcon_core.package_identification:_identify(src/image_common/camera_calibration_parsers) by extension 'ignore_ament_install'
[0.875s] Level 1:colcon.colcon_core.package_identification:_identify(src/image_common/camera_calibration_parsers) by extensions ['colcon_pkg']
[0.875s] Level 1:colcon.colcon_core.package_identification:_identify(src/image_common/camera_calibration_parsers) by extension 'colcon_pkg'
[0.875s] Level 1:colcon.colcon_core.package_identification:_identify(src/image_common/camera_calibration_parsers) by extensions ['colcon_meta']
[0.875s] Level 1:colcon.colcon_core.package_identification:_identify(src/image_common/camera_calibration_parsers) by extension 'colcon_meta'
[0.875s] Level 1:colcon.colcon_core.package_identification:_identify(src/image_common/camera_calibration_parsers) by extensions ['ros']
[0.875s] Level 1:colcon.colcon_core.package_identification:_identify(src/image_common/camera_calibration_parsers) by extension 'ros'
[0.876s] DEBUG:colcon.colcon_core.package_identification:Package 'src/image_common/camera_calibration_parsers' with type 'ros.ament_cmake' and name 'camera_calibration_parsers'
[0.876s] Level 1:colcon.colcon_core.package_identification:_identify(src/image_common/camera_info_manager) by extensions ['ignore', 'ignore_ament_install']
[0.876s] Level 1:colcon.colcon_core.package_identification:_identify(src/image_common/camera_info_manager) by extension 'ignore'
[0.876s] Level 1:colcon.colcon_core.package_identification:_identify(src/image_common/camera_info_manager) by extension 'ignore_ament_install'
[0.876s] Level 1:colcon.colcon_core.package_identification:_identify(src/image_common/camera_info_manager) by extensions ['colcon_pkg']
[0.876s] Level 1:colcon.colcon_core.package_identification:_identify(src/image_common/camera_info_manager) by extension 'colcon_pkg'
[0.876s] Level 1:colcon.colcon_core.package_identification:_identify(src/image_common/camera_info_manager) by extensions ['colcon_meta']
[0.876s] Level 1:colcon.colcon_core.package_identification:_identify(src/image_common/camera_info_manager) by extension 'colcon_meta'
[0.876s] Level 1:colcon.colcon_core.package_identification:_identify(src/image_common/camera_info_manager) by extensions ['ros']
[0.876s] Level 1:colcon.colcon_core.package_identification:_identify(src/image_common/camera_info_manager) by extension 'ros'
[0.877s] DEBUG:colcon.colcon_core.package_identification:Package 'src/image_common/camera_info_manager' with type 'ros.ament_cmake' and name 'camera_info_manager'
[0.877s] Level 1:colcon.colcon_core.package_identification:_identify(src/image_common/image_common) by extensions ['ignore', 'ignore_ament_install']
[0.877s] Level 1:colcon.colcon_core.package_identification:_identify(src/image_common/image_common) by extension 'ignore'
[0.877s] Level 1:colcon.colcon_core.package_identification:_identify(src/image_common/image_common) by extension 'ignore_ament_install'
[0.877s] Level 1:colcon.colcon_core.package_identification:_identify(src/image_common/image_common) by extensions ['colcon_pkg']
[0.877s] Level 1:colcon.colcon_core.package_identification:_identify(src/image_common/image_common) by extension 'colcon_pkg'
[0.877s] Level 1:colcon.colcon_core.package_identification:_identify(src/image_common/image_common) by extensions ['colcon_meta']
[0.877s] Level 1:colcon.colcon_core.package_identification:_identify(src/image_common/image_common) by extension 'colcon_meta'
[0.877s] Level 1:colcon.colcon_core.package_identification:_identify(src/image_common/image_common) by extensions ['ros']
[0.877s] Level 1:colcon.colcon_core.package_identification:_identify(src/image_common/image_common) by extension 'ros'
[0.877s] DEBUG:colcon.colcon_core.package_identification:Package 'src/image_common/image_common' with type 'ros.ament_cmake' and name 'image_common'
[0.877s] Level 1:colcon.colcon_core.package_identification:_identify(src/image_common/image_transport) by extensions ['ignore', 'ignore_ament_install']
[0.878s] Level 1:colcon.colcon_core.package_identification:_identify(src/image_common/image_transport) by extension 'ignore'
[0.878s] Level 1:colcon.colcon_core.package_identification:_identify(src/image_common/image_transport) by extension 'ignore_ament_install'
[0.878s] Level 1:colcon.colcon_core.package_identification:_identify(src/image_common/image_transport) by extensions ['colcon_pkg']
[0.878s] Level 1:colcon.colcon_core.package_identification:_identify(src/image_common/image_transport) by extension 'colcon_pkg'
[0.878s] Level 1:colcon.colcon_core.package_identification:_identify(src/image_common/image_transport) by extensions ['colcon_meta']
[0.878s] Level 1:colcon.colcon_core.package_identification:_identify(src/image_common/image_transport) by extension 'colcon_meta'
[0.878s] Level 1:colcon.colcon_core.package_identification:_identify(src/image_common/image_transport) by extensions ['ros']
[0.878s] Level 1:colcon.colcon_core.package_identification:_identify(src/image_common/image_transport) by extension 'ros'
[0.878s] DEBUG:colcon.colcon_core.package_identification:Package 'src/image_common/image_transport' with type 'ros.ament_cmake' and name 'image_transport'
[0.878s] Level 1:colcon.colcon_core.package_identification:_identify(src/image_common/polled_camera) by extensions ['ignore', 'ignore_ament_install']
[0.878s] Level 1:colcon.colcon_core.package_identification:_identify(src/image_common/polled_camera) by extension 'ignore'
[0.878s] Level 1:colcon.colcon_core.package_identification:_identify(src/image_common/polled_camera) ignored
[0.878s] Level 1:colcon.colcon_core.package_identification:_identify(src/image_transport_plugins) by extensions ['ignore', 'ignore_ament_install']
[0.878s] Level 1:colcon.colcon_core.package_identification:_identify(src/image_transport_plugins) by extension 'ignore'
[0.878s] Level 1:colcon.colcon_core.package_identification:_identify(src/image_transport_plugins) by extension 'ignore_ament_install'
[0.879s] Level 1:colcon.colcon_core.package_identification:_identify(src/image_transport_plugins) by extensions ['colcon_pkg']
[0.879s] Level 1:colcon.colcon_core.package_identification:_identify(src/image_transport_plugins) by extension 'colcon_pkg'
[0.879s] Level 1:colcon.colcon_core.package_identification:_identify(src/image_transport_plugins) by extensions ['colcon_meta']
[0.879s] Level 1:colcon.colcon_core.package_identification:_identify(src/image_transport_plugins) by extension 'colcon_meta'
[0.879s] Level 1:colcon.colcon_core.package_identification:_identify(src/image_transport_plugins) by extensions ['ros']
[0.879s] Level 1:colcon.colcon_core.package_identification:_identify(src/image_transport_plugins) by extension 'ros'
[0.879s] Level 1:colcon.colcon_core.package_identification:_identify(src/image_transport_plugins) by extensions ['cmake', 'python']
[0.879s] Level 1:colcon.colcon_core.package_identification:_identify(src/image_transport_plugins) by extension 'cmake'
[0.879s] Level 1:colcon.colcon_core.package_identification:_identify(src/image_transport_plugins) by extension 'python'
[0.879s] Level 1:colcon.colcon_core.package_identification:_identify(src/image_transport_plugins) by extensions ['python_setup_py']
[0.879s] Level 1:colcon.colcon_core.package_identification:_identify(src/image_transport_plugins) by extension 'python_setup_py'
[0.879s] Level 1:colcon.colcon_core.package_identification:_identify(src/image_transport_plugins/compressed_depth_image_transport) by extensions ['ignore', 'ignore_ament_install']
[0.879s] Level 1:colcon.colcon_core.package_identification:_identify(src/image_transport_plugins/compressed_depth_image_transport) by extension 'ignore'
[0.879s] Level 1:colcon.colcon_core.package_identification:_identify(src/image_transport_plugins/compressed_depth_image_transport) by extension 'ignore_ament_install'
[0.879s] Level 1:colcon.colcon_core.package_identification:_identify(src/image_transport_plugins/compressed_depth_image_transport) by extensions ['colcon_pkg']
[0.879s] Level 1:colcon.colcon_core.package_identification:_identify(src/image_transport_plugins/compressed_depth_image_transport) by extension 'colcon_pkg'
[0.879s] Level 1:colcon.colcon_core.package_identification:_identify(src/image_transport_plugins/compressed_depth_image_transport) by extensions ['colcon_meta']
[0.879s] Level 1:colcon.colcon_core.package_identification:_identify(src/image_transport_plugins/compressed_depth_image_transport) by extension 'colcon_meta'
[0.879s] Level 1:colcon.colcon_core.package_identification:_identify(src/image_transport_plugins/compressed_depth_image_transport) by extensions ['ros']
[0.879s] Level 1:colcon.colcon_core.package_identification:_identify(src/image_transport_plugins/compressed_depth_image_transport) by extension 'ros'
[0.879s] DEBUG:colcon.colcon_core.package_identification:Package 'src/image_transport_plugins/compressed_depth_image_transport' with type 'ros.ament_cmake' and name 'compressed_depth_image_transport'
[0.879s] Level 1:colcon.colcon_core.package_identification:_identify(src/image_transport_plugins/compressed_image_transport) by extensions ['ignore', 'ignore_ament_install']
[0.879s] Level 1:colcon.colcon_core.package_identification:_identify(src/image_transport_plugins/compressed_image_transport) by extension 'ignore'
[0.879s] Level 1:colcon.colcon_core.package_identification:_identify(src/image_transport_plugins/compressed_image_transport) by extension 'ignore_ament_install'
[0.880s] Level 1:colcon.colcon_core.package_identification:_identify(src/image_transport_plugins/compressed_image_transport) by extensions ['colcon_pkg']
[0.880s] Level 1:colcon.colcon_core.package_identification:_identify(src/image_transport_plugins/compressed_image_transport) by extension 'colcon_pkg'
[0.880s] Level 1:colcon.colcon_core.package_identification:_identify(src/image_transport_plugins/compressed_image_transport) by extensions ['colcon_meta']
[0.880s] Level 1:colcon.colcon_core.package_identification:_identify(src/image_transport_plugins/compressed_image_transport) by extension 'colcon_meta'
[0.880s] Level 1:colcon.colcon_core.package_identification:_identify(src/image_transport_plugins/compressed_image_transport) by extensions ['ros']
[0.880s] Level 1:colcon.colcon_core.package_identification:_identify(src/image_transport_plugins/compressed_image_transport) by extension 'ros'
[0.880s] DEBUG:colcon.colcon_core.package_identification:Package 'src/image_transport_plugins/compressed_image_transport' with type 'ros.ament_cmake' and name 'compressed_image_transport'
[0.880s] Level 1:colcon.colcon_core.package_identification:_identify(src/image_transport_plugins/image_transport_plugins) by extensions ['ignore', 'ignore_ament_install']
[0.880s] Level 1:colcon.colcon_core.package_identification:_identify(src/image_transport_plugins/image_transport_plugins) by extension 'ignore'
[0.880s] Level 1:colcon.colcon_core.package_identification:_identify(src/image_transport_plugins/image_transport_plugins) by extension 'ignore_ament_install'
[0.880s] Level 1:colcon.colcon_core.package_identification:_identify(src/image_transport_plugins/image_transport_plugins) by extensions ['colcon_pkg']
[0.880s] Level 1:colcon.colcon_core.package_identification:_identify(src/image_transport_plugins/image_transport_plugins) by extension 'colcon_pkg'
[0.880s] Level 1:colcon.colcon_core.package_identification:_identify(src/image_transport_plugins/image_transport_plugins) by extensions ['colcon_meta']
[0.880s] Level 1:colcon.colcon_core.package_identification:_identify(src/image_transport_plugins/image_transport_plugins) by extension 'colcon_meta'
[0.880s] Level 1:colcon.colcon_core.package_identification:_identify(src/image_transport_plugins/image_transport_plugins) by extensions ['ros']
[0.880s] Level 1:colcon.colcon_core.package_identification:_identify(src/image_transport_plugins/image_transport_plugins) by extension 'ros'
[0.881s] DEBUG:colcon.colcon_core.package_identification:Package 'src/image_transport_plugins/image_transport_plugins' with type 'ros.ament_cmake' and name 'image_transport_plugins'
[0.881s] Level 1:colcon.colcon_core.package_identification:_identify(src/image_transport_plugins/theora_image_transport) by extensions ['ignore', 'ignore_ament_install']
[0.881s] Level 1:colcon.colcon_core.package_identification:_identify(src/image_transport_plugins/theora_image_transport) by extension 'ignore'
[0.881s] Level 1:colcon.colcon_core.package_identification:_identify(src/image_transport_plugins/theora_image_transport) by extension 'ignore_ament_install'
[0.881s] Level 1:colcon.colcon_core.package_identification:_identify(src/image_transport_plugins/theora_image_transport) by extensions ['colcon_pkg']
[0.881s] Level 1:colcon.colcon_core.package_identification:_identify(src/image_transport_plugins/theora_image_transport) by extension 'colcon_pkg'
[0.881s] Level 1:colcon.colcon_core.package_identification:_identify(src/image_transport_plugins/theora_image_transport) by extensions ['colcon_meta']
[0.881s] Level 1:colcon.colcon_core.package_identification:_identify(src/image_transport_plugins/theora_image_transport) by extension 'colcon_meta'
[0.881s] Level 1:colcon.colcon_core.package_identification:_identify(src/image_transport_plugins/theora_image_transport) by extensions ['ros']
[0.881s] Level 1:colcon.colcon_core.package_identification:_identify(src/image_transport_plugins/theora_image_transport) by extension 'ros'
[0.882s] DEBUG:colcon.colcon_core.package_identification:Package 'src/image_transport_plugins/theora_image_transport' with type 'ros.ament_cmake' and name 'theora_image_transport'
[0.882s] Level 1:colcon.colcon_core.package_identification:_identify(src/ros2_v4l2_camera) by extensions ['ignore', 'ignore_ament_install']
[0.882s] Level 1:colcon.colcon_core.package_identification:_identify(src/ros2_v4l2_camera) by extension 'ignore'
[0.882s] Level 1:colcon.colcon_core.package_identification:_identify(src/ros2_v4l2_camera) by extension 'ignore_ament_install'
[0.882s] Level 1:colcon.colcon_core.package_identification:_identify(src/ros2_v4l2_camera) by extensions ['colcon_pkg']
[0.882s] Level 1:colcon.colcon_core.package_identification:_identify(src/ros2_v4l2_camera) by extension 'colcon_pkg'
[0.882s] Level 1:colcon.colcon_core.package_identification:_identify(src/ros2_v4l2_camera) by extensions ['colcon_meta']
[0.882s] Level 1:colcon.colcon_core.package_identification:_identify(src/ros2_v4l2_camera) by extension 'colcon_meta'
[0.882s] Level 1:colcon.colcon_core.package_identification:_identify(src/ros2_v4l2_camera) by extensions ['ros']
[0.882s] Level 1:colcon.colcon_core.package_identification:_identify(src/ros2_v4l2_camera) by extension 'ros'
[0.882s] DEBUG:colcon.colcon_core.package_identification:Package 'src/ros2_v4l2_camera' with type 'ros.ament_cmake' and name 'v4l2_camera'
[0.882s] Level 1:colcon.colcon_core.package_identification:_identify(src/vision_opencv) by extensions ['ignore', 'ignore_ament_install']
[0.882s] Level 1:colcon.colcon_core.package_identification:_identify(src/vision_opencv) by extension 'ignore'
[0.882s] Level 1:colcon.colcon_core.package_identification:_identify(src/vision_opencv) by extension 'ignore_ament_install'
[0.882s] Level 1:colcon.colcon_core.package_identification:_identify(src/vision_opencv) by extensions ['colcon_pkg']
[0.882s] Level 1:colcon.colcon_core.package_identification:_identify(src/vision_opencv) by extension 'colcon_pkg'
[0.883s] Level 1:colcon.colcon_core.package_identification:_identify(src/vision_opencv) by extensions ['colcon_meta']
[0.883s] Level 1:colcon.colcon_core.package_identification:_identify(src/vision_opencv) by extension 'colcon_meta'
[0.883s] Level 1:colcon.colcon_core.package_identification:_identify(src/vision_opencv) by extensions ['ros']
[0.883s] Level 1:colcon.colcon_core.package_identification:_identify(src/vision_opencv) by extension 'ros'
[0.883s] Level 1:colcon.colcon_core.package_identification:_identify(src/vision_opencv) by extensions ['cmake', 'python']
[0.883s] Level 1:colcon.colcon_core.package_identification:_identify(src/vision_opencv) by extension 'cmake'
[0.883s] Level 1:colcon.colcon_core.package_identification:_identify(src/vision_opencv) by extension 'python'
[0.883s] Level 1:colcon.colcon_core.package_identification:_identify(src/vision_opencv) by extensions ['python_setup_py']
[0.883s] Level 1:colcon.colcon_core.package_identification:_identify(src/vision_opencv) by extension 'python_setup_py'
[0.883s] Level 1:colcon.colcon_core.package_identification:_identify(src/vision_opencv/cv_bridge) by extensions ['ignore', 'ignore_ament_install']
[0.883s] Level 1:colcon.colcon_core.package_identification:_identify(src/vision_opencv/cv_bridge) by extension 'ignore'
[0.883s] Level 1:colcon.colcon_core.package_identification:_identify(src/vision_opencv/cv_bridge) by extension 'ignore_ament_install'
[0.883s] Level 1:colcon.colcon_core.package_identification:_identify(src/vision_opencv/cv_bridge) by extensions ['colcon_pkg']
[0.883s] Level 1:colcon.colcon_core.package_identification:_identify(src/vision_opencv/cv_bridge) by extension 'colcon_pkg'
[0.883s] Level 1:colcon.colcon_core.package_identification:_identify(src/vision_opencv/cv_bridge) by extensions ['colcon_meta']
[0.883s] Level 1:colcon.colcon_core.package_identification:_identify(src/vision_opencv/cv_bridge) by extension 'colcon_meta'
[0.883s] Level 1:colcon.colcon_core.package_identification:_identify(src/vision_opencv/cv_bridge) by extensions ['ros']
[0.883s] Level 1:colcon.colcon_core.package_identification:_identify(src/vision_opencv/cv_bridge) by extension 'ros'
[0.883s] DEBUG:colcon.colcon_core.package_identification:Package 'src/vision_opencv/cv_bridge' with type 'ros.ament_cmake' and name 'cv_bridge'
[0.884s] Level 1:colcon.colcon_core.package_identification:_identify(src/vision_opencv/image_geometry) by extensions ['ignore', 'ignore_ament_install']
[0.884s] Level 1:colcon.colcon_core.package_identification:_identify(src/vision_opencv/image_geometry) by extension 'ignore'
[0.884s] Level 1:colcon.colcon_core.package_identification:_identify(src/vision_opencv/image_geometry) by extension 'ignore_ament_install'
[0.884s] Level 1:colcon.colcon_core.package_identification:_identify(src/vision_opencv/image_geometry) by extensions ['colcon_pkg']
[0.884s] Level 1:colcon.colcon_core.package_identification:_identify(src/vision_opencv/image_geometry) by extension 'colcon_pkg'
[0.884s] Level 1:colcon.colcon_core.package_identification:_identify(src/vision_opencv/image_geometry) by extensions ['colcon_meta']
[0.884s] Level 1:colcon.colcon_core.package_identification:_identify(src/vision_opencv/image_geometry) by extension 'colcon_meta'
[0.884s] Level 1:colcon.colcon_core.package_identification:_identify(src/vision_opencv/image_geometry) by extensions ['ros']
[0.884s] Level 1:colcon.colcon_core.package_identification:_identify(src/vision_opencv/image_geometry) by extension 'ros'
[0.884s] DEBUG:colcon.colcon_core.package_identification:Package 'src/vision_opencv/image_geometry' with type 'ros.ament_cmake' and name 'image_geometry'
[0.884s] Level 1:colcon.colcon_core.package_identification:_identify(src/vision_opencv/opencv_tests) by extensions ['ignore', 'ignore_ament_install']
[0.884s] Level 1:colcon.colcon_core.package_identification:_identify(src/vision_opencv/opencv_tests) by extension 'ignore'
[0.884s] Level 1:colcon.colcon_core.package_identification:_identify(src/vision_opencv/opencv_tests) by extension 'ignore_ament_install'
[0.884s] Level 1:colcon.colcon_core.package_identification:_identify(src/vision_opencv/opencv_tests) by extensions ['colcon_pkg']
[0.884s] Level 1:colcon.colcon_core.package_identification:_identify(src/vision_opencv/opencv_tests) by extension 'colcon_pkg'
[0.884s] Level 1:colcon.colcon_core.package_identification:_identify(src/vision_opencv/opencv_tests) by extensions ['colcon_meta']
[0.884s] Level 1:colcon.colcon_core.package_identification:_identify(src/vision_opencv/opencv_tests) by extension 'colcon_meta'
[0.884s] Level 1:colcon.colcon_core.package_identification:_identify(src/vision_opencv/opencv_tests) by extensions ['ros']
[0.884s] Level 1:colcon.colcon_core.package_identification:_identify(src/vision_opencv/opencv_tests) by extension 'ros'
[0.885s] DEBUG:colcon.colcon_core.package_identification:Package 'src/vision_opencv/opencv_tests' with type 'ros.ament_python' and name 'opencv_tests'
[0.885s] Level 1:colcon.colcon_core.package_identification:_identify(src/vision_opencv/vision_opencv) by extensions ['ignore', 'ignore_ament_install']
[0.885s] Level 1:colcon.colcon_core.package_identification:_identify(src/vision_opencv/vision_opencv) by extension 'ignore'
[0.885s] Level 1:colcon.colcon_core.package_identification:_identify(src/vision_opencv/vision_opencv) by extension 'ignore_ament_install'
[0.885s] Level 1:colcon.colcon_core.package_identification:_identify(src/vision_opencv/vision_opencv) by extensions ['colcon_pkg']
[0.885s] Level 1:colcon.colcon_core.package_identification:_identify(src/vision_opencv/vision_opencv) by extension 'colcon_pkg'
[0.885s] Level 1:colcon.colcon_core.package_identification:_identify(src/vision_opencv/vision_opencv) by extensions ['colcon_meta']
[0.885s] Level 1:colcon.colcon_core.package_identification:_identify(src/vision_opencv/vision_opencv) by extension 'colcon_meta'
[0.885s] Level 1:colcon.colcon_core.package_identification:_identify(src/vision_opencv/vision_opencv) by extensions ['ros']
[0.885s] Level 1:colcon.colcon_core.package_identification:_identify(src/vision_opencv/vision_opencv) by extension 'ros'
[0.885s] DEBUG:colcon.colcon_core.package_identification:Package 'src/vision_opencv/vision_opencv' with type 'ros.ament_cmake' and name 'vision_opencv'
[0.885s] Level 1:colcon.colcon_core.package_discovery:discover_packages(recursive) using defaults
[0.885s] Level 1:colcon.colcon_core.package_discovery:discover_packages(ignore) discover
[0.885s] Level 1:colcon.colcon_core.package_discovery:discover_packages(ignore) using defaults
[0.885s] Level 1:colcon.colcon_core.package_discovery:discover_packages(path) discover
[0.885s] Level 1:colcon.colcon_core.package_discovery:discover_packages(path) using defaults
[0.929s] INFO:colcon.colcon_core.package_selection:Skipping package 'image_common' in 'src/image_common/image_common'
[0.929s] INFO:colcon.colcon_core.package_selection:Skipping package 'vision_opencv' in 'src/vision_opencv/vision_opencv'
[0.929s] INFO:colcon.colcon_core.package_selection:Skipping package 'opencv_tests' in 'src/vision_opencv/opencv_tests'
[0.929s] INFO:colcon.colcon_core.package_selection:Skipping package 'image_geometry' in 'src/vision_opencv/image_geometry'
[0.929s] INFO:colcon.colcon_core.package_selection:Skipping package 'camera' in 'src/camera'
[0.948s] Level 1:colcon.colcon_core.package_discovery:discover_packages(prefix_path) check parameters
[0.948s] Level 1:colcon.colcon_core.package_discovery:discover_packages(prefix_path) discover
[0.968s] DEBUG:colcon.colcon_installed_package_information.package_discovery:Found 14 installed packages in /home/shengbin/camera_ws/install
[0.978s] DEBUG:colcon.colcon_installed_package_information.package_discovery:Found 14 installed packages in /home/shengbin/hornet/install
[0.988s] DEBUG:colcon.colcon_installed_package_information.package_discovery:Found 343 installed packages in /opt/ros/humble
[0.990s] Level 1:colcon.colcon_core.package_discovery:discover_packages(prefix_path) using defaults
[1.043s] WARNING:colcon.colcon_core.package_selection:Some selected packages are already built in one or more underlay workspaces:
	'camera_info_manager' is in: /home/shengbin/camera_ws/install/camera_info_manager, /home/shengbin/hornet/install/camera_info_manager, /opt/ros/humble
	'image_transport' is in: /home/shengbin/camera_ws/install/image_transport, /home/shengbin/hornet/install/image_transport, /opt/ros/humble
	'image_transport_plugins' is in: /home/shengbin/camera_ws/install/image_transport_plugins, /home/shengbin/hornet/install/image_transport_plugins, /opt/ros/humble
	'compressed_image_transport' is in: /home/shengbin/hornet/install/compressed_image_transport, /home/shengbin/camera_ws/install/compressed_image_transport, /opt/ros/humble
	'camera_calibration_parsers' is in: /home/shengbin/hornet/install/camera_calibration_parsers, /home/shengbin/camera_ws/install/camera_calibration_parsers, /opt/ros/humble
	'cv_bridge' is in: /opt/ros/humble, /home/shengbin/camera_ws/install/cv_bridge, /home/shengbin/hornet/install/cv_bridge
If a package in a merged underlay workspace is overridden and it installs headers, then all packages in the overlay must sort their include directories by workspace order. Failure to do so may result in build failures or undefined behavior at run time.
If the overridden package is used by another package in any underlay, then the overriding package in the overlay must be API and ABI compatible or undefined behavior at run time may occur.

If you understand the risks and want to override a package anyways, add the following to the command line:
	--allow-overriding camera_calibration_parsers camera_info_manager compressed_image_transport cv_bridge image_transport image_transport_plugins

This may be promoted to an error in a future release of colcon-override-check.
[1.053s] Level 5:colcon.colcon_core.verb:set package 'camera_calibration_parsers' build argument 'cmake_args' from command line to 'None'
[1.054s] Level 5:colcon.colcon_core.verb:set package 'camera_calibration_parsers' build argument 'cmake_target' from command line to 'None'
[1.054s] Level 5:colcon.colcon_core.verb:set package 'camera_calibration_parsers' build argument 'cmake_target_skip_unavailable' from command line to 'False'
[1.054s] Level 5:colcon.colcon_core.verb:set package 'camera_calibration_parsers' build argument 'cmake_clean_cache' from command line to 'False'
[1.054s] Level 5:colcon.colcon_core.verb:set package 'camera_calibration_parsers' build argument 'cmake_clean_first' from command line to 'False'
[1.054s] Level 5:colcon.colcon_core.verb:set package 'camera_calibration_parsers' build argument 'cmake_force_configure' from command line to 'False'
[1.054s] Level 5:colcon.colcon_core.verb:set package 'camera_calibration_parsers' build argument 'ament_cmake_args' from command line to 'None'
[1.054s] Level 5:colcon.colcon_core.verb:set package 'camera_calibration_parsers' build argument 'catkin_cmake_args' from command line to 'None'
[1.054s] Level 5:colcon.colcon_core.verb:set package 'camera_calibration_parsers' build argument 'catkin_skip_building_tests' from command line to 'False'
[1.054s] DEBUG:colcon.colcon_core.verb:Building package 'camera_calibration_parsers' with the following arguments: {'ament_cmake_args': None, 'build_base': '/home/shengbin/camera_ws/build/camera_calibration_parsers', 'catkin_cmake_args': None, 'catkin_skip_building_tests': False, 'cmake_args': None, 'cmake_clean_cache': False, 'cmake_clean_first': False, 'cmake_force_configure': False, 'cmake_target': None, 'cmake_target_skip_unavailable': False, 'install_base': '/home/shengbin/camera_ws/install/camera_calibration_parsers', 'merge_install': False, 'path': '/home/shengbin/camera_ws/src/image_common/camera_calibration_parsers', 'symlink_install': False, 'test_result_base': None}
[1.063s] Level 5:colcon.colcon_core.verb:set package 'cv_bridge' build argument 'cmake_args' from command line to 'None'
[1.063s] Level 5:colcon.colcon_core.verb:set package 'cv_bridge' build argument 'cmake_target' from command line to 'None'
[1.063s] Level 5:colcon.colcon_core.verb:set package 'cv_bridge' build argument 'cmake_target_skip_unavailable' from command line to 'False'
[1.063s] Level 5:colcon.colcon_core.verb:set package 'cv_bridge' build argument 'cmake_clean_cache' from command line to 'False'
[1.063s] Level 5:colcon.colcon_core.verb:set package 'cv_bridge' build argument 'cmake_clean_first' from command line to 'False'
[1.063s] Level 5:colcon.colcon_core.verb:set package 'cv_bridge' build argument 'cmake_force_configure' from command line to 'False'
[1.063s] Level 5:colcon.colcon_core.verb:set package 'cv_bridge' build argument 'ament_cmake_args' from command line to 'None'
[1.063s] Level 5:colcon.colcon_core.verb:set package 'cv_bridge' build argument 'catkin_cmake_args' from command line to 'None'
[1.063s] Level 5:colcon.colcon_core.verb:set package 'cv_bridge' build argument 'catkin_skip_building_tests' from command line to 'False'
[1.063s] DEBUG:colcon.colcon_core.verb:Building package 'cv_bridge' with the following arguments: {'ament_cmake_args': None, 'build_base': '/home/shengbin/camera_ws/build/cv_bridge', 'catkin_cmake_args': None, 'catkin_skip_building_tests': False, 'cmake_args': None, 'cmake_clean_cache': False, 'cmake_clean_first': False, 'cmake_force_configure': False, 'cmake_target': None, 'cmake_target_skip_unavailable': False, 'install_base': '/home/shengbin/camera_ws/install/cv_bridge', 'merge_install': False, 'path': '/home/shengbin/camera_ws/src/vision_opencv/cv_bridge', 'symlink_install': False, 'test_result_base': None}
[1.073s] Level 5:colcon.colcon_core.verb:set package 'image_transport' build argument 'cmake_args' from command line to 'None'
[1.073s] Level 5:colcon.colcon_core.verb:set package 'image_transport' build argument 'cmake_target' from command line to 'None'
[1.073s] Level 5:colcon.colcon_core.verb:set package 'image_transport' build argument 'cmake_target_skip_unavailable' from command line to 'False'
[1.073s] Level 5:colcon.colcon_core.verb:set package 'image_transport' build argument 'cmake_clean_cache' from command line to 'False'
[1.073s] Level 5:colcon.colcon_core.verb:set package 'image_transport' build argument 'cmake_clean_first' from command line to 'False'
[1.073s] Level 5:colcon.colcon_core.verb:set package 'image_transport' build argument 'cmake_force_configure' from command line to 'False'
[1.073s] Level 5:colcon.colcon_core.verb:set package 'image_transport' build argument 'ament_cmake_args' from command line to 'None'
[1.073s] Level 5:colcon.colcon_core.verb:set package 'image_transport' build argument 'catkin_cmake_args' from command line to 'None'
[1.073s] Level 5:colcon.colcon_core.verb:set package 'image_transport' build argument 'catkin_skip_building_tests' from command line to 'False'
[1.073s] DEBUG:colcon.colcon_core.verb:Building package 'image_transport' with the following arguments: {'ament_cmake_args': None, 'build_base': '/home/shengbin/camera_ws/build/image_transport', 'catkin_cmake_args': None, 'catkin_skip_building_tests': False, 'cmake_args': None, 'cmake_clean_cache': False, 'cmake_clean_first': False, 'cmake_force_configure': False, 'cmake_target': None, 'cmake_target_skip_unavailable': False, 'install_base': '/home/shengbin/camera_ws/install/image_transport', 'merge_install': False, 'path': '/home/shengbin/camera_ws/src/image_common/image_transport', 'symlink_install': False, 'test_result_base': None}
[1.083s] Level 5:colcon.colcon_core.verb:set package 'camera_info_manager' build argument 'cmake_args' from command line to 'None'
[1.083s] Level 5:colcon.colcon_core.verb:set package 'camera_info_manager' build argument 'cmake_target' from command line to 'None'
[1.083s] Level 5:colcon.colcon_core.verb:set package 'camera_info_manager' build argument 'cmake_target_skip_unavailable' from command line to 'False'
[1.083s] Level 5:colcon.colcon_core.verb:set package 'camera_info_manager' build argument 'cmake_clean_cache' from command line to 'False'
[1.083s] Level 5:colcon.colcon_core.verb:set package 'camera_info_manager' build argument 'cmake_clean_first' from command line to 'False'
[1.083s] Level 5:colcon.colcon_core.verb:set package 'camera_info_manager' build argument 'cmake_force_configure' from command line to 'False'
[1.083s] Level 5:colcon.colcon_core.verb:set package 'camera_info_manager' build argument 'ament_cmake_args' from command line to 'None'
[1.083s] Level 5:colcon.colcon_core.verb:set package 'camera_info_manager' build argument 'catkin_cmake_args' from command line to 'None'
[1.083s] Level 5:colcon.colcon_core.verb:set package 'camera_info_manager' build argument 'catkin_skip_building_tests' from command line to 'False'
[1.083s] DEBUG:colcon.colcon_core.verb:Building package 'camera_info_manager' with the following arguments: {'ament_cmake_args': None, 'build_base': '/home/shengbin/camera_ws/build/camera_info_manager', 'catkin_cmake_args': None, 'catkin_skip_building_tests': False, 'cmake_args': None, 'cmake_clean_cache': False, 'cmake_clean_first': False, 'cmake_force_configure': False, 'cmake_target': None, 'cmake_target_skip_unavailable': False, 'install_base': '/home/shengbin/camera_ws/install/camera_info_manager', 'merge_install': False, 'path': '/home/shengbin/camera_ws/src/image_common/camera_info_manager', 'symlink_install': False, 'test_result_base': None}
[1.093s] Level 5:colcon.colcon_core.verb:set package 'compressed_depth_image_transport' build argument 'cmake_args' from command line to 'None'
[1.093s] Level 5:colcon.colcon_core.verb:set package 'compressed_depth_image_transport' build argument 'cmake_target' from command line to 'None'
[1.093s] Level 5:colcon.colcon_core.verb:set package 'compressed_depth_image_transport' build argument 'cmake_target_skip_unavailable' from command line to 'False'
[1.093s] Level 5:colcon.colcon_core.verb:set package 'compressed_depth_image_transport' build argument 'cmake_clean_cache' from command line to 'False'
[1.093s] Level 5:colcon.colcon_core.verb:set package 'compressed_depth_image_transport' build argument 'cmake_clean_first' from command line to 'False'
[1.093s] Level 5:colcon.colcon_core.verb:set package 'compressed_depth_image_transport' build argument 'cmake_force_configure' from command line to 'False'
[1.093s] Level 5:colcon.colcon_core.verb:set package 'compressed_depth_image_transport' build argument 'ament_cmake_args' from command line to 'None'
[1.093s] Level 5:colcon.colcon_core.verb:set package 'compressed_depth_image_transport' build argument 'catkin_cmake_args' from command line to 'None'
[1.093s] Level 5:colcon.colcon_core.verb:set package 'compressed_depth_image_transport' build argument 'catkin_skip_building_tests' from command line to 'False'
[1.093s] DEBUG:colcon.colcon_core.verb:Building package 'compressed_depth_image_transport' with the following arguments: {'ament_cmake_args': None, 'build_base': '/home/shengbin/camera_ws/build/compressed_depth_image_transport', 'catkin_cmake_args': None, 'catkin_skip_building_tests': False, 'cmake_args': None, 'cmake_clean_cache': False, 'cmake_clean_first': False, 'cmake_force_configure': False, 'cmake_target': None, 'cmake_target_skip_unavailable': False, 'install_base': '/home/shengbin/camera_ws/install/compressed_depth_image_transport', 'merge_install': False, 'path': '/home/shengbin/camera_ws/src/image_transport_plugins/compressed_depth_image_transport', 'symlink_install': False, 'test_result_base': None}
[1.102s] Level 5:colcon.colcon_core.verb:set package 'compressed_image_transport' build argument 'cmake_args' from command line to 'None'
[1.102s] Level 5:colcon.colcon_core.verb:set package 'compressed_image_transport' build argument 'cmake_target' from command line to 'None'
[1.102s] Level 5:colcon.colcon_core.verb:set package 'compressed_image_transport' build argument 'cmake_target_skip_unavailable' from command line to 'False'
[1.102s] Level 5:colcon.colcon_core.verb:set package 'compressed_image_transport' build argument 'cmake_clean_cache' from command line to 'False'
[1.102s] Level 5:colcon.colcon_core.verb:set package 'compressed_image_transport' build argument 'cmake_clean_first' from command line to 'False'
[1.102s] Level 5:colcon.colcon_core.verb:set package 'compressed_image_transport' build argument 'cmake_force_configure' from command line to 'False'
[1.102s] Level 5:colcon.colcon_core.verb:set package 'compressed_image_transport' build argument 'ament_cmake_args' from command line to 'None'
[1.102s] Level 5:colcon.colcon_core.verb:set package 'compressed_image_transport' build argument 'catkin_cmake_args' from command line to 'None'
[1.102s] Level 5:colcon.colcon_core.verb:set package 'compressed_image_transport' build argument 'catkin_skip_building_tests' from command line to 'False'
[1.102s] DEBUG:colcon.colcon_core.verb:Building package 'compressed_image_transport' with the following arguments: {'ament_cmake_args': None, 'build_base': '/home/shengbin/camera_ws/build/compressed_image_transport', 'catkin_cmake_args': None, 'catkin_skip_building_tests': False, 'cmake_args': None, 'cmake_clean_cache': False, 'cmake_clean_first': False, 'cmake_force_configure': False, 'cmake_target': None, 'cmake_target_skip_unavailable': False, 'install_base': '/home/shengbin/camera_ws/install/compressed_image_transport', 'merge_install': False, 'path': '/home/shengbin/camera_ws/src/image_transport_plugins/compressed_image_transport', 'symlink_install': False, 'test_result_base': None}
[1.112s] Level 5:colcon.colcon_core.verb:set package 'theora_image_transport' build argument 'cmake_args' from command line to 'None'
[1.112s] Level 5:colcon.colcon_core.verb:set package 'theora_image_transport' build argument 'cmake_target' from command line to 'None'
[1.112s] Level 5:colcon.colcon_core.verb:set package 'theora_image_transport' build argument 'cmake_target_skip_unavailable' from command line to 'False'
[1.112s] Level 5:colcon.colcon_core.verb:set package 'theora_image_transport' build argument 'cmake_clean_cache' from command line to 'False'
[1.112s] Level 5:colcon.colcon_core.verb:set package 'theora_image_transport' build argument 'cmake_clean_first' from command line to 'False'
[1.112s] Level 5:colcon.colcon_core.verb:set package 'theora_image_transport' build argument 'cmake_force_configure' from command line to 'False'
[1.112s] Level 5:colcon.colcon_core.verb:set package 'theora_image_transport' build argument 'ament_cmake_args' from command line to 'None'
[1.112s] Level 5:colcon.colcon_core.verb:set package 'theora_image_transport' build argument 'catkin_cmake_args' from command line to 'None'
[1.112s] Level 5:colcon.colcon_core.verb:set package 'theora_image_transport' build argument 'catkin_skip_building_tests' from command line to 'False'
[1.112s] DEBUG:colcon.colcon_core.verb:Building package 'theora_image_transport' with the following arguments: {'ament_cmake_args': None, 'build_base': '/home/shengbin/camera_ws/build/theora_image_transport', 'catkin_cmake_args': None, 'catkin_skip_building_tests': False, 'cmake_args': None, 'cmake_clean_cache': False, 'cmake_clean_first': False, 'cmake_force_configure': False, 'cmake_target': None, 'cmake_target_skip_unavailable': False, 'install_base': '/home/shengbin/camera_ws/install/theora_image_transport', 'merge_install': False, 'path': '/home/shengbin/camera_ws/src/image_transport_plugins/theora_image_transport', 'symlink_install': False, 'test_result_base': None}
[1.121s] Level 5:colcon.colcon_core.verb:set package 'image_transport_plugins' build argument 'cmake_args' from command line to 'None'
[1.122s] Level 5:colcon.colcon_core.verb:set package 'image_transport_plugins' build argument 'cmake_target' from command line to 'None'
[1.122s] Level 5:colcon.colcon_core.verb:set package 'image_transport_plugins' build argument 'cmake_target_skip_unavailable' from command line to 'False'
[1.122s] Level 5:colcon.colcon_core.verb:set package 'image_transport_plugins' build argument 'cmake_clean_cache' from command line to 'False'
[1.122s] Level 5:colcon.colcon_core.verb:set package 'image_transport_plugins' build argument 'cmake_clean_first' from command line to 'False'
[1.122s] Level 5:colcon.colcon_core.verb:set package 'image_transport_plugins' build argument 'cmake_force_configure' from command line to 'False'
[1.122s] Level 5:colcon.colcon_core.verb:set package 'image_transport_plugins' build argument 'ament_cmake_args' from command line to 'None'
[1.122s] Level 5:colcon.colcon_core.verb:set package 'image_transport_plugins' build argument 'catkin_cmake_args' from command line to 'None'
[1.122s] Level 5:colcon.colcon_core.verb:set package 'image_transport_plugins' build argument 'catkin_skip_building_tests' from command line to 'False'
[1.122s] DEBUG:colcon.colcon_core.verb:Building package 'image_transport_plugins' with the following arguments: {'ament_cmake_args': None, 'build_base': '/home/shengbin/camera_ws/build/image_transport_plugins', 'catkin_cmake_args': None, 'catkin_skip_building_tests': False, 'cmake_args': None, 'cmake_clean_cache': False, 'cmake_clean_first': False, 'cmake_force_configure': False, 'cmake_target': None, 'cmake_target_skip_unavailable': False, 'install_base': '/home/shengbin/camera_ws/install/image_transport_plugins', 'merge_install': False, 'path': '/home/shengbin/camera_ws/src/image_transport_plugins/image_transport_plugins', 'symlink_install': False, 'test_result_base': None}
[1.131s] Level 5:colcon.colcon_core.verb:set package 'v4l2_camera' build argument 'cmake_args' from command line to 'None'
[1.131s] Level 5:colcon.colcon_core.verb:set package 'v4l2_camera' build argument 'cmake_target' from command line to 'None'
[1.131s] Level 5:colcon.colcon_core.verb:set package 'v4l2_camera' build argument 'cmake_target_skip_unavailable' from command line to 'False'
[1.131s] Level 5:colcon.colcon_core.verb:set package 'v4l2_camera' build argument 'cmake_clean_cache' from command line to 'False'
[1.131s] Level 5:colcon.colcon_core.verb:set package 'v4l2_camera' build argument 'cmake_clean_first' from command line to 'False'
[1.131s] Level 5:colcon.colcon_core.verb:set package 'v4l2_camera' build argument 'cmake_force_configure' from command line to 'False'
[1.131s] Level 5:colcon.colcon_core.verb:set package 'v4l2_camera' build argument 'ament_cmake_args' from command line to 'None'
[1.131s] Level 5:colcon.colcon_core.verb:set package 'v4l2_camera' build argument 'catkin_cmake_args' from command line to 'None'
[1.131s] Level 5:colcon.colcon_core.verb:set package 'v4l2_camera' build argument 'catkin_skip_building_tests' from command line to 'False'
[1.131s] DEBUG:colcon.colcon_core.verb:Building package 'v4l2_camera' with the following arguments: {'ament_cmake_args': None, 'build_base': '/home/shengbin/camera_ws/build/v4l2_camera', 'catkin_cmake_args': None, 'catkin_skip_building_tests': False, 'cmake_args': None, 'cmake_clean_cache': False, 'cmake_clean_first': False, 'cmake_force_configure': False, 'cmake_target': None, 'cmake_target_skip_unavailable': False, 'install_base': '/home/shengbin/camera_ws/install/v4l2_camera', 'merge_install': False, 'path': '/home/shengbin/camera_ws/src/ros2_v4l2_camera', 'symlink_install': False, 'test_result_base': None}
[1.141s] INFO:colcon.colcon_core.executor:Executing jobs using 'parallel' executor
[1.151s] DEBUG:colcon.colcon_parallel_executor.executor.parallel:run_until_complete
[1.151s] INFO:colcon.colcon_ros.task.ament_cmake.build:Building ROS package in '/home/shengbin/camera_ws/src/vision_opencv/cv_bridge' with build type 'ament_cmake'
[1.151s] INFO:colcon.colcon_cmake.task.cmake.build:Building CMake package in '/home/shengbin/camera_ws/src/vision_opencv/cv_bridge'
[1.162s] INFO:colcon.colcon_core.plugin_system:Skipping extension 'colcon_core.shell.bat': Not used on non-Windows systems
[1.163s] INFO:colcon.colcon_core.shell:Skip shell extension 'powershell' for command environment: Not usable outside of PowerShell
[1.163s] DEBUG:colcon.colcon_core.shell:Skip shell extension 'dsv' for command environment
[1.203s] INFO:colcon.colcon_ros.task.ament_cmake.build:Building ROS package in '/home/shengbin/camera_ws/src/image_common/image_transport' with build type 'ament_cmake'
[1.204s] INFO:colcon.colcon_cmake.task.cmake.build:Building CMake package in '/home/shengbin/camera_ws/src/image_common/image_transport'
[1.214s] INFO:colcon.colcon_core.shell:Skip shell extension 'powershell' for command environment: Not usable outside of PowerShell
[1.214s] DEBUG:colcon.colcon_core.shell:Skip shell extension 'dsv' for command environment
[1.254s] INFO:colcon.colcon_ros.task.ament_cmake.build:Building ROS package in '/home/shengbin/camera_ws/src/image_common/camera_calibration_parsers' with build type 'ament_cmake'
[1.254s] INFO:colcon.colcon_cmake.task.cmake.build:Building CMake package in '/home/shengbin/camera_ws/src/image_common/camera_calibration_parsers'
[1.264s] INFO:colcon.colcon_core.shell:Skip shell extension 'powershell' for command environment: Not usable outside of PowerShell
[1.264s] DEBUG:colcon.colcon_core.shell:Skip shell extension 'dsv' for command environment
[1.319s] DEBUG:colcon.colcon_core.event_handler.log_command:Invoking command in '/home/shengbin/camera_ws/build/cv_bridge': CMAKE_PREFIX_PATH=${CMAKE_PREFIX_PATH}:/home/shengbin/camera_ws/install/opencv_tests:/home/shengbin/camera_ws/install/camera:/home/shengbin/hornet/install/opencv_tests:/opt/ros/humble /usr/bin/cmake --build /home/shengbin/camera_ws/build/cv_bridge -- -j16 -l16
[1.324s] DEBUG:colcon.colcon_core.event_handler.log_command:Invoking command in '/home/shengbin/camera_ws/build/image_transport': CMAKE_PREFIX_PATH=${CMAKE_PREFIX_PATH}:/home/shengbin/camera_ws/install/opencv_tests:/home/shengbin/camera_ws/install/camera:/home/shengbin/hornet/install/opencv_tests:/opt/ros/humble /usr/bin/cmake --build /home/shengbin/camera_ws/build/image_transport -- -j16 -l16
[1.326s] DEBUG:colcon.colcon_core.event_handler.log_command:Invoking command in '/home/shengbin/camera_ws/build/camera_calibration_parsers': CMAKE_PREFIX_PATH=${CMAKE_PREFIX_PATH}:/home/shengbin/camera_ws/install/opencv_tests:/home/shengbin/camera_ws/install/camera:/home/shengbin/hornet/install/opencv_tests:/opt/ros/humble /usr/bin/cmake --build /home/shengbin/camera_ws/build/camera_calibration_parsers -- -j16 -l16
[6.082s] DEBUG:colcon.colcon_core.event_handler.log_command:Invoked command in '/home/shengbin/camera_ws/build/camera_calibration_parsers' returned '0': CMAKE_PREFIX_PATH=${CMAKE_PREFIX_PATH}:/home/shengbin/camera_ws/install/opencv_tests:/home/shengbin/camera_ws/install/camera:/home/shengbin/hornet/install/opencv_tests:/opt/ros/humble /usr/bin/cmake --build /home/shengbin/camera_ws/build/camera_calibration_parsers -- -j16 -l16
[6.155s] DEBUG:colcon.colcon_core.event_handler.log_command:Invoking command in '/home/shengbin/camera_ws/build/camera_calibration_parsers': CMAKE_PREFIX_PATH=${CMAKE_PREFIX_PATH}:/home/shengbin/camera_ws/install/opencv_tests:/home/shengbin/camera_ws/install/camera:/home/shengbin/hornet/install/opencv_tests:/opt/ros/humble /usr/bin/cmake --install /home/shengbin/camera_ws/build/camera_calibration_parsers
[6.408s] Level 1:colcon.colcon_core.environment:create_environment_scripts_only(camera_calibration_parsers)
[6.409s] DEBUG:colcon.colcon_core.event_handler.log_command:Invoked command in '/home/shengbin/camera_ws/build/camera_calibration_parsers' returned '0': CMAKE_PREFIX_PATH=${CMAKE_PREFIX_PATH}:/home/shengbin/camera_ws/install/opencv_tests:/home/shengbin/camera_ws/install/camera:/home/shengbin/hornet/install/opencv_tests:/opt/ros/humble /usr/bin/cmake --install /home/shengbin/camera_ws/build/camera_calibration_parsers
[6.424s] Level 1:colcon.colcon_core.environment:checking '/home/shengbin/camera_ws/install/camera_calibration_parsers' for CMake module files
[6.425s] Level 1:colcon.colcon_core.environment:checking '/home/shengbin/camera_ws/install/camera_calibration_parsers' for CMake config files
[6.425s] Level 1:colcon.colcon_core.shell:create_environment_hook('camera_calibration_parsers', 'cmake_prefix_path')
[6.435s] INFO:colcon.colcon_core.shell:Creating environment hook '/home/shengbin/camera_ws/install/camera_calibration_parsers/share/camera_calibration_parsers/hook/cmake_prefix_path.ps1'
[6.436s] INFO:colcon.colcon_core.shell:Creating environment descriptor '/home/shengbin/camera_ws/install/camera_calibration_parsers/share/camera_calibration_parsers/hook/cmake_prefix_path.dsv'
[6.436s] INFO:colcon.colcon_core.shell:Creating environment hook '/home/shengbin/camera_ws/install/camera_calibration_parsers/share/camera_calibration_parsers/hook/cmake_prefix_path.sh'
[6.437s] Level 1:colcon.colcon_core.environment:checking '/home/shengbin/camera_ws/install/camera_calibration_parsers/lib'
[6.437s] Level 1:colcon.colcon_core.shell:create_environment_hook('camera_calibration_parsers', 'ld_library_path_lib')
[6.446s] INFO:colcon.colcon_core.shell:Creating environment hook '/home/shengbin/camera_ws/install/camera_calibration_parsers/share/camera_calibration_parsers/hook/ld_library_path_lib.ps1'
[6.447s] INFO:colcon.colcon_core.shell:Creating environment descriptor '/home/shengbin/camera_ws/install/camera_calibration_parsers/share/camera_calibration_parsers/hook/ld_library_path_lib.dsv'
[6.447s] INFO:colcon.colcon_core.shell:Creating environment hook '/home/shengbin/camera_ws/install/camera_calibration_parsers/share/camera_calibration_parsers/hook/ld_library_path_lib.sh'
[6.447s] Level 1:colcon.colcon_core.environment:checking '/home/shengbin/camera_ws/install/camera_calibration_parsers/bin'
[6.447s] Level 1:colcon.colcon_core.environment:checking '/home/shengbin/camera_ws/install/camera_calibration_parsers/lib/pkgconfig/camera_calibration_parsers.pc'
[6.447s] Level 1:colcon.colcon_core.environment:checking '/home/shengbin/camera_ws/install/camera_calibration_parsers/lib/python3.10/site-packages'
[6.447s] Level 1:colcon.colcon_core.environment:checking '/home/shengbin/camera_ws/install/camera_calibration_parsers/bin'
[6.457s] INFO:colcon.colcon_core.shell:Creating package script '/home/shengbin/camera_ws/install/camera_calibration_parsers/share/camera_calibration_parsers/package.ps1'
[6.458s] INFO:colcon.colcon_core.shell:Creating package descriptor '/home/shengbin/camera_ws/install/camera_calibration_parsers/share/camera_calibration_parsers/package.dsv'
[6.458s] INFO:colcon.colcon_core.shell:Creating package script '/home/shengbin/camera_ws/install/camera_calibration_parsers/share/camera_calibration_parsers/package.sh'
[6.459s] INFO:colcon.colcon_core.shell:Creating package script '/home/shengbin/camera_ws/install/camera_calibration_parsers/share/camera_calibration_parsers/package.bash'
[6.459s] INFO:colcon.colcon_core.shell:Creating package script '/home/shengbin/camera_ws/install/camera_calibration_parsers/share/camera_calibration_parsers/package.zsh'
[6.459s] Level 1:colcon.colcon_core.environment:create_file_with_runtime_dependencies(/home/shengbin/camera_ws/install/camera_calibration_parsers/share/colcon-core/packages/camera_calibration_parsers)
[6.514s] Level 1:colcon.colcon_core.environment:create_environment_scripts_only(camera_calibration_parsers)
[6.536s] Level 1:colcon.colcon_core.environment:checking '/home/shengbin/camera_ws/install/camera_calibration_parsers' for CMake module files
[6.537s] Level 1:colcon.colcon_core.environment:checking '/home/shengbin/camera_ws/install/camera_calibration_parsers' for CMake config files
[6.537s] Level 1:colcon.colcon_core.shell:create_environment_hook('camera_calibration_parsers', 'cmake_prefix_path')
[6.559s] INFO:colcon.colcon_core.shell:Creating environment hook '/home/shengbin/camera_ws/install/camera_calibration_parsers/share/camera_calibration_parsers/hook/cmake_prefix_path.ps1'
[6.559s] INFO:colcon.colcon_core.shell:Creating environment descriptor '/home/shengbin/camera_ws/install/camera_calibration_parsers/share/camera_calibration_parsers/hook/cmake_prefix_path.dsv'
[6.559s] INFO:colcon.colcon_core.shell:Creating environment hook '/home/shengbin/camera_ws/install/camera_calibration_parsers/share/camera_calibration_parsers/hook/cmake_prefix_path.sh'
[6.560s] Level 1:colcon.colcon_core.environment:checking '/home/shengbin/camera_ws/install/camera_calibration_parsers/lib'
[6.560s] Level 1:colcon.colcon_core.shell:create_environment_hook('camera_calibration_parsers', 'ld_library_path_lib')
[6.582s] INFO:colcon.colcon_core.shell:Creating environment hook '/home/shengbin/camera_ws/install/camera_calibration_parsers/share/camera_calibration_parsers/hook/ld_library_path_lib.ps1'
[6.583s] INFO:colcon.colcon_core.shell:Creating environment descriptor '/home/shengbin/camera_ws/install/camera_calibration_parsers/share/camera_calibration_parsers/hook/ld_library_path_lib.dsv'
[6.583s] INFO:colcon.colcon_core.shell:Creating environment hook '/home/shengbin/camera_ws/install/camera_calibration_parsers/share/camera_calibration_parsers/hook/ld_library_path_lib.sh'
[6.583s] Level 1:colcon.colcon_core.environment:checking '/home/shengbin/camera_ws/install/camera_calibration_parsers/bin'
[6.583s] Level 1:colcon.colcon_core.environment:checking '/home/shengbin/camera_ws/install/camera_calibration_parsers/lib/pkgconfig/camera_calibration_parsers.pc'
[6.584s] Level 1:colcon.colcon_core.environment:checking '/home/shengbin/camera_ws/install/camera_calibration_parsers/lib/python3.10/site-packages'
[6.584s] Level 1:colcon.colcon_core.environment:checking '/home/shengbin/camera_ws/install/camera_calibration_parsers/bin'
[6.606s] INFO:colcon.colcon_core.shell:Creating package script '/home/shengbin/camera_ws/install/camera_calibration_parsers/share/camera_calibration_parsers/package.ps1'
[6.607s] INFO:colcon.colcon_core.shell:Creating package descriptor '/home/shengbin/camera_ws/install/camera_calibration_parsers/share/camera_calibration_parsers/package.dsv'
[6.607s] INFO:colcon.colcon_core.shell:Creating package script '/home/shengbin/camera_ws/install/camera_calibration_parsers/share/camera_calibration_parsers/package.sh'
[6.608s] INFO:colcon.colcon_core.shell:Creating package script '/home/shengbin/camera_ws/install/camera_calibration_parsers/share/camera_calibration_parsers/package.bash'
[6.608s] INFO:colcon.colcon_core.shell:Creating package script '/home/shengbin/camera_ws/install/camera_calibration_parsers/share/camera_calibration_parsers/package.zsh'
[6.609s] Level 1:colcon.colcon_core.environment:create_file_with_runtime_dependencies(/home/shengbin/camera_ws/install/camera_calibration_parsers/share/colcon-core/packages/camera_calibration_parsers)
[6.609s] INFO:colcon.colcon_ros.task.ament_cmake.build:Building ROS package in '/home/shengbin/camera_ws/src/image_common/camera_info_manager' with build type 'ament_cmake'
[6.609s] INFO:colcon.colcon_cmake.task.cmake.build:Building CMake package in '/home/shengbin/camera_ws/src/image_common/camera_info_manager'
[6.633s] INFO:colcon.colcon_core.shell:Skip shell extension 'powershell' for command environment: Not usable outside of PowerShell
[6.633s] DEBUG:colcon.colcon_core.shell:Skip shell extension 'dsv' for command environment
[6.734s] DEBUG:colcon.colcon_core.event_handler.log_command:Invoking command in '/home/shengbin/camera_ws/build/camera_info_manager': CMAKE_PREFIX_PATH=/home/shengbin/camera_ws/install/camera_calibration_parsers:/home/shengbin/camera_ws/install/vision_opencv:/home/shengbin/camera_ws/install/v4l2_camera:/home/shengbin/camera_ws/install/image_transport_plugins:/home/shengbin/camera_ws/install/theora_image_transport:/home/shengbin/camera_ws/install/image_common:/home/shengbin/camera_ws/install/compressed_image_transport:/home/shengbin/camera_ws/install/compressed_depth_image_transport:/home/shengbin/camera_ws/install/image_transport:/home/shengbin/camera_ws/install/image_geometry:/home/shengbin/camera_ws/install/cv_bridge:/home/shengbin/camera_ws/install/camera_info_manager:/home/shengbin/hornet/install/vision_opencv:/home/shengbin/hornet/install/image_common:/home/shengbin/hornet/install/image_geometry:/home/shengbin/hornet/install/camera:/home/shengbin/hornet/install/v4l2_camera:/home/shengbin/hornet/install/image_transport_plugins:/home/shengbin/hornet/install/theora_image_transport:/home/shengbin/hornet/install/compressed_image_transport:/home/shengbin/hornet/install/compressed_depth_image_transport:/home/shengbin/hornet/install/image_transport:/home/shengbin/hornet/install/cv_bridge:/home/shengbin/hornet/install/camera_info_manager:/home/shengbin/hornet/install/camera_calibration_parsers:/home/shengbin/camera_ws/install/opencv_tests:/home/shengbin/camera_ws/install/camera:/home/shengbin/hornet/install/opencv_tests:/opt/ros/humble LD_LIBRARY_PATH=/home/shengbin/camera_ws/install/camera_calibration_parsers/lib:/home/shengbin/camera_ws/install/v4l2_camera/lib:/home/shengbin/camera_ws/install/theora_image_transport/lib:/home/shengbin/camera_ws/install/compressed_image_transport/lib:/home/shengbin/camera_ws/install/compressed_depth_image_transport/lib:/home/shengbin/camera_ws/install/image_transport/lib:/home/shengbin/camera_ws/install/image_geometry/lib:/home/shengbin/camera_ws/install/cv_bridge/lib:/home/shengbin/camera_ws/install/camera_info_manager/lib:/home/shengbin/hornet/install/image_geometry/lib:/home/shengbin/hornet/install/v4l2_camera/lib:/home/shengbin/hornet/install/theora_image_transport/lib:/home/shengbin/hornet/install/compressed_image_transport/lib:/home/shengbin/hornet/install/compressed_depth_image_transport/lib:/home/shengbin/hornet/install/image_transport/lib:/home/shengbin/hornet/install/cv_bridge/lib:/home/shengbin/hornet/install/camera_info_manager/lib:/home/shengbin/hornet/install/camera_calibration_parsers/lib:/opt/ros/humble/opt/rviz_ogre_vendor/lib:/opt/ros/humble/lib/x86_64-linux-gnu:/opt/ros/humble/lib /usr/bin/cmake --build /home/shengbin/camera_ws/build/camera_info_manager -- -j16 -l16
[7.526s] DEBUG:colcon.colcon_core.event_handler.log_command:Invoked command in '/home/shengbin/camera_ws/build/cv_bridge' returned '2': CMAKE_PREFIX_PATH=${CMAKE_PREFIX_PATH}:/home/shengbin/camera_ws/install/opencv_tests:/home/shengbin/camera_ws/install/camera:/home/shengbin/hornet/install/opencv_tests:/opt/ros/humble /usr/bin/cmake --build /home/shengbin/camera_ws/build/cv_bridge -- -j16 -l16
[7.560s] Level 1:colcon.colcon_core.environment:create_environment_scripts_only(cv_bridge)
[7.570s] Level 1:colcon.colcon_core.environment:checking '/home/shengbin/camera_ws/install/cv_bridge' for CMake module files
[7.570s] Level 1:colcon.colcon_core.environment:checking '/home/shengbin/camera_ws/install/cv_bridge' for CMake config files
[7.571s] Level 1:colcon.colcon_core.shell:create_environment_hook('cv_bridge', 'cmake_prefix_path')
[7.580s] INFO:colcon.colcon_core.shell:Creating environment hook '/home/shengbin/camera_ws/install/cv_bridge/share/cv_bridge/hook/cmake_prefix_path.ps1'
[7.580s] INFO:colcon.colcon_core.shell:Creating environment descriptor '/home/shengbin/camera_ws/install/cv_bridge/share/cv_bridge/hook/cmake_prefix_path.dsv'
[7.581s] INFO:colcon.colcon_core.shell:Creating environment hook '/home/shengbin/camera_ws/install/cv_bridge/share/cv_bridge/hook/cmake_prefix_path.sh'
[7.581s] Level 1:colcon.colcon_core.environment:checking '/home/shengbin/camera_ws/install/cv_bridge/lib'
[7.581s] Level 1:colcon.colcon_core.shell:create_environment_hook('cv_bridge', 'ld_library_path_lib')
[7.591s] INFO:colcon.colcon_core.shell:Creating environment hook '/home/shengbin/camera_ws/install/cv_bridge/share/cv_bridge/hook/ld_library_path_lib.ps1'
[7.591s] INFO:colcon.colcon_core.shell:Creating environment descriptor '/home/shengbin/camera_ws/install/cv_bridge/share/cv_bridge/hook/ld_library_path_lib.dsv'
[7.591s] INFO:colcon.colcon_core.shell:Creating environment hook '/home/shengbin/camera_ws/install/cv_bridge/share/cv_bridge/hook/ld_library_path_lib.sh'
[7.591s] Level 1:colcon.colcon_core.environment:checking '/home/shengbin/camera_ws/install/cv_bridge/bin'
[7.591s] Level 1:colcon.colcon_core.environment:checking '/home/shengbin/camera_ws/install/cv_bridge/lib/pkgconfig/cv_bridge.pc'
[7.591s] Level 1:colcon.colcon_core.environment:checking '/home/shengbin/camera_ws/install/cv_bridge/lib/python3.10/site-packages'
[7.592s] Level 1:colcon.colcon_core.environment:checking '/home/shengbin/camera_ws/install/cv_bridge/bin'
[7.602s] INFO:colcon.colcon_core.shell:Creating package script '/home/shengbin/camera_ws/install/cv_bridge/share/cv_bridge/package.ps1'
[7.602s] INFO:colcon.colcon_core.shell:Creating package descriptor '/home/shengbin/camera_ws/install/cv_bridge/share/cv_bridge/package.dsv'
[7.602s] INFO:colcon.colcon_core.shell:Creating package script '/home/shengbin/camera_ws/install/cv_bridge/share/cv_bridge/package.sh'
[7.603s] INFO:colcon.colcon_core.shell:Creating package script '/home/shengbin/camera_ws/install/cv_bridge/share/cv_bridge/package.bash'
[7.603s] INFO:colcon.colcon_core.shell:Creating package script '/home/shengbin/camera_ws/install/cv_bridge/share/cv_bridge/package.zsh'
[7.603s] Level 1:colcon.colcon_core.environment:create_file_with_runtime_dependencies(/home/shengbin/camera_ws/install/cv_bridge/share/colcon-core/packages/cv_bridge)
[16.630s] DEBUG:colcon.colcon_parallel_executor.executor.parallel:closing loop
[16.631s] DEBUG:colcon.colcon_parallel_executor.executor.parallel:loop closed
[16.631s] DEBUG:colcon.colcon_parallel_executor.executor.parallel:run_until_complete finished with '2'
[16.631s] DEBUG:colcon.colcon_core.event_reactor:joining thread
[16.652s] INFO:colcon.colcon_core.plugin_system:Skipping extension 'colcon_notification.desktop_notification.terminal_notifier': Not used on non-Darwin systems
[16.652s] INFO:colcon.colcon_core.plugin_system:Skipping extension 'colcon_notification.desktop_notification.win32': Not used on non-Windows systems
[16.653s] INFO:colcon.colcon_notification.desktop_notification:Sending desktop notification using 'notify2'
[16.664s] DEBUG:colcon.colcon_core.event_reactor:joined thread
[16.675s] INFO:colcon.colcon_core.shell:Creating prefix script '/home/shengbin/camera_ws/install/local_setup.ps1'
[16.675s] INFO:colcon.colcon_core.shell:Creating prefix util module '/home/shengbin/camera_ws/install/_local_setup_util_ps1.py'
[16.676s] INFO:colcon.colcon_core.shell:Creating prefix chain script '/home/shengbin/camera_ws/install/setup.ps1'
[16.687s] INFO:colcon.colcon_core.shell:Creating prefix script '/home/shengbin/camera_ws/install/local_setup.sh'
[16.687s] INFO:colcon.colcon_core.shell:Creating prefix util module '/home/shengbin/camera_ws/install/_local_setup_util_sh.py'
[16.687s] INFO:colcon.colcon_core.shell:Creating prefix chain script '/home/shengbin/camera_ws/install/setup.sh'
[16.698s] INFO:colcon.colcon_core.shell:Creating prefix script '/home/shengbin/camera_ws/install/local_setup.bash'
[16.698s] INFO:colcon.colcon_core.shell:Creating prefix chain script '/home/shengbin/camera_ws/install/setup.bash'
[16.709s] INFO:colcon.colcon_core.shell:Creating prefix script '/home/shengbin/camera_ws/install/local_setup.zsh'
[16.709s] INFO:colcon.colcon_core.shell:Creating prefix chain script '/home/shengbin/camera_ws/install/setup.zsh'
