[0.224s] Invoking command in '/home/shengbin/camera_ws/build/image_transport': CMAKE_PREFIX_PATH=/home/shengbin/camera_ws/install/camera:/opt/ros/humble /usr/bin/cmake /home/shengbin/camera_ws/src/image_common/image_transport -DCMAKE_INSTALL_PREFIX=/home/shengbin/camera_ws/install/image_transport
[0.234s] -- Found ament_cmake_ros: 0.10.0 (/opt/ros/humble/share/ament_cmake_ros/cmake)
[0.331s] -- Override CMake install command with custom implementation using symlinks instead of copying resources
[0.341s] -- Found message_filters: 4.3.3 (/opt/ros/humble/share/message_filters/cmake)
[0.379s] -- Found rosidl_generator_c: 3.1.5 (/opt/ros/humble/share/rosidl_generator_c/cmake)
[0.382s] -- Found rosidl_adapter: 3.1.5 (/opt/ros/humble/share/rosidl_adapter/cmake)
[0.390s] -- Found rosidl_generator_cpp: 3.1.5 (/opt/ros/humble/share/rosidl_generator_cpp/cmake)
[0.404s] -- Using all available rosidl_typesupport_c: rosidl_typesupport_fastrtps_c;rosidl_typesupport_introspection_c
[0.427s] -- Using all available rosidl_typesupport_cpp: rosidl_typesupport_fastrtps_cpp;rosidl_typesupport_introspection_cpp
[0.520s] -- Found rmw_implementation_cmake: 6.1.1 (/opt/ros/humble/share/rmw_implementation_cmake/cmake)
[0.522s] -- Found rmw_cyclonedds_cpp: 1.3.4 (/opt/ros/humble/share/rmw_cyclonedds_cpp/cmake)
[0.563s] -- Using RMW implementation 'rmw_cyclonedds_cpp' as default
[0.746s] -- Found pluginlib: 5.1.0 (/opt/ros/humble/share/pluginlib/cmake)
[0.761s] -- Found sensor_msgs: 4.2.3 (/opt/ros/humble/share/sensor_msgs/cmake)
[0.937s] -- Found ament_lint_auto: 0.12.8 (/opt/ros/humble/share/ament_lint_auto/cmake)
[1.002s] -- Found gtest sources under '/opt/ros/humble/src/gtest_vendor': C++ tests using 'Google Test' will be built
[1.025s] -- Added test 'copyright' to check source files copyright and LICENSE
[1.027s] -- Added test 'cpplint' to check C / C++ code against the Google style
[1.027s] -- Configured cpplint exclude dirs and/or files: 
[1.029s] -- Added test 'lint_cmake' to check CMake code style
[1.032s] -- Added test 'uncrustify' to check C / C++ code style
[1.032s] -- Configured uncrustify additional arguments: 
[1.033s] -- Added test 'xmllint' to check XML markup files
[1.033s] -- Configuring done
[1.067s] -- Generating done
[1.068s] -- Build files have been written to: /home/shengbin/camera_ws/build/image_transport
