[0.040s] Invoking command in '/home/shengbin/camera_ws/build/v4l2_camera': AMENT_PREFIX_PATH=/home/shengbin/camera_ws/install/camera_info_manager:/home/shengbin/camera_ws/install/image_transport:/home/shengbin/camera_ws/install/cv_bridge:/home/shengbin/camera_ws/install/camera_calibration_parsers:${AMENT_PREFIX_PATH} CMAKE_PREFIX_PATH=/home/shengbin/camera_ws/install/camera_info_manager:/home/shengbin/camera_ws/install/image_transport:/home/shengbin/camera_ws/install/cv_bridge:/home/shengbin/camera_ws/install/camera_calibration_parsers:/opt/ros/humble LD_LIBRARY_PATH=/home/shengbin/camera_ws/install/camera_info_manager/lib:/home/shengbin/camera_ws/install/image_transport/lib:/home/shengbin/camera_ws/install/cv_bridge/lib:/home/shengbin/camera_ws/install/camera_calibration_parsers/lib:${LD_LIBRARY_PATH} PYTHONPATH=/home/shengbin/camera_ws/install/cv_bridge/local/lib/python3.10/dist-packages:${PYTHONPATH} /usr/bin/cmake --build /home/shengbin/camera_ws/build/v4l2_camera -- -j16 -l16
[0.055s] -- Found ament_cmake: 1.3.5 (/opt/ros/humble/share/ament_cmake/cmake)
[0.163s] -- Found ament_cmake_ros: 0.10.0 (/opt/ros/humble/share/ament_cmake_ros/cmake)
[0.164s] -- Found rclcpp: 16.0.6 (/opt/ros/humble/share/rclcpp/cmake)
[0.184s] -- Found rosidl_generator_c: 3.1.5 (/opt/ros/humble/share/rosidl_generator_c/cmake)
[0.185s] -- Found rosidl_adapter: 3.1.5 (/opt/ros/humble/share/rosidl_adapter/cmake)
[0.189s] -- Found rosidl_generator_cpp: 3.1.5 (/opt/ros/humble/share/rosidl_generator_cpp/cmake)
[0.196s] -- Using all available rosidl_typesupport_c: rosidl_typesupport_fastrtps_c;rosidl_typesupport_introspection_c
[0.206s] -- Using all available rosidl_typesupport_cpp: rosidl_typesupport_fastrtps_cpp;rosidl_typesupport_introspection_cpp
[0.245s] -- Found rmw_implementation_cmake: 6.1.1 (/opt/ros/humble/share/rmw_implementation_cmake/cmake)
[0.245s] -- Found rmw_cyclonedds_cpp: 1.3.4 (/opt/ros/humble/share/rmw_cyclonedds_cpp/cmake)
[0.265s] -- Using RMW implementation 'rmw_cyclonedds_cpp' as default
[0.377s] -- Found rclcpp_components: 16.0.6 (/opt/ros/humble/share/rclcpp_components/cmake)
[0.419s] -- Found camera_info_manager: 3.1.7 (/home/shengbin/camera_ws/install/camera_info_manager/share/camera_info_manager/cmake)
[0.543s] -- Found cv_bridge: 3.2.1 (/home/shengbin/camera_ws/install/cv_bridge/share/cv_bridge/cmake)
[0.554s] -- Found image_transport: 3.1.7 (/home/shengbin/camera_ws/install/image_transport/share/image_transport/cmake)
[0.580s] -- Found ament_lint_auto: 0.12.8 (/opt/ros/humble/share/ament_lint_auto/cmake)
[0.646s] -- Added test 'cppcheck' to perform static code analysis on C / C++ code
[0.646s] -- Configured cppcheck include dirs: $<BUILD_INTERFACE:/home/shengbin/camera_ws/src/ros2_v4l2_camera/include>
[0.646s] -- Configured cppcheck exclude dirs and/or files: 
[0.650s] -- Added test 'cpplint' to check C / C++ code against the Google style
[0.650s] -- Configured cpplint exclude dirs and/or files: 
[0.651s] -- Added test 'lint_cmake' to check CMake code style
[0.654s] -- Added test 'uncrustify' to check C / C++ code style
[0.654s] -- Configured uncrustify additional arguments: 
[0.655s] -- Added test 'xmllint' to check XML markup files
[0.658s] -- Configuring done
[0.687s] -- Generating done
[0.689s] -- Build files have been written to: /home/shengbin/camera_ws/build/v4l2_camera
[0.732s] [35m[1mConsolidate compiler generated dependencies of target v4l2_camera[0m
[0.763s] [ 25%] [32mBuilding CXX object CMakeFiles/v4l2_camera.dir/src/parameters.cpp.o[0m
[0.763s] [ 37%] [32mBuilding CXX object CMakeFiles/v4l2_camera.dir/src/v4l2_camera.cpp.o[0m
[0.763s] [ 37%] [32mBuilding CXX object CMakeFiles/v4l2_camera.dir/src/v4l2_camera_device.cpp.o[0m
[10.527s] [ 50%] [32m[1mLinking CXX shared library libv4l2_camera.so[0m
[11.101s] [ 50%] Built target v4l2_camera
[11.117s] [35m[1mConsolidate compiler generated dependencies of target v4l2_camera_compose_test[0m
[11.117s] [35m[1mConsolidate compiler generated dependencies of target v4l2_camera_node[0m
[11.140s] [ 75%] [32mBuilding CXX object CMakeFiles/v4l2_camera_compose_test.dir/src/v4l2_camera_compose_test.cpp.o[0m
[11.140s] [ 75%] [32mBuilding CXX object CMakeFiles/v4l2_camera_node.dir/src/v4l2_camera_node.cpp.o[0m
[13.403s] [ 87%] [32m[1mLinking CXX executable v4l2_camera_node[0m
[13.739s] [ 87%] Built target v4l2_camera_node
[16.952s] [100%] [32m[1mLinking CXX executable v4l2_camera_compose_test[0m
[17.446s] [100%] Built target v4l2_camera_compose_test
[17.454s] Invoked command in '/home/shengbin/camera_ws/build/v4l2_camera' returned '0': AMENT_PREFIX_PATH=/home/shengbin/camera_ws/install/camera_info_manager:/home/shengbin/camera_ws/install/image_transport:/home/shengbin/camera_ws/install/cv_bridge:/home/shengbin/camera_ws/install/camera_calibration_parsers:${AMENT_PREFIX_PATH} CMAKE_PREFIX_PATH=/home/shengbin/camera_ws/install/camera_info_manager:/home/shengbin/camera_ws/install/image_transport:/home/shengbin/camera_ws/install/cv_bridge:/home/shengbin/camera_ws/install/camera_calibration_parsers:/opt/ros/humble LD_LIBRARY_PATH=/home/shengbin/camera_ws/install/camera_info_manager/lib:/home/shengbin/camera_ws/install/image_transport/lib:/home/shengbin/camera_ws/install/cv_bridge/lib:/home/shengbin/camera_ws/install/camera_calibration_parsers/lib:${LD_LIBRARY_PATH} PYTHONPATH=/home/shengbin/camera_ws/install/cv_bridge/local/lib/python3.10/dist-packages:${PYTHONPATH} /usr/bin/cmake --build /home/shengbin/camera_ws/build/v4l2_camera -- -j16 -l16
[17.476s] Invoking command in '/home/shengbin/camera_ws/build/v4l2_camera': AMENT_PREFIX_PATH=/home/shengbin/camera_ws/install/camera_info_manager:/home/shengbin/camera_ws/install/image_transport:/home/shengbin/camera_ws/install/cv_bridge:/home/shengbin/camera_ws/install/camera_calibration_parsers:${AMENT_PREFIX_PATH} CMAKE_PREFIX_PATH=/home/shengbin/camera_ws/install/camera_info_manager:/home/shengbin/camera_ws/install/image_transport:/home/shengbin/camera_ws/install/cv_bridge:/home/shengbin/camera_ws/install/camera_calibration_parsers:/opt/ros/humble LD_LIBRARY_PATH=/home/shengbin/camera_ws/install/camera_info_manager/lib:/home/shengbin/camera_ws/install/image_transport/lib:/home/shengbin/camera_ws/install/cv_bridge/lib:/home/shengbin/camera_ws/install/camera_calibration_parsers/lib:${LD_LIBRARY_PATH} PYTHONPATH=/home/shengbin/camera_ws/install/cv_bridge/local/lib/python3.10/dist-packages:${PYTHONPATH} /usr/bin/cmake --install /home/shengbin/camera_ws/build/v4l2_camera
[17.483s] -- Install configuration: ""
[17.483s] -- Installing: /home/shengbin/camera_ws/install/v4l2_camera/include
[17.483s] -- Installing: /home/shengbin/camera_ws/install/v4l2_camera/include/v4l2_camera
[17.483s] -- Installing: /home/shengbin/camera_ws/install/v4l2_camera/include/v4l2_camera/parameters.hpp
[17.483s] -- Installing: /home/shengbin/camera_ws/install/v4l2_camera/include/v4l2_camera/v4l2_camera.hpp
[17.483s] -- Installing: /home/shengbin/camera_ws/install/v4l2_camera/include/v4l2_camera/fourcc.hpp
[17.483s] -- Installing: /home/shengbin/camera_ws/install/v4l2_camera/include/v4l2_camera/image_format.hpp
[17.483s] -- Installing: /home/shengbin/camera_ws/install/v4l2_camera/include/v4l2_camera/pixel_format.hpp
[17.483s] -- Installing: /home/shengbin/camera_ws/install/v4l2_camera/include/v4l2_camera/control.hpp
[17.484s] -- Installing: /home/shengbin/camera_ws/install/v4l2_camera/include/v4l2_camera/visibility_control.h
[17.484s] -- Installing: /home/shengbin/camera_ws/install/v4l2_camera/include/v4l2_camera/v4l2_camera_device.hpp
[17.484s] -- Installing: /home/shengbin/camera_ws/install/v4l2_camera/lib/libv4l2_camera.so
[17.488s] -- Set runtime path of "/home/shengbin/camera_ws/install/v4l2_camera/lib/libv4l2_camera.so" to ""
[17.488s] -- Installing: /home/shengbin/camera_ws/install/v4l2_camera/lib/v4l2_camera/v4l2_camera_node
[17.488s] -- Set runtime path of "/home/shengbin/camera_ws/install/v4l2_camera/lib/v4l2_camera/v4l2_camera_node" to ""
[17.488s] -- Installing: /home/shengbin/camera_ws/install/v4l2_camera/lib/v4l2_camera/v4l2_camera_compose_test
[17.491s] -- Set runtime path of "/home/shengbin/camera_ws/install/v4l2_camera/lib/v4l2_camera/v4l2_camera_compose_test" to ""
[17.491s] -- Installing: /home/shengbin/camera_ws/install/v4l2_camera/share/v4l2_camera/environment/library_path.sh
[17.491s] -- Installing: /home/shengbin/camera_ws/install/v4l2_camera/share/v4l2_camera/environment/library_path.dsv
[17.491s] -- Installing: /home/shengbin/camera_ws/install/v4l2_camera/share/ament_index/resource_index/package_run_dependencies/v4l2_camera
[17.491s] -- Installing: /home/shengbin/camera_ws/install/v4l2_camera/share/ament_index/resource_index/parent_prefix_path/v4l2_camera
[17.491s] -- Installing: /home/shengbin/camera_ws/install/v4l2_camera/share/v4l2_camera/environment/ament_prefix_path.sh
[17.491s] -- Installing: /home/shengbin/camera_ws/install/v4l2_camera/share/v4l2_camera/environment/ament_prefix_path.dsv
[17.491s] -- Installing: /home/shengbin/camera_ws/install/v4l2_camera/share/v4l2_camera/environment/path.sh
[17.491s] -- Installing: /home/shengbin/camera_ws/install/v4l2_camera/share/v4l2_camera/environment/path.dsv
[17.491s] -- Installing: /home/shengbin/camera_ws/install/v4l2_camera/share/v4l2_camera/local_setup.bash
[17.491s] -- Installing: /home/shengbin/camera_ws/install/v4l2_camera/share/v4l2_camera/local_setup.sh
[17.491s] -- Installing: /home/shengbin/camera_ws/install/v4l2_camera/share/v4l2_camera/local_setup.zsh
[17.491s] -- Installing: /home/shengbin/camera_ws/install/v4l2_camera/share/v4l2_camera/local_setup.dsv
[17.491s] -- Installing: /home/shengbin/camera_ws/install/v4l2_camera/share/v4l2_camera/package.dsv
[17.491s] -- Installing: /home/shengbin/camera_ws/install/v4l2_camera/share/ament_index/resource_index/packages/v4l2_camera
[17.491s] -- Installing: /home/shengbin/camera_ws/install/v4l2_camera/share/ament_index/resource_index/rclcpp_components/v4l2_camera
[17.491s] -- Installing: /home/shengbin/camera_ws/install/v4l2_camera/share/v4l2_camera/cmake/export_v4l2_cameraExport.cmake
[17.491s] -- Installing: /home/shengbin/camera_ws/install/v4l2_camera/share/v4l2_camera/cmake/export_v4l2_cameraExport-noconfig.cmake
[17.491s] -- Installing: /home/shengbin/camera_ws/install/v4l2_camera/share/v4l2_camera/cmake/ament_cmake_export_include_directories-extras.cmake
[17.492s] -- Installing: /home/shengbin/camera_ws/install/v4l2_camera/share/v4l2_camera/cmake/ament_cmake_export_targets-extras.cmake
[17.492s] -- Installing: /home/shengbin/camera_ws/install/v4l2_camera/share/v4l2_camera/cmake/ament_cmake_export_libraries-extras.cmake
[17.492s] -- Installing: /home/shengbin/camera_ws/install/v4l2_camera/share/v4l2_camera/cmake/ament_cmake_export_dependencies-extras.cmake
[17.492s] -- Installing: /home/shengbin/camera_ws/install/v4l2_camera/share/v4l2_camera/cmake/v4l2_cameraConfig.cmake
[17.492s] -- Installing: /home/shengbin/camera_ws/install/v4l2_camera/share/v4l2_camera/cmake/v4l2_cameraConfig-version.cmake
[17.492s] -- Installing: /home/shengbin/camera_ws/install/v4l2_camera/share/v4l2_camera/package.xml
[17.494s] Invoked command in '/home/shengbin/camera_ws/build/v4l2_camera' returned '0': AMENT_PREFIX_PATH=/home/shengbin/camera_ws/install/camera_info_manager:/home/shengbin/camera_ws/install/image_transport:/home/shengbin/camera_ws/install/cv_bridge:/home/shengbin/camera_ws/install/camera_calibration_parsers:${AMENT_PREFIX_PATH} CMAKE_PREFIX_PATH=/home/shengbin/camera_ws/install/camera_info_manager:/home/shengbin/camera_ws/install/image_transport:/home/shengbin/camera_ws/install/cv_bridge:/home/shengbin/camera_ws/install/camera_calibration_parsers:/opt/ros/humble LD_LIBRARY_PATH=/home/shengbin/camera_ws/install/camera_info_manager/lib:/home/shengbin/camera_ws/install/image_transport/lib:/home/shengbin/camera_ws/install/cv_bridge/lib:/home/shengbin/camera_ws/install/camera_calibration_parsers/lib:${LD_LIBRARY_PATH} PYTHONPATH=/home/shengbin/camera_ws/install/cv_bridge/local/lib/python3.10/dist-packages:${PYTHONPATH} /usr/bin/cmake --install /home/shengbin/camera_ws/build/v4l2_camera
