-- Found ament_cmake: 1.3.5 (/opt/ros/humble/share/ament_cmake/cmake)
-- Found image_transport: 3.1.7 (/home/shengbin/camera_ws/install/image_transport/share/image_transport/cmake)
-- Found rosidl_generator_c: 3.1.5 (/opt/ros/humble/share/rosidl_generator_c/cmake)
-- Found rosidl_adapter: 3.1.5 (/opt/ros/humble/share/rosidl_adapter/cmake)
-- Found rosidl_generator_cpp: 3.1.5 (/opt/ros/humble/share/rosidl_generator_cpp/cmake)
-- Using all available rosidl_typesupport_c: rosidl_typesupport_fastrtps_c;rosidl_typesupport_introspection_c
-- Using all available rosidl_typesupport_cpp: rosidl_typesupport_fastrtps_cpp;rosidl_typesupport_introspection_cpp
-- Found rmw_implementation_cmake: 6.1.1 (/opt/ros/humble/share/rmw_implementation_cmake/cmake)
-- Found rmw_cyclonedds_cpp: 1.3.4 (/opt/ros/humble/share/rmw_cyclonedds_cpp/cmake)
-- Using RMW implementation 'rmw_cyclonedds_cpp' as default
-- Found cv_bridge: 3.2.1 (/home/shengbin/camera_ws/install/cv_bridge/share/cv_bridge/cmake)
-- Configuring done
-- Generating done
-- Build files have been written to: /home/shengbin/camera_ws/build/compressed_depth_image_transport
[35m[1mConsolidate compiler generated dependencies of target compressed_depth_image_transport[0m
[ 20%] [32mBuilding CXX object CMakeFiles/compressed_depth_image_transport.dir/src/compressed_depth_subscriber.cpp.o[0m
[ 40%] [32mBuilding CXX object CMakeFiles/compressed_depth_image_transport.dir/src/compressed_depth_publisher.cpp.o[0m
[ 80%] [32mBuilding CXX object CMakeFiles/compressed_depth_image_transport.dir/src/codec.cpp.o[0m
[ 80%] [32mBuilding CXX object CMakeFiles/compressed_depth_image_transport.dir/src/manifest.cpp.o[0m
[100%] [32m[1mLinking CXX shared library libcompressed_depth_image_transport.so[0m
[100%] Built target compressed_depth_image_transport
-- Install configuration: ""
-- Installing: /home/shengbin/camera_ws/install/compressed_depth_image_transport/lib/libcompressed_depth_image_transport.so
-- Set runtime path of "/home/shengbin/camera_ws/install/compressed_depth_image_transport/lib/libcompressed_depth_image_transport.so" to ""
-- Installing: /home/shengbin/camera_ws/install/compressed_depth_image_transport/include
-- Installing: /home/shengbin/camera_ws/install/compressed_depth_image_transport/include/compressed_depth_image_transport
-- Installing: /home/shengbin/camera_ws/install/compressed_depth_image_transport/include/compressed_depth_image_transport/compression_common.h
-- Installing: /home/shengbin/camera_ws/install/compressed_depth_image_transport/include/compressed_depth_image_transport/compressed_depth_publisher.h
-- Installing: /home/shengbin/camera_ws/install/compressed_depth_image_transport/include/compressed_depth_image_transport/compressed_depth_subscriber.h
-- Installing: /home/shengbin/camera_ws/install/compressed_depth_image_transport/include/compressed_depth_image_transport/codec.h
-- Installing: /home/shengbin/camera_ws/install/compressed_depth_image_transport/share/compressed_depth_image_transport/compressed_depth_plugins.xml
-- Installing: /home/shengbin/camera_ws/install/compressed_depth_image_transport/share/ament_index/resource_index/package_run_dependencies/compressed_depth_image_transport
-- Installing: /home/shengbin/camera_ws/install/compressed_depth_image_transport/share/ament_index/resource_index/parent_prefix_path/compressed_depth_image_transport
-- Installing: /home/shengbin/camera_ws/install/compressed_depth_image_transport/share/compressed_depth_image_transport/environment/ament_prefix_path.sh
-- Installing: /home/shengbin/camera_ws/install/compressed_depth_image_transport/share/compressed_depth_image_transport/environment/ament_prefix_path.dsv
-- Installing: /home/shengbin/camera_ws/install/compressed_depth_image_transport/share/compressed_depth_image_transport/environment/path.sh
-- Installing: /home/shengbin/camera_ws/install/compressed_depth_image_transport/share/compressed_depth_image_transport/environment/path.dsv
-- Installing: /home/shengbin/camera_ws/install/compressed_depth_image_transport/share/compressed_depth_image_transport/local_setup.bash
-- Installing: /home/shengbin/camera_ws/install/compressed_depth_image_transport/share/compressed_depth_image_transport/local_setup.sh
-- Installing: /home/shengbin/camera_ws/install/compressed_depth_image_transport/share/compressed_depth_image_transport/local_setup.zsh
-- Installing: /home/shengbin/camera_ws/install/compressed_depth_image_transport/share/compressed_depth_image_transport/local_setup.dsv
-- Installing: /home/shengbin/camera_ws/install/compressed_depth_image_transport/share/compressed_depth_image_transport/package.dsv
-- Installing: /home/shengbin/camera_ws/install/compressed_depth_image_transport/share/ament_index/resource_index/packages/compressed_depth_image_transport
-- Installing: /home/shengbin/camera_ws/install/compressed_depth_image_transport/share/ament_index/resource_index/image_transport__pluginlib__plugin/compressed_depth_image_transport
-- Installing: /home/shengbin/camera_ws/install/compressed_depth_image_transport/share/compressed_depth_image_transport/cmake/compressed_depth_image_transportConfig.cmake
-- Installing: /home/shengbin/camera_ws/install/compressed_depth_image_transport/share/compressed_depth_image_transport/cmake/compressed_depth_image_transportConfig-version.cmake
-- Installing: /home/shengbin/camera_ws/install/compressed_depth_image_transport/share/compressed_depth_image_transport/package.xml
