[0.119s] Invoking command in '/home/shengbin/camera_ws/build/compressed_depth_image_transport': AMENT_PREFIX_PATH=/home/shengbin/camera_ws/install/image_transport:/home/shengbin/camera_ws/install/cv_bridge:${AMENT_PREFIX_PATH} CMAKE_PREFIX_PATH=/home/shengbin/camera_ws/install/image_transport:/home/shengbin/camera_ws/install/cv_bridge:/opt/ros/humble LD_LIBRARY_PATH=/home/shengbin/camera_ws/install/image_transport/lib:/home/shengbin/camera_ws/install/cv_bridge/lib:${LD_LIBRARY_PATH} PYTHONPATH=/home/shengbin/camera_ws/install/cv_bridge/local/lib/python3.10/dist-packages:${PYTHONPATH} /usr/bin/cmake --build /home/shengbin/camera_ws/build/compressed_depth_image_transport -- -j16 -l16
[0.135s] -- Found ament_cmake: 1.3.5 (/opt/ros/humble/share/ament_cmake/cmake)
[0.235s] -- Found image_transport: 3.1.7 (/home/shengbin/camera_ws/install/image_transport/share/image_transport/cmake)
[0.257s] -- Found rosidl_generator_c: 3.1.5 (/opt/ros/humble/share/rosidl_generator_c/cmake)
[0.258s] -- Found rosidl_adapter: 3.1.5 (/opt/ros/humble/share/rosidl_adapter/cmake)
[0.262s] -- Found rosidl_generator_cpp: 3.1.5 (/opt/ros/humble/share/rosidl_generator_cpp/cmake)
[0.269s] -- Using all available rosidl_typesupport_c: rosidl_typesupport_fastrtps_c;rosidl_typesupport_introspection_c
[0.279s] -- Using all available rosidl_typesupport_cpp: rosidl_typesupport_fastrtps_cpp;rosidl_typesupport_introspection_cpp
[0.318s] -- Found rmw_implementation_cmake: 6.1.1 (/opt/ros/humble/share/rmw_implementation_cmake/cmake)
[0.319s] -- Found rmw_cyclonedds_cpp: 1.3.4 (/opt/ros/humble/share/rmw_cyclonedds_cpp/cmake)
[0.338s] -- Using RMW implementation 'rmw_cyclonedds_cpp' as default
[0.573s] -- Found cv_bridge: 3.2.1 (/home/shengbin/camera_ws/install/cv_bridge/share/cv_bridge/cmake)
[0.633s] -- Configuring done
[0.643s] -- Generating done
[0.644s] -- Build files have been written to: /home/shengbin/camera_ws/build/compressed_depth_image_transport
[0.663s] [35m[1mConsolidate compiler generated dependencies of target compressed_depth_image_transport[0m
[0.679s] [ 20%] [32mBuilding CXX object CMakeFiles/compressed_depth_image_transport.dir/src/compressed_depth_subscriber.cpp.o[0m
[0.681s] [ 40%] [32mBuilding CXX object CMakeFiles/compressed_depth_image_transport.dir/src/compressed_depth_publisher.cpp.o[0m
[0.683s] [ 80%] [32mBuilding CXX object CMakeFiles/compressed_depth_image_transport.dir/src/codec.cpp.o[0m
[0.683s] [ 80%] [32mBuilding CXX object CMakeFiles/compressed_depth_image_transport.dir/src/manifest.cpp.o[0m
[10.977s] [100%] [32m[1mLinking CXX shared library libcompressed_depth_image_transport.so[0m
[11.732s] [100%] Built target compressed_depth_image_transport
[11.747s] Invoked command in '/home/shengbin/camera_ws/build/compressed_depth_image_transport' returned '0': AMENT_PREFIX_PATH=/home/shengbin/camera_ws/install/image_transport:/home/shengbin/camera_ws/install/cv_bridge:${AMENT_PREFIX_PATH} CMAKE_PREFIX_PATH=/home/shengbin/camera_ws/install/image_transport:/home/shengbin/camera_ws/install/cv_bridge:/opt/ros/humble LD_LIBRARY_PATH=/home/shengbin/camera_ws/install/image_transport/lib:/home/shengbin/camera_ws/install/cv_bridge/lib:${LD_LIBRARY_PATH} PYTHONPATH=/home/shengbin/camera_ws/install/cv_bridge/local/lib/python3.10/dist-packages:${PYTHONPATH} /usr/bin/cmake --build /home/shengbin/camera_ws/build/compressed_depth_image_transport -- -j16 -l16
[11.787s] Invoking command in '/home/shengbin/camera_ws/build/compressed_depth_image_transport': AMENT_PREFIX_PATH=/home/shengbin/camera_ws/install/image_transport:/home/shengbin/camera_ws/install/cv_bridge:${AMENT_PREFIX_PATH} CMAKE_PREFIX_PATH=/home/shengbin/camera_ws/install/image_transport:/home/shengbin/camera_ws/install/cv_bridge:/opt/ros/humble LD_LIBRARY_PATH=/home/shengbin/camera_ws/install/image_transport/lib:/home/shengbin/camera_ws/install/cv_bridge/lib:${LD_LIBRARY_PATH} PYTHONPATH=/home/shengbin/camera_ws/install/cv_bridge/local/lib/python3.10/dist-packages:${PYTHONPATH} /usr/bin/cmake --install /home/shengbin/camera_ws/build/compressed_depth_image_transport
[11.798s] -- Install configuration: ""
[11.799s] -- Installing: /home/shengbin/camera_ws/install/compressed_depth_image_transport/lib/libcompressed_depth_image_transport.so
[11.808s] -- Set runtime path of "/home/shengbin/camera_ws/install/compressed_depth_image_transport/lib/libcompressed_depth_image_transport.so" to ""
[11.808s] -- Installing: /home/shengbin/camera_ws/install/compressed_depth_image_transport/include
[11.808s] -- Installing: /home/shengbin/camera_ws/install/compressed_depth_image_transport/include/compressed_depth_image_transport
[11.808s] -- Installing: /home/shengbin/camera_ws/install/compressed_depth_image_transport/include/compressed_depth_image_transport/compression_common.h
[11.808s] -- Installing: /home/shengbin/camera_ws/install/compressed_depth_image_transport/include/compressed_depth_image_transport/compressed_depth_publisher.h
[11.808s] -- Installing: /home/shengbin/camera_ws/install/compressed_depth_image_transport/include/compressed_depth_image_transport/compressed_depth_subscriber.h
[11.808s] -- Installing: /home/shengbin/camera_ws/install/compressed_depth_image_transport/include/compressed_depth_image_transport/codec.h
[11.808s] -- Installing: /home/shengbin/camera_ws/install/compressed_depth_image_transport/share/compressed_depth_image_transport/compressed_depth_plugins.xml
[11.809s] -- Installing: /home/shengbin/camera_ws/install/compressed_depth_image_transport/share/ament_index/resource_index/package_run_dependencies/compressed_depth_image_transport
[11.809s] -- Installing: /home/shengbin/camera_ws/install/compressed_depth_image_transport/share/ament_index/resource_index/parent_prefix_path/compressed_depth_image_transport
[11.809s] -- Installing: /home/shengbin/camera_ws/install/compressed_depth_image_transport/share/compressed_depth_image_transport/environment/ament_prefix_path.sh
[11.809s] -- Installing: /home/shengbin/camera_ws/install/compressed_depth_image_transport/share/compressed_depth_image_transport/environment/ament_prefix_path.dsv
[11.809s] -- Installing: /home/shengbin/camera_ws/install/compressed_depth_image_transport/share/compressed_depth_image_transport/environment/path.sh
[11.809s] -- Installing: /home/shengbin/camera_ws/install/compressed_depth_image_transport/share/compressed_depth_image_transport/environment/path.dsv
[11.810s] -- Installing: /home/shengbin/camera_ws/install/compressed_depth_image_transport/share/compressed_depth_image_transport/local_setup.bash
[11.810s] -- Installing: /home/shengbin/camera_ws/install/compressed_depth_image_transport/share/compressed_depth_image_transport/local_setup.sh
[11.810s] -- Installing: /home/shengbin/camera_ws/install/compressed_depth_image_transport/share/compressed_depth_image_transport/local_setup.zsh
[11.810s] -- Installing: /home/shengbin/camera_ws/install/compressed_depth_image_transport/share/compressed_depth_image_transport/local_setup.dsv
[11.810s] -- Installing: /home/shengbin/camera_ws/install/compressed_depth_image_transport/share/compressed_depth_image_transport/package.dsv
[11.810s] -- Installing: /home/shengbin/camera_ws/install/compressed_depth_image_transport/share/ament_index/resource_index/packages/compressed_depth_image_transport
[11.810s] -- Installing: /home/shengbin/camera_ws/install/compressed_depth_image_transport/share/ament_index/resource_index/image_transport__pluginlib__plugin/compressed_depth_image_transport
[11.810s] -- Installing: /home/shengbin/camera_ws/install/compressed_depth_image_transport/share/compressed_depth_image_transport/cmake/compressed_depth_image_transportConfig.cmake
[11.810s] -- Installing: /home/shengbin/camera_ws/install/compressed_depth_image_transport/share/compressed_depth_image_transport/cmake/compressed_depth_image_transportConfig-version.cmake
[11.811s] -- Installing: /home/shengbin/camera_ws/install/compressed_depth_image_transport/share/compressed_depth_image_transport/package.xml
[11.813s] Invoked command in '/home/shengbin/camera_ws/build/compressed_depth_image_transport' returned '0': AMENT_PREFIX_PATH=/home/shengbin/camera_ws/install/image_transport:/home/shengbin/camera_ws/install/cv_bridge:${AMENT_PREFIX_PATH} CMAKE_PREFIX_PATH=/home/shengbin/camera_ws/install/image_transport:/home/shengbin/camera_ws/install/cv_bridge:/opt/ros/humble LD_LIBRARY_PATH=/home/shengbin/camera_ws/install/image_transport/lib:/home/shengbin/camera_ws/install/cv_bridge/lib:${LD_LIBRARY_PATH} PYTHONPATH=/home/shengbin/camera_ws/install/cv_bridge/local/lib/python3.10/dist-packages:${PYTHONPATH} /usr/bin/cmake --install /home/shengbin/camera_ws/build/compressed_depth_image_transport
