[0.065s] Invoking command in '/home/shengbin/camera_ws/build/image_transport': CMAKE_PREFIX_PATH=/opt/ros/humble /usr/bin/cmake --build /home/shengbin/camera_ws/build/image_transport -- -j16 -l16
[0.081s] -- Found ament_cmake_ros: 0.10.0 (/opt/ros/humble/share/ament_cmake_ros/cmake)
[0.179s] -- Found message_filters: 4.3.3 (/opt/ros/humble/share/message_filters/cmake)
[0.200s] -- Found rosidl_generator_c: 3.1.5 (/opt/ros/humble/share/rosidl_generator_c/cmake)
[0.202s] -- Found rosidl_adapter: 3.1.5 (/opt/ros/humble/share/rosidl_adapter/cmake)
[0.206s] -- Found rosidl_generator_cpp: 3.1.5 (/opt/ros/humble/share/rosidl_generator_cpp/cmake)
[0.214s] -- Using all available rosidl_typesupport_c: rosidl_typesupport_fastrtps_c;rosidl_typesupport_introspection_c
[0.224s] -- Using all available rosidl_typesupport_cpp: rosidl_typesupport_fastrtps_cpp;rosidl_typesupport_introspection_cpp
[0.277s] -- Found rmw_implementation_cmake: 6.1.1 (/opt/ros/humble/share/rmw_implementation_cmake/cmake)
[0.278s] -- Found rmw_cyclonedds_cpp: 1.3.4 (/opt/ros/humble/share/rmw_cyclonedds_cpp/cmake)
[0.322s] -- Using RMW implementation 'rmw_cyclonedds_cpp' as default
[0.509s] -- Found pluginlib: 5.1.0 (/opt/ros/humble/share/pluginlib/cmake)
[0.522s] -- Found sensor_msgs: 4.2.3 (/opt/ros/humble/share/sensor_msgs/cmake)
[0.606s] -- Found ament_lint_auto: 0.12.8 (/opt/ros/humble/share/ament_lint_auto/cmake)
[0.651s] -- Found gtest sources under '/opt/ros/humble/src/gtest_vendor': C++ tests using 'Google Test' will be built
[0.661s] -- Added test 'copyright' to check source files copyright and LICENSE
[0.662s] -- Added test 'cpplint' to check C / C++ code against the Google style
[0.663s] -- Configured cpplint exclude dirs and/or files: 
[0.663s] -- Added test 'lint_cmake' to check CMake code style
[0.664s] -- Added test 'uncrustify' to check C / C++ code style
[0.664s] -- Configured uncrustify additional arguments: 
[0.664s] -- Added test 'xmllint' to check XML markup files
[0.665s] -- Configuring done
[0.689s] -- Generating done
[0.690s] -- Build files have been written to: /home/shengbin/camera_ws/build/image_transport
[0.713s] [35m[1mConsolidate compiler generated dependencies of target image_transport[0m
[0.715s] [35m[1mConsolidate compiler generated dependencies of target gtest_main[0m
[0.715s] [35m[1mConsolidate compiler generated dependencies of target gtest[0m
[0.727s] [  3%] [32mBuilding CXX object gtest/CMakeFiles/gtest_main.dir/src/gtest_main.cc.o[0m
[0.731s] [  6%] [32mBuilding CXX object gtest/CMakeFiles/gtest.dir/src/gtest-all.cc.o[0m
[0.739s] [ 10%] [32mBuilding CXX object CMakeFiles/image_transport.dir/src/camera_common.cpp.o[0m
[0.739s] [ 13%] [32mBuilding CXX object CMakeFiles/image_transport.dir/src/subscriber.cpp.o[0m
[0.739s] [ 16%] [32mBuilding CXX object CMakeFiles/image_transport.dir/src/publisher.cpp.o[0m
[0.740s] [ 20%] [32mBuilding CXX object CMakeFiles/image_transport.dir/src/camera_publisher.cpp.o[0m
[0.741s] [ 23%] [32mBuilding CXX object CMakeFiles/image_transport.dir/src/single_subscriber_publisher.cpp.o[0m
[0.741s] [ 26%] [32mBuilding CXX object CMakeFiles/image_transport.dir/src/camera_subscriber.cpp.o[0m
[0.745s] [ 30%] [32mBuilding CXX object CMakeFiles/image_transport.dir/src/image_transport.cpp.o[0m
[1.394s] [ 33%] [32m[1mLinking CXX static library libgtest_main.a[0m
[1.444s] [ 33%] Built target gtest_main
[4.744s] [ 36%] [32m[1mLinking CXX static library libgtest.a[0m
[4.787s] [ 36%] Built target gtest
[9.514s] [ 40%] [32m[1mLinking CXX shared library libimage_transport.so[0m
[9.992s] [ 40%] Built target image_transport
[9.998s] [35m[1mConsolidate compiler generated dependencies of target image_transport_plugins[0m
[9.999s] [35m[1mConsolidate compiler generated dependencies of target republish[0m
[9.999s] [35m[1mConsolidate compiler generated dependencies of target list_transports[0m
[10.003s] [35m[1mConsolidate compiler generated dependencies of target image_transport-camera_common[0m
[10.004s] [35m[1mConsolidate compiler generated dependencies of target image_transport-single_subscriber_publisher[0m
[10.005s] [35m[1mConsolidate compiler generated dependencies of target image_transport-publisher[0m
[10.006s] [35m[1mConsolidate compiler generated dependencies of target image_transport-message_passing[0m
[10.006s] [35m[1mConsolidate compiler generated dependencies of target image_transport-subscriber[0m
[10.006s] [35m[1mConsolidate compiler generated dependencies of target image_transport-remapping[0m
[10.008s] [ 46%] [32mBuilding CXX object CMakeFiles/image_transport_plugins.dir/src/manifest.cpp.o[0m
[10.009s] [ 46%] [32mBuilding CXX object CMakeFiles/list_transports.dir/src/list_transports.cpp.o[0m
[10.009s] [ 50%] [32mBuilding CXX object CMakeFiles/republish.dir/src/republish.cpp.o[0m
[10.017s] [ 56%] [32mBuilding CXX object CMakeFiles/image_transport-subscriber.dir/test/test_subscriber.cpp.o[0m
[10.018s] [ 56%] [32mBuilding CXX object CMakeFiles/image_transport-camera_common.dir/test/test_camera_common.cpp.o[0m
[10.020s] [ 60%] [32mBuilding CXX object CMakeFiles/image_transport-single_subscriber_publisher.dir/test/test_single_subscriber_publisher.cpp.o[0m
[10.021s] [ 63%] [32mBuilding CXX object CMakeFiles/image_transport-publisher.dir/test/test_publisher.cpp.o[0m
[10.021s] [ 66%] [32mBuilding CXX object CMakeFiles/image_transport-message_passing.dir/test/test_message_passing.cpp.o[0m
[10.022s] [ 70%] [32mBuilding CXX object CMakeFiles/image_transport-remapping.dir/test/test_remapping.cpp.o[0m
[11.343s] [ 73%] [32m[1mLinking CXX executable image_transport-camera_common[0m
[11.629s] [ 73%] Built target image_transport-camera_common
[13.545s] [ 76%] [32m[1mLinking CXX executable image_transport-single_subscriber_publisher[0m
[13.823s] [ 76%] Built target image_transport-single_subscriber_publisher
[14.190s] [ 80%] [32m[1mLinking CXX executable list_transports[0m
[14.577s] [ 83%] [32m[1mLinking CXX executable republish[0m
[14.662s] [ 83%] Built target list_transports
[14.843s] [ 83%] Built target republish
[14.928s] [ 86%] [32m[1mLinking CXX executable image_transport-remapping[0m
[14.945s] [ 90%] [32m[1mLinking CXX executable image_transport-message_passing[0m
[15.146s] [ 93%] [32m[1mLinking CXX executable image_transport-subscriber[0m
[15.208s] [ 93%] Built target image_transport-remapping
[15.225s] [ 93%] Built target image_transport-message_passing
[15.393s] [ 93%] Built target image_transport-subscriber
[15.432s] [ 96%] [32m[1mLinking CXX executable image_transport-publisher[0m
[15.647s] [ 96%] Built target image_transport-publisher
[16.071s] [100%] [32m[1mLinking CXX shared library libimage_transport_plugins.so[0m
[16.350s] [100%] Built target image_transport_plugins
[16.359s] Invoked command in '/home/shengbin/camera_ws/build/image_transport' returned '0': CMAKE_PREFIX_PATH=/opt/ros/humble /usr/bin/cmake --build /home/shengbin/camera_ws/build/image_transport -- -j16 -l16
[16.421s] Invoking command in '/home/shengbin/camera_ws/build/image_transport': CMAKE_PREFIX_PATH=/opt/ros/humble /usr/bin/cmake --install /home/shengbin/camera_ws/build/image_transport
[16.430s] -- Install configuration: ""
[16.430s] -- Installing: /home/shengbin/camera_ws/install/image_transport/share/image_transport/default_plugins.xml
[16.431s] -- Installing: /home/shengbin/camera_ws/install/image_transport/lib/libimage_transport.so
[16.439s] -- Set runtime path of "/home/shengbin/camera_ws/install/image_transport/lib/libimage_transport.so" to ""
[16.439s] -- Installing: /home/shengbin/camera_ws/install/image_transport/lib/libimage_transport_plugins.so
[16.444s] -- Set runtime path of "/home/shengbin/camera_ws/install/image_transport/lib/libimage_transport_plugins.so" to ""
[16.444s] -- Up-to-date: /home/shengbin/camera_ws/install/image_transport/lib/libimage_transport.so
[16.444s] -- Installing: /home/shengbin/camera_ws/install/image_transport/lib/image_transport/list_transports
[16.445s] -- Set runtime path of "/home/shengbin/camera_ws/install/image_transport/lib/image_transport/list_transports" to ""
[16.445s] -- Installing: /home/shengbin/camera_ws/install/image_transport/lib/image_transport/republish
[16.446s] -- Set runtime path of "/home/shengbin/camera_ws/install/image_transport/lib/image_transport/republish" to ""
[16.446s] -- Up-to-date: /home/shengbin/camera_ws/install/image_transport/include/image_transport
[16.446s] -- Up-to-date: /home/shengbin/camera_ws/install/image_transport/include/image_transport/image_transport
[16.446s] -- Installing: /home/shengbin/camera_ws/install/image_transport/include/image_transport/image_transport/subscriber.hpp
[16.446s] -- Installing: /home/shengbin/camera_ws/install/image_transport/include/image_transport/image_transport/transport_hints.hpp
[16.446s] -- Installing: /home/shengbin/camera_ws/install/image_transport/include/image_transport/image_transport/loader_fwds.h
[16.446s] -- Installing: /home/shengbin/camera_ws/install/image_transport/include/image_transport/image_transport/publisher.h
[16.446s] -- Installing: /home/shengbin/camera_ws/install/image_transport/include/image_transport/image_transport/subscriber_filter.h
[16.446s] -- Installing: /home/shengbin/camera_ws/install/image_transport/include/image_transport/image_transport/camera_subscriber.hpp
[16.446s] -- Installing: /home/shengbin/camera_ws/install/image_transport/include/image_transport/image_transport/transport_hints.h
[16.446s] -- Installing: /home/shengbin/camera_ws/install/image_transport/include/image_transport/image_transport/visibility_control.hpp
[16.446s] -- Installing: /home/shengbin/camera_ws/install/image_transport/include/image_transport/image_transport/publisher.hpp
[16.446s] -- Installing: /home/shengbin/camera_ws/install/image_transport/include/image_transport/image_transport/camera_common.h
[16.446s] -- Installing: /home/shengbin/camera_ws/install/image_transport/include/image_transport/image_transport/simple_publisher_plugin.hpp
[16.447s] -- Installing: /home/shengbin/camera_ws/install/image_transport/include/image_transport/image_transport/subscriber_plugin.h
[16.447s] -- Installing: /home/shengbin/camera_ws/install/image_transport/include/image_transport/image_transport/raw_subscriber.h
[16.447s] -- Installing: /home/shengbin/camera_ws/install/image_transport/include/image_transport/image_transport/camera_publisher.h
[16.447s] -- Installing: /home/shengbin/camera_ws/install/image_transport/include/image_transport/image_transport/image_transport.hpp
[16.447s] -- Installing: /home/shengbin/camera_ws/install/image_transport/include/image_transport/image_transport/camera_subscriber.h
[16.447s] -- Installing: /home/shengbin/camera_ws/install/image_transport/include/image_transport/image_transport/camera_common.hpp
[16.447s] -- Installing: /home/shengbin/camera_ws/install/image_transport/include/image_transport/image_transport/simple_publisher_plugin.h
[16.447s] -- Installing: /home/shengbin/camera_ws/install/image_transport/include/image_transport/image_transport/loader_fwds.hpp
[16.447s] -- Installing: /home/shengbin/camera_ws/install/image_transport/include/image_transport/image_transport/subscriber_filter.hpp
[16.447s] -- Installing: /home/shengbin/camera_ws/install/image_transport/include/image_transport/image_transport/simple_subscriber_plugin.hpp
[16.447s] -- Installing: /home/shengbin/camera_ws/install/image_transport/include/image_transport/image_transport/image_transport.h
[16.447s] -- Installing: /home/shengbin/camera_ws/install/image_transport/include/image_transport/image_transport/raw_subscriber.hpp
[16.447s] -- Installing: /home/shengbin/camera_ws/install/image_transport/include/image_transport/image_transport/exception.h
[16.447s] -- Installing: /home/shengbin/camera_ws/install/image_transport/include/image_transport/image_transport/publisher_plugin.h
[16.447s] -- Installing: /home/shengbin/camera_ws/install/image_transport/include/image_transport/image_transport/single_subscriber_publisher.h
[16.447s] -- Installing: /home/shengbin/camera_ws/install/image_transport/include/image_transport/image_transport/simple_subscriber_plugin.h
[16.447s] -- Installing: /home/shengbin/camera_ws/install/image_transport/include/image_transport/image_transport/raw_publisher.h
[16.447s] -- Installing: /home/shengbin/camera_ws/install/image_transport/include/image_transport/image_transport/subscriber_plugin.hpp
[16.447s] -- Installing: /home/shengbin/camera_ws/install/image_transport/include/image_transport/image_transport/camera_publisher.hpp
[16.447s] -- Installing: /home/shengbin/camera_ws/install/image_transport/include/image_transport/image_transport/subscriber.h
[16.447s] -- Installing: /home/shengbin/camera_ws/install/image_transport/include/image_transport/image_transport/raw_publisher.hpp
[16.447s] -- Installing: /home/shengbin/camera_ws/install/image_transport/include/image_transport/image_transport/single_subscriber_publisher.hpp
[16.447s] -- Installing: /home/shengbin/camera_ws/install/image_transport/include/image_transport/image_transport/publisher_plugin.hpp
[16.447s] -- Installing: /home/shengbin/camera_ws/install/image_transport/include/image_transport/image_transport/exception.hpp
[16.447s] -- Up-to-date: /home/shengbin/camera_ws/install/image_transport/share/ament_index/resource_index/package_run_dependencies/image_transport
[16.448s] -- Up-to-date: /home/shengbin/camera_ws/install/image_transport/share/ament_index/resource_index/parent_prefix_path/image_transport
[16.448s] -- Up-to-date: /home/shengbin/camera_ws/install/image_transport/share/image_transport/environment/ament_prefix_path.sh
[16.448s] -- Installing: /home/shengbin/camera_ws/install/image_transport/share/image_transport/environment/ament_prefix_path.dsv
[16.448s] -- Up-to-date: /home/shengbin/camera_ws/install/image_transport/share/image_transport/environment/path.sh
[16.448s] -- Installing: /home/shengbin/camera_ws/install/image_transport/share/image_transport/environment/path.dsv
[16.448s] -- Up-to-date: /home/shengbin/camera_ws/install/image_transport/share/image_transport/local_setup.bash
[16.448s] -- Up-to-date: /home/shengbin/camera_ws/install/image_transport/share/image_transport/local_setup.sh
[16.448s] -- Up-to-date: /home/shengbin/camera_ws/install/image_transport/share/image_transport/local_setup.zsh
[16.448s] -- Installing: /home/shengbin/camera_ws/install/image_transport/share/image_transport/local_setup.dsv
[16.448s] -- Installing: /home/shengbin/camera_ws/install/image_transport/share/image_transport/package.dsv
[16.448s] -- Up-to-date: /home/shengbin/camera_ws/install/image_transport/share/ament_index/resource_index/packages/image_transport
[16.448s] -- Up-to-date: /home/shengbin/camera_ws/install/image_transport/share/ament_index/resource_index/image_transport__pluginlib__plugin/image_transport
[16.448s] -- Up-to-date: /home/shengbin/camera_ws/install/image_transport/share/image_transport/cmake/export_image_transportExport.cmake
[16.448s] -- Up-to-date: /home/shengbin/camera_ws/install/image_transport/share/image_transport/cmake/export_image_transportExport-noconfig.cmake
[16.448s] -- Up-to-date: /home/shengbin/camera_ws/install/image_transport/share/image_transport/cmake/ament_cmake_export_targets-extras.cmake
[16.448s] -- Up-to-date: /home/shengbin/camera_ws/install/image_transport/share/image_transport/cmake/ament_cmake_export_dependencies-extras.cmake
[16.448s] -- Installing: /home/shengbin/camera_ws/install/image_transport/share/image_transport/cmake/image_transportConfig.cmake
[16.448s] -- Installing: /home/shengbin/camera_ws/install/image_transport/share/image_transport/cmake/image_transportConfig-version.cmake
[16.448s] -- Installing: /home/shengbin/camera_ws/install/image_transport/share/image_transport/package.xml
[16.450s] Invoked command in '/home/shengbin/camera_ws/build/image_transport' returned '0': CMAKE_PREFIX_PATH=/opt/ros/humble /usr/bin/cmake --install /home/shengbin/camera_ws/build/image_transport
