[0.170s] Invoking command in '/home/shengbin/camera_ws/build/image_transport': CMAKE_PREFIX_PATH=${CMAKE_PREFIX_PATH}:/home/shengbin/camera_ws/install/camera:/opt/ros/humble /usr/bin/cmake --build /home/shengbin/camera_ws/build/image_transport -- -j16 -l16
[0.200s] [35m[1mConsolidate compiler generated dependencies of target gtest_main[0m
[0.200s] [35m[1mConsolidate compiler generated dependencies of target gtest[0m
[0.200s] [35m[1mConsolidate compiler generated dependencies of target image_transport[0m
[0.213s] [  6%] Built target gtest_main
[0.214s] [ 13%] Built target gtest
[0.219s] [ 40%] Built target image_transport
[0.230s] [35m[1mConsolidate compiler generated dependencies of target image_transport-message_passing[0m
[0.231s] [35m[1mConsolidate compiler generated dependencies of target image_transport-publisher[0m
[0.231s] [35m[1mConsolidate compiler generated dependencies of target image_transport-subscriber[0m
[0.232s] [35m[1mConsolidate compiler generated dependencies of target image_transport-camera_common[0m
[0.232s] [35m[1mConsolidate compiler generated dependencies of target republish[0m
[0.232s] [35m[1mConsolidate compiler generated dependencies of target image_transport_plugins[0m
[0.232s] [35m[1mConsolidate compiler generated dependencies of target list_transports[0m
[0.233s] [35m[1mConsolidate compiler generated dependencies of target image_transport-single_subscriber_publisher[0m
[0.235s] [35m[1mConsolidate compiler generated dependencies of target image_transport-remapping[0m
[0.247s] [ 46%] Built target image_transport-camera_common
[0.248s] [ 53%] Built target image_transport-message_passing
[0.249s] [ 60%] Built target image_transport_plugins
[0.250s] [ 66%] Built target republish
[0.251s] [ 73%] Built target list_transports
[0.251s] [ 80%] Built target image_transport-subscriber
[0.252s] [ 86%] Built target image_transport-publisher
[0.253s] [ 93%] Built target image_transport-single_subscriber_publisher
[0.255s] [100%] Built target image_transport-remapping
[0.413s] Invoked command in '/home/shengbin/camera_ws/build/image_transport' returned '0': CMAKE_PREFIX_PATH=${CMAKE_PREFIX_PATH}:/home/shengbin/camera_ws/install/camera:/opt/ros/humble /usr/bin/cmake --build /home/shengbin/camera_ws/build/image_transport -- -j16 -l16
[0.518s] Invoking command in '/home/shengbin/camera_ws/build/image_transport': CMAKE_PREFIX_PATH=${CMAKE_PREFIX_PATH}:/home/shengbin/camera_ws/install/camera:/opt/ros/humble /usr/bin/cmake --install /home/shengbin/camera_ws/build/image_transport
[0.524s] -- Install configuration: ""
[0.524s] -- Up-to-date: /home/shengbin/camera_ws/install/image_transport/share/image_transport/default_plugins.xml
[0.525s] -- Up-to-date: /home/shengbin/camera_ws/install/image_transport/lib/libimage_transport.so
[0.525s] -- Up-to-date: /home/shengbin/camera_ws/install/image_transport/lib/libimage_transport_plugins.so
[0.525s] -- Up-to-date: /home/shengbin/camera_ws/install/image_transport/lib/libimage_transport.so
[0.525s] -- Up-to-date: /home/shengbin/camera_ws/install/image_transport/lib/image_transport/list_transports
[0.525s] -- Up-to-date: /home/shengbin/camera_ws/install/image_transport/lib/image_transport/republish
[0.525s] -- Up-to-date: /home/shengbin/camera_ws/install/image_transport/include/image_transport
[0.525s] -- Up-to-date: /home/shengbin/camera_ws/install/image_transport/include/image_transport/image_transport
[0.526s] -- Up-to-date: /home/shengbin/camera_ws/install/image_transport/include/image_transport/image_transport/subscriber.hpp
[0.526s] -- Up-to-date: /home/shengbin/camera_ws/install/image_transport/include/image_transport/image_transport/transport_hints.hpp
[0.526s] -- Up-to-date: /home/shengbin/camera_ws/install/image_transport/include/image_transport/image_transport/loader_fwds.h
[0.526s] -- Up-to-date: /home/shengbin/camera_ws/install/image_transport/include/image_transport/image_transport/publisher.h
[0.526s] -- Up-to-date: /home/shengbin/camera_ws/install/image_transport/include/image_transport/image_transport/subscriber_filter.h
[0.526s] -- Up-to-date: /home/shengbin/camera_ws/install/image_transport/include/image_transport/image_transport/camera_subscriber.hpp
[0.527s] -- Up-to-date: /home/shengbin/camera_ws/install/image_transport/include/image_transport/image_transport/transport_hints.h
[0.527s] -- Up-to-date: /home/shengbin/camera_ws/install/image_transport/include/image_transport/image_transport/visibility_control.hpp
[0.527s] -- Up-to-date: /home/shengbin/camera_ws/install/image_transport/include/image_transport/image_transport/publisher.hpp
[0.527s] -- Up-to-date: /home/shengbin/camera_ws/install/image_transport/include/image_transport/image_transport/camera_common.h
[0.527s] -- Up-to-date: /home/shengbin/camera_ws/install/image_transport/include/image_transport/image_transport/simple_publisher_plugin.hpp
[0.527s] -- Up-to-date: /home/shengbin/camera_ws/install/image_transport/include/image_transport/image_transport/subscriber_plugin.h
[0.527s] -- Up-to-date: /home/shengbin/camera_ws/install/image_transport/include/image_transport/image_transport/raw_subscriber.h
[0.527s] -- Up-to-date: /home/shengbin/camera_ws/install/image_transport/include/image_transport/image_transport/camera_publisher.h
[0.527s] -- Up-to-date: /home/shengbin/camera_ws/install/image_transport/include/image_transport/image_transport/image_transport.hpp
[0.527s] -- Up-to-date: /home/shengbin/camera_ws/install/image_transport/include/image_transport/image_transport/camera_subscriber.h
[0.527s] -- Up-to-date: /home/shengbin/camera_ws/install/image_transport/include/image_transport/image_transport/camera_common.hpp
[0.528s] -- Up-to-date: /home/shengbin/camera_ws/install/image_transport/include/image_transport/image_transport/simple_publisher_plugin.h
[0.528s] -- Up-to-date: /home/shengbin/camera_ws/install/image_transport/include/image_transport/image_transport/loader_fwds.hpp
[0.528s] -- Up-to-date: /home/shengbin/camera_ws/install/image_transport/include/image_transport/image_transport/subscriber_filter.hpp
[0.528s] -- Up-to-date: /home/shengbin/camera_ws/install/image_transport/include/image_transport/image_transport/simple_subscriber_plugin.hpp
[0.528s] -- Up-to-date: /home/shengbin/camera_ws/install/image_transport/include/image_transport/image_transport/image_transport.h
[0.528s] -- Up-to-date: /home/shengbin/camera_ws/install/image_transport/include/image_transport/image_transport/raw_subscriber.hpp
[0.528s] -- Up-to-date: /home/shengbin/camera_ws/install/image_transport/include/image_transport/image_transport/exception.h
[0.528s] -- Up-to-date: /home/shengbin/camera_ws/install/image_transport/include/image_transport/image_transport/publisher_plugin.h
[0.528s] -- Up-to-date: /home/shengbin/camera_ws/install/image_transport/include/image_transport/image_transport/single_subscriber_publisher.h
[0.528s] -- Up-to-date: /home/shengbin/camera_ws/install/image_transport/include/image_transport/image_transport/simple_subscriber_plugin.h
[0.528s] -- Up-to-date: /home/shengbin/camera_ws/install/image_transport/include/image_transport/image_transport/raw_publisher.h
[0.528s] -- Up-to-date: /home/shengbin/camera_ws/install/image_transport/include/image_transport/image_transport/subscriber_plugin.hpp
[0.529s] -- Up-to-date: /home/shengbin/camera_ws/install/image_transport/include/image_transport/image_transport/camera_publisher.hpp
[0.529s] -- Up-to-date: /home/shengbin/camera_ws/install/image_transport/include/image_transport/image_transport/subscriber.h
[0.529s] -- Up-to-date: /home/shengbin/camera_ws/install/image_transport/include/image_transport/image_transport/raw_publisher.hpp
[0.529s] -- Up-to-date: /home/shengbin/camera_ws/install/image_transport/include/image_transport/image_transport/single_subscriber_publisher.hpp
[0.529s] -- Up-to-date: /home/shengbin/camera_ws/install/image_transport/include/image_transport/image_transport/publisher_plugin.hpp
[0.530s] -- Up-to-date: /home/shengbin/camera_ws/install/image_transport/include/image_transport/image_transport/exception.hpp
[0.530s] -- Up-to-date: /home/shengbin/camera_ws/install/image_transport/share/ament_index/resource_index/package_run_dependencies/image_transport
[0.530s] -- Up-to-date: /home/shengbin/camera_ws/install/image_transport/share/ament_index/resource_index/parent_prefix_path/image_transport
[0.530s] -- Up-to-date: /home/shengbin/camera_ws/install/image_transport/share/image_transport/environment/ament_prefix_path.sh
[0.530s] -- Up-to-date: /home/shengbin/camera_ws/install/image_transport/share/image_transport/environment/ament_prefix_path.dsv
[0.531s] -- Up-to-date: /home/shengbin/camera_ws/install/image_transport/share/image_transport/environment/path.sh
[0.531s] -- Up-to-date: /home/shengbin/camera_ws/install/image_transport/share/image_transport/environment/path.dsv
[0.531s] -- Up-to-date: /home/shengbin/camera_ws/install/image_transport/share/image_transport/local_setup.bash
[0.531s] -- Up-to-date: /home/shengbin/camera_ws/install/image_transport/share/image_transport/local_setup.sh
[0.532s] -- Up-to-date: /home/shengbin/camera_ws/install/image_transport/share/image_transport/local_setup.zsh
[0.532s] -- Up-to-date: /home/shengbin/camera_ws/install/image_transport/share/image_transport/local_setup.dsv
[0.532s] -- Installing: /home/shengbin/camera_ws/install/image_transport/share/image_transport/package.dsv
[0.533s] -- Up-to-date: /home/shengbin/camera_ws/install/image_transport/share/ament_index/resource_index/packages/image_transport
[0.533s] -- Up-to-date: /home/shengbin/camera_ws/install/image_transport/share/ament_index/resource_index/image_transport__pluginlib__plugin/image_transport
[0.533s] -- Up-to-date: /home/shengbin/camera_ws/install/image_transport/share/image_transport/cmake/export_image_transportExport.cmake
[0.534s] -- Up-to-date: /home/shengbin/camera_ws/install/image_transport/share/image_transport/cmake/export_image_transportExport-noconfig.cmake
[0.534s] -- Up-to-date: /home/shengbin/camera_ws/install/image_transport/share/image_transport/cmake/ament_cmake_export_targets-extras.cmake
[0.534s] -- Up-to-date: /home/shengbin/camera_ws/install/image_transport/share/image_transport/cmake/ament_cmake_export_dependencies-extras.cmake
[0.534s] -- Up-to-date: /home/shengbin/camera_ws/install/image_transport/share/image_transport/cmake/image_transportConfig.cmake
[0.535s] -- Up-to-date: /home/shengbin/camera_ws/install/image_transport/share/image_transport/cmake/image_transportConfig-version.cmake
[0.535s] -- Up-to-date: /home/shengbin/camera_ws/install/image_transport/share/image_transport/package.xml
[0.668s] Invoked command in '/home/shengbin/camera_ws/build/image_transport' returned '0': CMAKE_PREFIX_PATH=${CMAKE_PREFIX_PATH}:/home/shengbin/camera_ws/install/camera:/opt/ros/humble /usr/bin/cmake --install /home/shengbin/camera_ws/build/image_transport
