[35m[1mConsolidate compiler generated dependencies of target image_transport[0m
[  6%] Built target gtest
[ 13%] Built target gtest_main
[ 40%] Built target image_transport
[35m[1mConsolidate compiler generated dependencies of target republish[0m
[35m[1mConsolidate compiler generated dependencies of target image_transport_plugins[0m
[35m[1mConsolidate compiler generated dependencies of target image_transport-camera_common[0m
[35m[1mConsolidate compiler generated dependencies of target list_transports[0m
[35m[1mConsolidate compiler generated dependencies of target image_transport-publisher[0m
[35m[1mConsolidate compiler generated dependencies of target image_transport-remapping[0m
[35m[1mConsolidate compiler generated dependencies of target image_transport-subscriber[0m
[35m[1mConsolidate compiler generated dependencies of target image_transport-message_passing[0m
[35m[1mConsolidate compiler generated dependencies of target image_transport-single_subscriber_publisher[0m
[ 46%] Built target image_transport_plugins
[ 53%] Built target republish
[ 60%] Built target image_transport-camera_common
[ 66%] Built target image_transport-subscriber
[ 80%] Built target image_transport-publisher
[ 80%] Built target image_transport-single_subscriber_publisher
[ 86%] Built target image_transport-message_passing
[100%] Built target list_transports
[100%] Built target image_transport-remapping
