[0.094s] Invoking command in '/home/shengbin/camera_ws/build/compressed_image_transport': AMENT_PREFIX_PATH=/home/shengbin/camera_ws/install/image_transport:/home/shengbin/camera_ws/install/cv_bridge:${AMENT_PREFIX_PATH} CMAKE_PREFIX_PATH=/home/shengbin/camera_ws/install/image_transport:/home/shengbin/camera_ws/install/cv_bridge:/opt/ros/humble LD_LIBRARY_PATH=/home/shengbin/camera_ws/install/image_transport/lib:/home/shengbin/camera_ws/install/cv_bridge/lib:${LD_LIBRARY_PATH} PYTHONPATH=/home/shengbin/camera_ws/install/cv_bridge/local/lib/python3.10/dist-packages:${PYTHONPATH} /usr/bin/cmake --build /home/shengbin/camera_ws/build/compressed_image_transport -- -j16 -l16
[0.110s] -- Found ament_cmake: 1.3.5 (/opt/ros/humble/share/ament_cmake/cmake)
[0.206s] -- Found image_transport: 3.1.7 (/home/shengbin/camera_ws/install/image_transport/share/image_transport/cmake)
[0.228s] -- Found rosidl_generator_c: 3.1.5 (/opt/ros/humble/share/rosidl_generator_c/cmake)
[0.229s] -- Found rosidl_adapter: 3.1.5 (/opt/ros/humble/share/rosidl_adapter/cmake)
[0.233s] -- Found rosidl_generator_cpp: 3.1.5 (/opt/ros/humble/share/rosidl_generator_cpp/cmake)
[0.240s] -- Using all available rosidl_typesupport_c: rosidl_typesupport_fastrtps_c;rosidl_typesupport_introspection_c
[0.250s] -- Using all available rosidl_typesupport_cpp: rosidl_typesupport_fastrtps_cpp;rosidl_typesupport_introspection_cpp
[0.289s] -- Found rmw_implementation_cmake: 6.1.1 (/opt/ros/humble/share/rmw_implementation_cmake/cmake)
[0.290s] -- Found rmw_cyclonedds_cpp: 1.3.4 (/opt/ros/humble/share/rmw_cyclonedds_cpp/cmake)
[0.309s] -- Using RMW implementation 'rmw_cyclonedds_cpp' as default
[0.544s] -- Found cv_bridge: 3.2.1 (/home/shengbin/camera_ws/install/cv_bridge/share/cv_bridge/cmake)
[0.605s] -- Configuring done
[0.614s] -- Generating done
[0.615s] -- Build files have been written to: /home/shengbin/camera_ws/build/compressed_image_transport
[0.634s] [35m[1mConsolidate compiler generated dependencies of target compressed_image_transport[0m
[0.649s] [ 25%] [32mBuilding CXX object CMakeFiles/compressed_image_transport.dir/src/compressed_publisher.cpp.o[0m
[0.652s] [ 50%] [32mBuilding CXX object CMakeFiles/compressed_image_transport.dir/src/compressed_subscriber.cpp.o[0m
[0.653s] [ 75%] [32mBuilding CXX object CMakeFiles/compressed_image_transport.dir/src/manifest.cpp.o[0m
[11.803s] [100%] [32m[1mLinking CXX shared library libcompressed_image_transport.so[0m
[12.441s] [100%] Built target compressed_image_transport
[12.450s] Invoked command in '/home/shengbin/camera_ws/build/compressed_image_transport' returned '0': AMENT_PREFIX_PATH=/home/shengbin/camera_ws/install/image_transport:/home/shengbin/camera_ws/install/cv_bridge:${AMENT_PREFIX_PATH} CMAKE_PREFIX_PATH=/home/shengbin/camera_ws/install/image_transport:/home/shengbin/camera_ws/install/cv_bridge:/opt/ros/humble LD_LIBRARY_PATH=/home/shengbin/camera_ws/install/image_transport/lib:/home/shengbin/camera_ws/install/cv_bridge/lib:${LD_LIBRARY_PATH} PYTHONPATH=/home/shengbin/camera_ws/install/cv_bridge/local/lib/python3.10/dist-packages:${PYTHONPATH} /usr/bin/cmake --build /home/shengbin/camera_ws/build/compressed_image_transport -- -j16 -l16
[12.469s] Invoking command in '/home/shengbin/camera_ws/build/compressed_image_transport': AMENT_PREFIX_PATH=/home/shengbin/camera_ws/install/image_transport:/home/shengbin/camera_ws/install/cv_bridge:${AMENT_PREFIX_PATH} CMAKE_PREFIX_PATH=/home/shengbin/camera_ws/install/image_transport:/home/shengbin/camera_ws/install/cv_bridge:/opt/ros/humble LD_LIBRARY_PATH=/home/shengbin/camera_ws/install/image_transport/lib:/home/shengbin/camera_ws/install/cv_bridge/lib:${LD_LIBRARY_PATH} PYTHONPATH=/home/shengbin/camera_ws/install/cv_bridge/local/lib/python3.10/dist-packages:${PYTHONPATH} /usr/bin/cmake --install /home/shengbin/camera_ws/build/compressed_image_transport
[12.475s] -- Install configuration: ""
[12.475s] -- Installing: /home/shengbin/camera_ws/install/compressed_image_transport/lib/libcompressed_image_transport.so
[12.479s] -- Set runtime path of "/home/shengbin/camera_ws/install/compressed_image_transport/lib/libcompressed_image_transport.so" to ""
[12.479s] -- Installing: /home/shengbin/camera_ws/install/compressed_image_transport/include
[12.479s] -- Installing: /home/shengbin/camera_ws/install/compressed_image_transport/include/compressed_image_transport
[12.479s] -- Installing: /home/shengbin/camera_ws/install/compressed_image_transport/include/compressed_image_transport/compressed_subscriber.h
[12.479s] -- Installing: /home/shengbin/camera_ws/install/compressed_image_transport/include/compressed_image_transport/compression_common.h
[12.479s] -- Installing: /home/shengbin/camera_ws/install/compressed_image_transport/include/compressed_image_transport/compressed_publisher.h
[12.479s] -- Installing: /home/shengbin/camera_ws/install/compressed_image_transport/share/compressed_image_transport/compressed_plugins.xml
[12.480s] -- Installing: /home/shengbin/camera_ws/install/compressed_image_transport/share/ament_index/resource_index/package_run_dependencies/compressed_image_transport
[12.480s] -- Installing: /home/shengbin/camera_ws/install/compressed_image_transport/share/ament_index/resource_index/parent_prefix_path/compressed_image_transport
[12.480s] -- Installing: /home/shengbin/camera_ws/install/compressed_image_transport/share/compressed_image_transport/environment/ament_prefix_path.sh
[12.480s] -- Installing: /home/shengbin/camera_ws/install/compressed_image_transport/share/compressed_image_transport/environment/ament_prefix_path.dsv
[12.480s] -- Installing: /home/shengbin/camera_ws/install/compressed_image_transport/share/compressed_image_transport/environment/path.sh
[12.480s] -- Installing: /home/shengbin/camera_ws/install/compressed_image_transport/share/compressed_image_transport/environment/path.dsv
[12.480s] -- Installing: /home/shengbin/camera_ws/install/compressed_image_transport/share/compressed_image_transport/local_setup.bash
[12.480s] -- Installing: /home/shengbin/camera_ws/install/compressed_image_transport/share/compressed_image_transport/local_setup.sh
[12.480s] -- Installing: /home/shengbin/camera_ws/install/compressed_image_transport/share/compressed_image_transport/local_setup.zsh
[12.480s] -- Installing: /home/shengbin/camera_ws/install/compressed_image_transport/share/compressed_image_transport/local_setup.dsv
[12.480s] -- Installing: /home/shengbin/camera_ws/install/compressed_image_transport/share/compressed_image_transport/package.dsv
[12.481s] -- Installing: /home/shengbin/camera_ws/install/compressed_image_transport/share/ament_index/resource_index/packages/compressed_image_transport
[12.481s] -- Installing: /home/shengbin/camera_ws/install/compressed_image_transport/share/ament_index/resource_index/image_transport__pluginlib__plugin/compressed_image_transport
[12.481s] -- Installing: /home/shengbin/camera_ws/install/compressed_image_transport/share/compressed_image_transport/cmake/compressed_image_transportConfig.cmake
[12.481s] -- Installing: /home/shengbin/camera_ws/install/compressed_image_transport/share/compressed_image_transport/cmake/compressed_image_transportConfig-version.cmake
[12.481s] -- Installing: /home/shengbin/camera_ws/install/compressed_image_transport/share/compressed_image_transport/package.xml
[12.482s] Invoked command in '/home/shengbin/camera_ws/build/compressed_image_transport' returned '0': AMENT_PREFIX_PATH=/home/shengbin/camera_ws/install/image_transport:/home/shengbin/camera_ws/install/cv_bridge:${AMENT_PREFIX_PATH} CMAKE_PREFIX_PATH=/home/shengbin/camera_ws/install/image_transport:/home/shengbin/camera_ws/install/cv_bridge:/opt/ros/humble LD_LIBRARY_PATH=/home/shengbin/camera_ws/install/image_transport/lib:/home/shengbin/camera_ws/install/cv_bridge/lib:${LD_LIBRARY_PATH} PYTHONPATH=/home/shengbin/camera_ws/install/cv_bridge/local/lib/python3.10/dist-packages:${PYTHONPATH} /usr/bin/cmake --install /home/shengbin/camera_ws/build/compressed_image_transport
