[0.106s] Invoking command in '/home/shengbin/camera_ws/build/tracetools_image_pipeline': CMAKE_PREFIX_PATH=/home/shengbin/camera_ws/install/camera:/opt/ros/humble /usr/bin/cmake /home/shengbin/camera_ws/src/image_pipeline/tracetools_image_pipeline -DCMAKE_INSTALL_PREFIX=/home/shengbin/camera_ws/install/tracetools_image_pipeline
[0.117s] -- Found ament_cmake_ros: 0.10.0 (/opt/ros/humble/share/ament_cmake_ros/cmake)
[0.248s] -- Override CMake install command with custom implementation using symlinks instead of copying resources
[0.261s] [0mLTTng found: tracing enabled[0m
[0.264s] -- Found ament_lint_auto: 0.12.8 (/opt/ros/humble/share/ament_lint_auto/cmake)
[0.348s] -- Added test 'copyright' to check source files copyright and LICENSE
[0.351s] -- Added test 'cppcheck' to perform static code analysis on C / C++ code
[0.352s] -- Configured cppcheck include dirs: /usr/include/x86_64-linux-gnu
[0.352s] -- Configured cppcheck exclude dirs and/or files: 
[0.355s] -- Added test 'cpplint' to check C / C++ code against the Google style
[0.355s] -- Configured cpplint exclude dirs and/or files: 
[0.357s] -- Added test 'lint_cmake' to check CMake code style
[0.360s] -- Added test 'uncrustify' to check C / C++ code style
[0.360s] -- Configured uncrustify additional arguments: 
[0.361s] -- Added test 'xmllint' to check XML markup files
[0.367s] -- Configuring done
[0.380s] -- Generating done
[0.382s] -- Build files have been written to: /home/shengbin/camera_ws/build/tracetools_image_pipeline
[0.588s] Invoked command in '/home/shengbin/camera_ws/build/tracetools_image_pipeline' returned '0': CMAKE_PREFIX_PATH=/home/shengbin/camera_ws/install/camera:/opt/ros/humble /usr/bin/cmake /home/shengbin/camera_ws/src/image_pipeline/tracetools_image_pipeline -DCMAKE_INSTALL_PREFIX=/home/shengbin/camera_ws/install/tracetools_image_pipeline
[0.590s] Invoking command in '/home/shengbin/camera_ws/build/tracetools_image_pipeline': CMAKE_PREFIX_PATH=/home/shengbin/camera_ws/install/camera:/opt/ros/humble /usr/bin/cmake --build /home/shengbin/camera_ws/build/tracetools_image_pipeline -- -j16 -l16
[0.649s] [ 50%] [32mBuilding C object CMakeFiles/tracetools_image_pipeline.dir/src/tracetools.c.o[0m
[0.649s] [ 50%] [32mBuilding CXX object CMakeFiles/tracetools_image_pipeline.dir/src/utils.cpp.o[0m
[0.649s] [ 50%] [32mBuilding C object CMakeFiles/tracetools_image_pipeline.dir/src/tp_call.c.o[0m
[0.813s] [ 66%] [32m[1mLinking CXX shared library libtracetools_image_pipeline.so[0m
[0.883s] [ 66%] Built target tracetools_image_pipeline
[0.899s] [ 83%] [32mBuilding C object CMakeFiles/status.dir/src/status.c.o[0m
[0.921s] [100%] [32m[1mLinking C executable status[0m
[0.971s] [100%] Built target status
