[0.323s] Invoking command in '/home/shengbin/camera_ws/build/compressed_image_transport': CMAKE_PREFIX_PATH=/home/shengbin/camera_ws/install/image_transport:/home/shengbin/camera_ws/install/cv_bridge:/home/shengbin/camera_ws/install/v4l2_camera:/home/shengbin/camera_ws/install/image_transport_plugins:/home/shengbin/camera_ws/install/theora_image_transport:/home/shengbin/camera_ws/install/compressed_image_transport:/home/shengbin/camera_ws/install/compressed_depth_image_transport:/home/shengbin/camera_ws/install/camera_info_manager:/home/shengbin/camera_ws/install/camera_calibration_parsers:/home/shengbin/camera_ws/install/camera:/opt/ros/humble LD_LIBRARY_PATH=/home/shengbin/camera_ws/install/image_transport/lib:/home/shengbin/camera_ws/install/cv_bridge/lib:/home/shengbin/camera_ws/install/v4l2_camera/lib:/home/shengbin/camera_ws/install/theora_image_transport/lib:/home/shengbin/camera_ws/install/compressed_image_transport/lib:/home/shengbin/camera_ws/install/compressed_depth_image_transport/lib:/home/shengbin/camera_ws/install/camera_info_manager/lib:/home/shengbin/camera_ws/install/camera_calibration_parsers/lib:/opt/ros/humble/opt/rviz_ogre_vendor/lib:/opt/ros/humble/lib/x86_64-linux-gnu:/opt/ros/humble/lib /usr/bin/cmake --build /home/shengbin/camera_ws/build/compressed_image_transport -- -j16 -l16
[0.356s] [35m[1mConsolidate compiler generated dependencies of target compressed_image_transport[0m
[0.380s] [100%] Built target compressed_image_transport
[0.429s] Invoked command in '/home/shengbin/camera_ws/build/compressed_image_transport' returned '0': CMAKE_PREFIX_PATH=/home/shengbin/camera_ws/install/image_transport:/home/shengbin/camera_ws/install/cv_bridge:/home/shengbin/camera_ws/install/v4l2_camera:/home/shengbin/camera_ws/install/image_transport_plugins:/home/shengbin/camera_ws/install/theora_image_transport:/home/shengbin/camera_ws/install/compressed_image_transport:/home/shengbin/camera_ws/install/compressed_depth_image_transport:/home/shengbin/camera_ws/install/camera_info_manager:/home/shengbin/camera_ws/install/camera_calibration_parsers:/home/shengbin/camera_ws/install/camera:/opt/ros/humble LD_LIBRARY_PATH=/home/shengbin/camera_ws/install/image_transport/lib:/home/shengbin/camera_ws/install/cv_bridge/lib:/home/shengbin/camera_ws/install/v4l2_camera/lib:/home/shengbin/camera_ws/install/theora_image_transport/lib:/home/shengbin/camera_ws/install/compressed_image_transport/lib:/home/shengbin/camera_ws/install/compressed_depth_image_transport/lib:/home/shengbin/camera_ws/install/camera_info_manager/lib:/home/shengbin/camera_ws/install/camera_calibration_parsers/lib:/opt/ros/humble/opt/rviz_ogre_vendor/lib:/opt/ros/humble/lib/x86_64-linux-gnu:/opt/ros/humble/lib /usr/bin/cmake --build /home/shengbin/camera_ws/build/compressed_image_transport -- -j16 -l16
[0.648s] Invoking command in '/home/shengbin/camera_ws/build/compressed_image_transport': CMAKE_PREFIX_PATH=/home/shengbin/camera_ws/install/image_transport:/home/shengbin/camera_ws/install/cv_bridge:/home/shengbin/camera_ws/install/v4l2_camera:/home/shengbin/camera_ws/install/image_transport_plugins:/home/shengbin/camera_ws/install/theora_image_transport:/home/shengbin/camera_ws/install/compressed_image_transport:/home/shengbin/camera_ws/install/compressed_depth_image_transport:/home/shengbin/camera_ws/install/camera_info_manager:/home/shengbin/camera_ws/install/camera_calibration_parsers:/home/shengbin/camera_ws/install/camera:/opt/ros/humble LD_LIBRARY_PATH=/home/shengbin/camera_ws/install/image_transport/lib:/home/shengbin/camera_ws/install/cv_bridge/lib:/home/shengbin/camera_ws/install/v4l2_camera/lib:/home/shengbin/camera_ws/install/theora_image_transport/lib:/home/shengbin/camera_ws/install/compressed_image_transport/lib:/home/shengbin/camera_ws/install/compressed_depth_image_transport/lib:/home/shengbin/camera_ws/install/camera_info_manager/lib:/home/shengbin/camera_ws/install/camera_calibration_parsers/lib:/opt/ros/humble/opt/rviz_ogre_vendor/lib:/opt/ros/humble/lib/x86_64-linux-gnu:/opt/ros/humble/lib /usr/bin/cmake --install /home/shengbin/camera_ws/build/compressed_image_transport
[0.660s] -- Install configuration: ""
[0.662s] -- Up-to-date: /home/shengbin/camera_ws/install/compressed_image_transport/lib/libcompressed_image_transport.so
[0.662s] -- Up-to-date: /home/shengbin/camera_ws/install/compressed_image_transport/include
[0.663s] -- Up-to-date: /home/shengbin/camera_ws/install/compressed_image_transport/include/compressed_image_transport
[0.663s] -- Up-to-date: /home/shengbin/camera_ws/install/compressed_image_transport/include/compressed_image_transport/compressed_subscriber.h
[0.663s] -- Up-to-date: /home/shengbin/camera_ws/install/compressed_image_transport/include/compressed_image_transport/compression_common.h
[0.664s] -- Up-to-date: /home/shengbin/camera_ws/install/compressed_image_transport/include/compressed_image_transport/compressed_publisher.h
[0.664s] -- Up-to-date: /home/shengbin/camera_ws/install/compressed_image_transport/share/compressed_image_transport/compressed_plugins.xml
[0.664s] -- Up-to-date: /home/shengbin/camera_ws/install/compressed_image_transport/share/ament_index/resource_index/package_run_dependencies/compressed_image_transport
[0.664s] -- Up-to-date: /home/shengbin/camera_ws/install/compressed_image_transport/share/ament_index/resource_index/parent_prefix_path/compressed_image_transport
[0.665s] -- Up-to-date: /home/shengbin/camera_ws/install/compressed_image_transport/share/compressed_image_transport/environment/ament_prefix_path.sh
[0.665s] -- Up-to-date: /home/shengbin/camera_ws/install/compressed_image_transport/share/compressed_image_transport/environment/ament_prefix_path.dsv
[0.665s] -- Up-to-date: /home/shengbin/camera_ws/install/compressed_image_transport/share/compressed_image_transport/environment/path.sh
[0.665s] -- Up-to-date: /home/shengbin/camera_ws/install/compressed_image_transport/share/compressed_image_transport/environment/path.dsv
[0.665s] -- Up-to-date: /home/shengbin/camera_ws/install/compressed_image_transport/share/compressed_image_transport/local_setup.bash
[0.665s] -- Up-to-date: /home/shengbin/camera_ws/install/compressed_image_transport/share/compressed_image_transport/local_setup.sh
[0.665s] -- Up-to-date: /home/shengbin/camera_ws/install/compressed_image_transport/share/compressed_image_transport/local_setup.zsh
[0.666s] -- Up-to-date: /home/shengbin/camera_ws/install/compressed_image_transport/share/compressed_image_transport/local_setup.dsv
[0.666s] -- Installing: /home/shengbin/camera_ws/install/compressed_image_transport/share/compressed_image_transport/package.dsv
[0.666s] -- Up-to-date: /home/shengbin/camera_ws/install/compressed_image_transport/share/ament_index/resource_index/packages/compressed_image_transport
[0.666s] -- Up-to-date: /home/shengbin/camera_ws/install/compressed_image_transport/share/ament_index/resource_index/image_transport__pluginlib__plugin/compressed_image_transport
[0.666s] -- Up-to-date: /home/shengbin/camera_ws/install/compressed_image_transport/share/compressed_image_transport/cmake/compressed_image_transportConfig.cmake
[0.666s] -- Up-to-date: /home/shengbin/camera_ws/install/compressed_image_transport/share/compressed_image_transport/cmake/compressed_image_transportConfig-version.cmake
[0.666s] -- Up-to-date: /home/shengbin/camera_ws/install/compressed_image_transport/share/compressed_image_transport/package.xml
[0.671s] Invoked command in '/home/shengbin/camera_ws/build/compressed_image_transport' returned '0': CMAKE_PREFIX_PATH=/home/shengbin/camera_ws/install/image_transport:/home/shengbin/camera_ws/install/cv_bridge:/home/shengbin/camera_ws/install/v4l2_camera:/home/shengbin/camera_ws/install/image_transport_plugins:/home/shengbin/camera_ws/install/theora_image_transport:/home/shengbin/camera_ws/install/compressed_image_transport:/home/shengbin/camera_ws/install/compressed_depth_image_transport:/home/shengbin/camera_ws/install/camera_info_manager:/home/shengbin/camera_ws/install/camera_calibration_parsers:/home/shengbin/camera_ws/install/camera:/opt/ros/humble LD_LIBRARY_PATH=/home/shengbin/camera_ws/install/image_transport/lib:/home/shengbin/camera_ws/install/cv_bridge/lib:/home/shengbin/camera_ws/install/v4l2_camera/lib:/home/shengbin/camera_ws/install/theora_image_transport/lib:/home/shengbin/camera_ws/install/compressed_image_transport/lib:/home/shengbin/camera_ws/install/compressed_depth_image_transport/lib:/home/shengbin/camera_ws/install/camera_info_manager/lib:/home/shengbin/camera_ws/install/camera_calibration_parsers/lib:/opt/ros/humble/opt/rviz_ogre_vendor/lib:/opt/ros/humble/lib/x86_64-linux-gnu:/opt/ros/humble/lib /usr/bin/cmake --install /home/shengbin/camera_ws/build/compressed_image_transport
