[0.094s] Invoking command in '/home/shengbin/camera_ws/build/tracetools_image_pipeline': CMAKE_PREFIX_PATH=/home/shengbin/camera_ws/install/camera:/opt/ros/humble /usr/bin/cmake /home/shengbin/camera_ws/src/image_pipeline/tracetools_image_pipeline -DAMENT_CMAKE_SYMLINK_INSTALL=1 -DCMAKE_INSTALL_PREFIX=/home/shengbin/camera_ws/install/tracetools_image_pipeline
[0.141s] -- The C compiler identification is GNU 11.4.0
[0.181s] -- The CXX compiler identification is GNU 11.4.0
[0.189s] -- Detecting C compiler ABI info
[0.244s] -- Detecting C compiler ABI info - done
[0.252s] -- Check for working C compiler: /usr/bin/cc - skipped
[0.252s] -- Detecting C compile features
[0.252s] -- Detecting C compile features - done
[0.255s] -- Detecting CXX compiler ABI info
[0.416s] -- Detecting CXX compiler ABI info - done
[0.427s] -- Check for working CXX compiler: /usr/bin/c++ - skipped
[0.427s] -- Detecting CXX compile features
[0.428s] -- Detecting CXX compile features - done
[0.431s] -- Found ament_cmake_ros: 0.10.0 (/opt/ros/humble/share/ament_cmake_ros/cmake)
[0.632s] -- Found Python3: /usr/bin/python3.10 (found version "3.10.12") found components: Interpreter 
[0.683s] -- Override CMake install command with custom implementation using symlinks instead of copying resources
[0.705s] -- Found PkgConfig: /usr/bin/pkg-config (found version "0.29.2") 
[0.705s] -- Checking for module 'lttng-ust'
[0.715s] --   Found lttng-ust, version 2.13.1
[0.747s] [0mLTTng found: tracing enabled[0m
[0.755s] -- Found ament_lint_auto: 0.12.8 (/opt/ros/humble/share/ament_lint_auto/cmake)
[0.826s] -- Added test 'copyright' to check source files copyright and LICENSE
[0.827s] -- Added test 'cppcheck' to perform static code analysis on C / C++ code
[0.828s] -- Configured cppcheck include dirs: /usr/include/x86_64-linux-gnu
[0.828s] -- Configured cppcheck exclude dirs and/or files: 
[0.828s] -- Added test 'cpplint' to check C / C++ code against the Google style
[0.828s] -- Configured cpplint exclude dirs and/or files: 
[0.829s] -- Added test 'lint_cmake' to check CMake code style
[0.829s] -- Added test 'uncrustify' to check C / C++ code style
[0.829s] -- Configured uncrustify additional arguments: 
[0.830s] -- Added test 'xmllint' to check XML markup files
[0.831s] -- Configuring done
[0.836s] -- Generating done
[0.837s] -- Build files have been written to: /home/shengbin/camera_ws/build/tracetools_image_pipeline
