[35m[1mConsolidate compiler generated dependencies of target gtest[0m
[35m[1mConsolidate compiler generated dependencies of target gtest_main[0m
[35m[1mConsolidate compiler generated dependencies of target image_transport[0m
[ 13%] Built target gtest
[ 13%] Built target gtest_main
[ 40%] Built target image_transport
[35m[1mConsolidate compiler generated dependencies of target list_transports[0m
[35m[1mConsolidate compiler generated dependencies of target image_transport-single_subscriber_publisher[0m
[35m[1mConsolidate compiler generated dependencies of target image_transport_plugins[0m
[35m[1mConsolidate compiler generated dependencies of target image_transport-camera_common[0m
[35m[1mConsolidate compiler generated dependencies of target image_transport-remapping[0m
[35m[1mConsolidate compiler generated dependencies of target image_transport-subscriber[0m
[35m[1mConsolidate compiler generated dependencies of target republish[0m
[35m[1mConsolidate compiler generated dependencies of target image_transport-publisher[0m
[ 46%] Built target image_transport-camera_common
[35m[1mConsolidate compiler generated dependencies of target image_transport-message_passing[0m
[ 50%] [32m[1mLinking CXX shared library libimage_transport_plugins.so[0m
[ 56%] Built target image_transport-publisher
[ 63%] [32m[1mLinking CXX executable list_transports[0m
[ 66%] Built target image_transport-single_subscriber_publisher
[ 73%] Built target image_transport-remapping
[ 76%] [32m[1mLinking CXX executable republish[0m
[ 83%] Built target image_transport-subscriber
[ 90%] Built target image_transport-message_passing
[ 93%] Built target list_transports
[ 96%] Built target republish
[100%] Built target image_transport_plugins
