-- The C compiler identification is GNU 11.4.0
-- The CXX compiler identification is GNU 11.4.0
-- Detecting C compiler ABI info
-- Detecting C compiler ABI info - done
-- Check for working C compiler: /usr/bin/cc - skipped
-- Detecting C compile features
-- Detecting C compile features - done
-- Detecting CXX compiler ABI info
-- Detecting CXX compiler ABI info - done
-- Check for working CXX compiler: /usr/bin/c++ - skipped
-- Detecting CXX compile features
-- Detecting CXX compile features - done
-- Found ament_cmake: 1.3.5 (/opt/ros/humble/share/ament_cmake/cmake)
-- Found Python3: /usr/bin/python3.10 (found version "3.10.12") found components: Interpreter 
-- Found image_transport: 4.5.1 (/home/shengbin/camera_ws/install/image_transport/share/image_transport/cmake)
-- Found rosidl_generator_c: 3.1.5 (/opt/ros/humble/share/rosidl_generator_c/cmake)
-- Found rosidl_adapter: 3.1.5 (/opt/ros/humble/share/rosidl_adapter/cmake)
-- Found rosidl_generator_cpp: 3.1.5 (/opt/ros/humble/share/rosidl_generator_cpp/cmake)
-- Using all available rosidl_typesupport_c: rosidl_typesupport_fastrtps_c;rosidl_typesupport_introspection_c
-- Using all available rosidl_typesupport_cpp: rosidl_typesupport_fastrtps_cpp;rosidl_typesupport_introspection_cpp
-- Found rmw_implementation_cmake: 6.1.1 (/opt/ros/humble/share/rmw_implementation_cmake/cmake)
-- Found rmw_cyclonedds_cpp: 1.3.4 (/opt/ros/humble/share/rmw_cyclonedds_cpp/cmake)
-- Using RMW implementation 'rmw_cyclonedds_cpp' as default
-- Looking for pthread.h
-- Looking for pthread.h - found
-- Performing Test CMAKE_HAVE_LIBC_PTHREAD
-- Performing Test CMAKE_HAVE_LIBC_PTHREAD - Success
-- Found Threads: TRUE  
-- Found cv_bridge: 3.2.1 (/home/shengbin/camera_ws/install/cv_bridge/share/cv_bridge/cmake)
-- Found OpenCV: /usr (found version "4.5.4") 
-- Configuring done
-- Generating done
-- Build files have been written to: /home/shengbin/camera_ws/build/compressed_image_transport
[ 25%] [32mBuilding CXX object CMakeFiles/compressed_image_transport.dir/src/compressed_publisher.cpp.o[0m
[ 50%] [32mBuilding CXX object CMakeFiles/compressed_image_transport.dir/src/compressed_subscriber.cpp.o[0m
[ 75%] [32mBuilding CXX object CMakeFiles/compressed_image_transport.dir/src/manifest.cpp.o[0m
In file included from [01m[K/home/shengbin/camera_ws/src/image_transport_plugins/compressed_image_transport/src/compressed_publisher.cpp:35[m[K:
[01m[K/home/shengbin/camera_ws/src/image_transport_plugins/compressed_image_transport/include/compressed_image_transport/compressed_publisher.h:60:8:[m[K [01;31m[Kerror: [m[K‘[01m[Kvoid compressed_image_transport::CompressedPublisher::advertiseImpl(rclcpp::Node*, const string&, rmw_qos_profile_t)[m[K’ marked ‘[01m[Koverride[m[K’, but does not override
   60 |   void [01;31m[KadvertiseImpl[m[K(
      |        [01;31m[K^~~~~~~~~~~~~[m[K
In file included from [01m[K/home/shengbin/camera_ws/src/image_transport_plugins/compressed_image_transport/src/manifest.cpp:36[m[K:
[01m[K/home/shengbin/camera_ws/src/image_transport_plugins/compressed_image_transport/include/compressed_image_transport/compressed_publisher.h:60:8:[m[K [01;31m[Kerror: [m[K‘[01m[Kvoid compressed_image_transport::CompressedPublisher::advertiseImpl(rclcpp::Node*, const string&, rmw_qos_profile_t)[m[K’ marked ‘[01m[Koverride[m[K’, but does not override
   60 |   void [01;31m[KadvertiseImpl[m[K(
      |        [01;31m[K^~~~~~~~~~~~~[m[K
In file included from [01m[K/home/shengbin/camera_ws/src/image_transport_plugins/compressed_image_transport/src/compressed_subscriber.cpp:35[m[K:
[01m[K/home/shengbin/camera_ws/src/image_transport_plugins/compressed_image_transport/include/compressed_image_transport/compressed_subscriber.h:59:8:[m[K [01;31m[Kerror: [m[K‘[01m[Kvoid compressed_image_transport::CompressedSubscriber::subscribeImpl(rclcpp::Node*, const string&, const Callback&, rmw_qos_profile_t)[m[K’ marked ‘[01m[Koverride[m[K’, but does not override
   59 |   void [01;31m[KsubscribeImpl[m[K(
      |        [01;31m[K^~~~~~~~~~~~~[m[K
In file included from [01m[K/home/shengbin/camera_ws/src/image_transport_plugins/compressed_image_transport/src/manifest.cpp:37[m[K:
[01m[K/home/shengbin/camera_ws/src/image_transport_plugins/compressed_image_transport/include/compressed_image_transport/compressed_subscriber.h:59:8:[m[K [01;31m[Kerror: [m[K‘[01m[Kvoid compressed_image_transport::CompressedSubscriber::subscribeImpl(rclcpp::Node*, const string&, const Callback&, rmw_qos_profile_t)[m[K’ marked ‘[01m[Koverride[m[K’, but does not override
   59 |   void [01;31m[KsubscribeImpl[m[K(
      |        [01;31m[K^~~~~~~~~~~~~[m[K
[01m[K/home/shengbin/camera_ws/src/image_transport_plugins/compressed_image_transport/src/compressed_publisher.cpp:[m[K In member function ‘[01m[Kvoid compressed_image_transport::CompressedPublisher::advertiseImpl(rclcpp::Node*, const string&, rmw_qos_profile_t)[m[K’:
[01m[K/home/shengbin/camera_ws/src/image_transport_plugins/compressed_image_transport/src/compressed_publisher.cpp:67:22:[m[K [01;31m[Kerror: [m[Kno matching function for call to ‘[01m[Kcompressed_image_transport::CompressedPublisher::advertiseImpl(rclcpp::Node*&, const string&, rmw_qos_profile_t&)[m[K’
   67 |   [01;31m[KBase::advertiseImpl(node, base_topic, custom_qos)[m[K;
      |   [01;31m[K~~~~~~~~~~~~~~~~~~~^~~~~~~~~~~~~~~~~~~~~~~~~~~~~~[m[K
In file included from [01m[K/home/shengbin/camera_ws/src/image_transport_plugins/compressed_image_transport/include/compressed_image_transport/compressed_publisher.h:39[m[K,
                 from [01m[K/home/shengbin/camera_ws/src/image_transport_plugins/compressed_image_transport/src/compressed_publisher.cpp:35[m[K:
[01m[K/home/shengbin/camera_ws/install/image_transport/include/image_transport/image_transport/simple_publisher_plugin.hpp:101:8:[m[K [01;36m[Knote: [m[Kcandidate: ‘[01m[Kvoid image_transport::SimplePublisherPlugin<M>::advertiseImpl(rclcpp::Node*, const string&, rmw_qos_profile_t, rclcpp::PublisherOptions) [with M = sensor_msgs::msg::CompressedImage_<std::allocator<void> >; std::string = std::__cxx11::basic_string<char>; rmw_qos_profile_t = rmw_qos_profile_s; rclcpp::PublisherOptions = rclcpp::PublisherOptionsWithAllocator<std::allocator<void> >][m[K’
  101 |   void [01;36m[KadvertiseImpl[m[K(
      |        [01;36m[K^~~~~~~~~~~~~[m[K
[01m[K/home/shengbin/camera_ws/install/image_transport/include/image_transport/image_transport/simple_publisher_plugin.hpp:101:8:[m[K [01;36m[Knote: [m[K  candidate expects 4 arguments, 3 provided
gmake[2]: *** [CMakeFiles/compressed_image_transport.dir/build.make:76: CMakeFiles/compressed_image_transport.dir/src/compressed_publisher.cpp.o] Error 1
gmake[2]: *** Waiting for unfinished jobs....
[01m[K/home/shengbin/camera_ws/src/image_transport_plugins/compressed_image_transport/src/compressed_subscriber.cpp:[m[K In member function ‘[01m[Kvirtual void compressed_image_transport::CompressedSubscriber::subscribeImpl(rclcpp::Node*, const string&, const Callback&, rmw_qos_profile_t, rclcpp::SubscriptionOptions)[m[K’:
[01m[K/home/shengbin/camera_ws/src/image_transport_plugins/compressed_image_transport/src/compressed_subscriber.cpp:78:11:[m[K [01;31m[Kerror: [m[K‘[01m[KsubscribeImplWithOptions[m[K’ is not a member of ‘[01m[KBase[m[K’ {aka ‘[01m[Kimage_transport::SimpleSubscriberPlugin<sensor_msgs::msg::CompressedImage_<std::allocator<void> > >[m[K’}
   78 |     Base::[01;31m[KsubscribeImplWithOptions[m[K(node, base_topic, callback, custom_qos, options);
      |           [01;31m[K^~~~~~~~~~~~~~~~~~~~~~~~[m[K
gmake[2]: *** [CMakeFiles/compressed_image_transport.dir/build.make:104: CMakeFiles/compressed_image_transport.dir/src/manifest.cpp.o] Error 1
gmake[2]: *** [CMakeFiles/compressed_image_transport.dir/build.make:90: CMakeFiles/compressed_image_transport.dir/src/compressed_subscriber.cpp.o] Error 1
gmake[1]: *** [CMakeFiles/Makefile2:137: CMakeFiles/compressed_image_transport.dir/all] Error 2
gmake: *** [Makefile:146: all] Error 2
