[0.263s] Invoking command in '/home/shengbin/camera_ws/build/image_common': AMENT_PREFIX_PATH=/home/shengbin/camera_ws/install/camera_info_manager:/home/shengbin/camera_ws/install/image_transport:/home/shengbin/camera_ws/install/camera_calibration_parsers:${AMENT_PREFIX_PATH} CMAKE_PREFIX_PATH=/home/shengbin/camera_ws/install/camera_info_manager:/home/shengbin/camera_ws/install/image_transport:/home/shengbin/camera_ws/install/camera_calibration_parsers:/home/shengbin/camera_ws/install/camera:/opt/ros/humble LD_LIBRARY_PATH=/home/shengbin/camera_ws/install/camera_info_manager/lib:/home/shengbin/camera_ws/install/image_transport/lib:/home/shengbin/camera_ws/install/camera_calibration_parsers/lib:${LD_LIBRARY_PATH} /usr/bin/cmake --build /home/shengbin/camera_ws/build/image_common -- -j16 -l16
[0.427s] Invoked command in '/home/shengbin/camera_ws/build/image_common' returned '0': AMENT_PREFIX_PATH=/home/shengbin/camera_ws/install/camera_info_manager:/home/shengbin/camera_ws/install/image_transport:/home/shengbin/camera_ws/install/camera_calibration_parsers:${AMENT_PREFIX_PATH} CMAKE_PREFIX_PATH=/home/shengbin/camera_ws/install/camera_info_manager:/home/shengbin/camera_ws/install/image_transport:/home/shengbin/camera_ws/install/camera_calibration_parsers:/home/shengbin/camera_ws/install/camera:/opt/ros/humble LD_LIBRARY_PATH=/home/shengbin/camera_ws/install/camera_info_manager/lib:/home/shengbin/camera_ws/install/image_transport/lib:/home/shengbin/camera_ws/install/camera_calibration_parsers/lib:${LD_LIBRARY_PATH} /usr/bin/cmake --build /home/shengbin/camera_ws/build/image_common -- -j16 -l16
[0.443s] Invoking command in '/home/shengbin/camera_ws/build/image_common': AMENT_PREFIX_PATH=/home/shengbin/camera_ws/install/camera_info_manager:/home/shengbin/camera_ws/install/image_transport:/home/shengbin/camera_ws/install/camera_calibration_parsers:${AMENT_PREFIX_PATH} CMAKE_PREFIX_PATH=/home/shengbin/camera_ws/install/camera_info_manager:/home/shengbin/camera_ws/install/image_transport:/home/shengbin/camera_ws/install/camera_calibration_parsers:/home/shengbin/camera_ws/install/camera:/opt/ros/humble LD_LIBRARY_PATH=/home/shengbin/camera_ws/install/camera_info_manager/lib:/home/shengbin/camera_ws/install/image_transport/lib:/home/shengbin/camera_ws/install/camera_calibration_parsers/lib:${LD_LIBRARY_PATH} /usr/bin/cmake --install /home/shengbin/camera_ws/build/image_common
[0.454s] -- Install configuration: ""
[0.454s] -- Up-to-date: /home/shengbin/camera_ws/install/image_common/share/ament_index/resource_index/package_run_dependencies/image_common
[0.454s] -- Up-to-date: /home/shengbin/camera_ws/install/image_common/share/ament_index/resource_index/parent_prefix_path/image_common
[0.454s] -- Up-to-date: /home/shengbin/camera_ws/install/image_common/share/image_common/environment/ament_prefix_path.sh
[0.455s] -- Up-to-date: /home/shengbin/camera_ws/install/image_common/share/image_common/environment/ament_prefix_path.dsv
[0.455s] -- Up-to-date: /home/shengbin/camera_ws/install/image_common/share/image_common/environment/path.sh
[0.455s] -- Up-to-date: /home/shengbin/camera_ws/install/image_common/share/image_common/environment/path.dsv
[0.455s] -- Up-to-date: /home/shengbin/camera_ws/install/image_common/share/image_common/local_setup.bash
[0.455s] -- Up-to-date: /home/shengbin/camera_ws/install/image_common/share/image_common/local_setup.sh
[0.455s] -- Up-to-date: /home/shengbin/camera_ws/install/image_common/share/image_common/local_setup.zsh
[0.455s] -- Up-to-date: /home/shengbin/camera_ws/install/image_common/share/image_common/local_setup.dsv
[0.455s] -- Up-to-date: /home/shengbin/camera_ws/install/image_common/share/image_common/package.dsv
[0.455s] -- Up-to-date: /home/shengbin/camera_ws/install/image_common/share/ament_index/resource_index/packages/image_common
[0.456s] -- Up-to-date: /home/shengbin/camera_ws/install/image_common/share/image_common/cmake/image_commonConfig.cmake
[0.456s] -- Up-to-date: /home/shengbin/camera_ws/install/image_common/share/image_common/cmake/image_commonConfig-version.cmake
[0.456s] -- Up-to-date: /home/shengbin/camera_ws/install/image_common/share/image_common/package.xml
[0.457s] Invoked command in '/home/shengbin/camera_ws/build/image_common' returned '0': AMENT_PREFIX_PATH=/home/shengbin/camera_ws/install/camera_info_manager:/home/shengbin/camera_ws/install/image_transport:/home/shengbin/camera_ws/install/camera_calibration_parsers:${AMENT_PREFIX_PATH} CMAKE_PREFIX_PATH=/home/shengbin/camera_ws/install/camera_info_manager:/home/shengbin/camera_ws/install/image_transport:/home/shengbin/camera_ws/install/camera_calibration_parsers:/home/shengbin/camera_ws/install/camera:/opt/ros/humble LD_LIBRARY_PATH=/home/shengbin/camera_ws/install/camera_info_manager/lib:/home/shengbin/camera_ws/install/image_transport/lib:/home/shengbin/camera_ws/install/camera_calibration_parsers/lib:${LD_LIBRARY_PATH} /usr/bin/cmake --install /home/shengbin/camera_ws/build/image_common
