[0.120s] Invoking command in '/home/shengbin/camera_ws/build/compressed_depth_image_transport': AMENT_PREFIX_PATH=/home/shengbin/camera_ws/install/image_transport:/home/shengbin/camera_ws/install/cv_bridge:${AMENT_PREFIX_PATH} CMAKE_PREFIX_PATH=/home/shengbin/camera_ws/install/image_transport:/home/shengbin/camera_ws/install/cv_bridge:/opt/ros/humble LD_LIBRARY_PATH=/home/shengbin/camera_ws/install/image_transport/lib:/home/shengbin/camera_ws/install/cv_bridge/lib:${LD_LIBRARY_PATH} PYTHONPATH=/home/shengbin/camera_ws/install/cv_bridge/local/lib/python3.10/dist-packages:${PYTHONPATH} /usr/bin/cmake /home/shengbin/camera_ws/src/image_transport_plugins/compressed_depth_image_transport -DCMAKE_INSTALL_PREFIX=/home/shengbin/camera_ws/install/compressed_depth_image_transport
[0.155s] -- The C compiler identification is GNU 11.4.0
[0.195s] -- The CXX compiler identification is GNU 11.4.0
[0.200s] -- Detecting C compiler ABI info
[0.245s] -- Detecting C compiler ABI info - done
[0.254s] -- Check for working C compiler: /usr/bin/cc - skipped
[0.254s] -- Detecting C compile features
[0.254s] -- Detecting C compile features - done
[0.258s] -- Detecting CXX compiler ABI info
[0.312s] -- Detecting CXX compiler ABI info - done
[0.322s] -- Check for working CXX compiler: /usr/bin/c++ - skipped
[0.322s] -- Detecting CXX compile features
[0.323s] -- Detecting CXX compile features - done
[0.325s] -- Found ament_cmake: 1.3.5 (/opt/ros/humble/share/ament_cmake/cmake)
[0.446s] -- Found Python3: /usr/bin/python3.10 (found version "3.10.12") found components: Interpreter 
[0.515s] -- Found image_transport: 4.5.1 (/home/shengbin/camera_ws/install/image_transport/share/image_transport/cmake)
[0.547s] -- Found rosidl_generator_c: 3.1.5 (/opt/ros/humble/share/rosidl_generator_c/cmake)
[0.550s] -- Found rosidl_adapter: 3.1.5 (/opt/ros/humble/share/rosidl_adapter/cmake)
[0.555s] -- Found rosidl_generator_cpp: 3.1.5 (/opt/ros/humble/share/rosidl_generator_cpp/cmake)
[0.565s] -- Using all available rosidl_typesupport_c: rosidl_typesupport_fastrtps_c;rosidl_typesupport_introspection_c
[0.578s] -- Using all available rosidl_typesupport_cpp: rosidl_typesupport_fastrtps_cpp;rosidl_typesupport_introspection_cpp
[0.628s] -- Found rmw_implementation_cmake: 6.1.1 (/opt/ros/humble/share/rmw_implementation_cmake/cmake)
[0.630s] -- Found rmw_cyclonedds_cpp: 1.3.4 (/opt/ros/humble/share/rmw_cyclonedds_cpp/cmake)
[0.654s] -- Using RMW implementation 'rmw_cyclonedds_cpp' as default
[0.660s] -- Looking for pthread.h
[0.712s] -- Looking for pthread.h - found
[0.712s] -- Performing Test CMAKE_HAVE_LIBC_PTHREAD
[0.760s] -- Performing Test CMAKE_HAVE_LIBC_PTHREAD - Success
[0.762s] -- Found Threads: TRUE  
[1.013s] -- Found cv_bridge: 3.2.1 (/home/shengbin/camera_ws/install/cv_bridge/share/cv_bridge/cmake)
[1.028s] -- Found OpenCV: /usr (found version "4.5.4") 
[1.075s] -- Configuring done
[1.085s] -- Generating done
[1.086s] -- Build files have been written to: /home/shengbin/camera_ws/build/compressed_depth_image_transport
[1.095s] Invoked command in '/home/shengbin/camera_ws/build/compressed_depth_image_transport' returned '0': AMENT_PREFIX_PATH=/home/shengbin/camera_ws/install/image_transport:/home/shengbin/camera_ws/install/cv_bridge:${AMENT_PREFIX_PATH} CMAKE_PREFIX_PATH=/home/shengbin/camera_ws/install/image_transport:/home/shengbin/camera_ws/install/cv_bridge:/opt/ros/humble LD_LIBRARY_PATH=/home/shengbin/camera_ws/install/image_transport/lib:/home/shengbin/camera_ws/install/cv_bridge/lib:${LD_LIBRARY_PATH} PYTHONPATH=/home/shengbin/camera_ws/install/cv_bridge/local/lib/python3.10/dist-packages:${PYTHONPATH} /usr/bin/cmake /home/shengbin/camera_ws/src/image_transport_plugins/compressed_depth_image_transport -DCMAKE_INSTALL_PREFIX=/home/shengbin/camera_ws/install/compressed_depth_image_transport
[1.097s] Invoking command in '/home/shengbin/camera_ws/build/compressed_depth_image_transport': AMENT_PREFIX_PATH=/home/shengbin/camera_ws/install/image_transport:/home/shengbin/camera_ws/install/cv_bridge:${AMENT_PREFIX_PATH} CMAKE_PREFIX_PATH=/home/shengbin/camera_ws/install/image_transport:/home/shengbin/camera_ws/install/cv_bridge:/opt/ros/humble LD_LIBRARY_PATH=/home/shengbin/camera_ws/install/image_transport/lib:/home/shengbin/camera_ws/install/cv_bridge/lib:${LD_LIBRARY_PATH} PYTHONPATH=/home/shengbin/camera_ws/install/cv_bridge/local/lib/python3.10/dist-packages:${PYTHONPATH} /usr/bin/cmake --build /home/shengbin/camera_ws/build/compressed_depth_image_transport -- -j16 -l16
[1.130s] [ 40%] [32mBuilding CXX object CMakeFiles/compressed_depth_image_transport.dir/src/compressed_depth_publisher.cpp.o[0m
[1.130s] [ 40%] [32mBuilding CXX object CMakeFiles/compressed_depth_image_transport.dir/src/compressed_depth_subscriber.cpp.o[0m
[1.134s] [ 80%] [32mBuilding CXX object CMakeFiles/compressed_depth_image_transport.dir/src/codec.cpp.o[0m
[1.134s] [ 80%] [32mBuilding CXX object CMakeFiles/compressed_depth_image_transport.dir/src/manifest.cpp.o[0m
[2.436s] In file included from [01m[K/home/shengbin/camera_ws/src/image_transport_plugins/compressed_depth_image_transport/src/compressed_depth_publisher.cpp:35[m[K:
[2.436s] [01m[K/home/shengbin/camera_ws/src/image_transport_plugins/compressed_depth_image_transport/include/compressed_depth_image_transport/compressed_depth_publisher.h:53:16:[m[K [01;31m[Kerror: [m[K‘[01m[Kvirtual void compressed_depth_image_transport::CompressedDepthPublisher::advertiseImpl(rclcpp::Node*, const string&, rmw_qos_profile_t)[m[K’ marked ‘[01m[Koverride[m[K’, but does not override
[2.436s]    53 |   virtual void [01;31m[KadvertiseImpl[m[K(
[2.436s]       |                [01;31m[K^~~~~~~~~~~~~[m[K
[3.408s] [01m[K/home/shengbin/camera_ws/src/image_transport_plugins/compressed_depth_image_transport/src/compressed_depth_publisher.cpp:[m[K In member function ‘[01m[Kvirtual void compressed_depth_image_transport::CompressedDepthPublisher::advertiseImpl(rclcpp::Node*, const string&, rmw_qos_profile_t)[m[K’:
[3.408s] [01m[K/home/shengbin/camera_ws/src/image_transport_plugins/compressed_depth_image_transport/src/compressed_depth_publisher.cpp:66:22:[m[K [01;31m[Kerror: [m[Kno matching function for call to ‘[01m[Kcompressed_depth_image_transport::CompressedDepthPublisher::advertiseImpl(rclcpp::Node*&, const string&, rmw_qos_profile_t&)[m[K’
[3.408s]    66 |   [01;31m[KBase::advertiseImpl(node, base_topic, custom_qos)[m[K;
[3.408s]       |   [01;31m[K~~~~~~~~~~~~~~~~~~~^~~~~~~~~~~~~~~~~~~~~~~~~~~~~~[m[K
[3.408s] In file included from [01m[K/home/shengbin/camera_ws/src/image_transport_plugins/compressed_depth_image_transport/include/compressed_depth_image_transport/compressed_depth_publisher.h:37[m[K,
[3.408s]                  from [01m[K/home/shengbin/camera_ws/src/image_transport_plugins/compressed_depth_image_transport/src/compressed_depth_publisher.cpp:35[m[K:
[3.408s] [01m[K/home/shengbin/camera_ws/install/image_transport/include/image_transport/image_transport/simple_publisher_plugin.hpp:101:8:[m[K [01;36m[Knote: [m[Kcandidate: ‘[01m[Kvoid image_transport::SimplePublisherPlugin<M>::advertiseImpl(rclcpp::Node*, const string&, rmw_qos_profile_t, rclcpp::PublisherOptions) [with M = sensor_msgs::msg::CompressedImage_<std::allocator<void> >; std::string = std::__cxx11::basic_string<char>; rmw_qos_profile_t = rmw_qos_profile_s; rclcpp::PublisherOptions = rclcpp::PublisherOptionsWithAllocator<std::allocator<void> >][m[K’
[3.408s]   101 |   void [01;36m[KadvertiseImpl[m[K(
[3.408s]       |        [01;36m[K^~~~~~~~~~~~~[m[K
[3.409s] [01m[K/home/shengbin/camera_ws/install/image_transport/include/image_transport/image_transport/simple_publisher_plugin.hpp:101:8:[m[K [01;36m[Knote: [m[K  candidate expects 4 arguments, 3 provided
[3.473s] In file included from [01m[K/home/shengbin/camera_ws/src/image_transport_plugins/compressed_depth_image_transport/src/manifest.cpp:36[m[K:
[3.473s] [01m[K/home/shengbin/camera_ws/src/image_transport_plugins/compressed_depth_image_transport/include/compressed_depth_image_transport/compressed_depth_publisher.h:53:16:[m[K [01;31m[Kerror: [m[K‘[01m[Kvirtual void compressed_depth_image_transport::CompressedDepthPublisher::advertiseImpl(rclcpp::Node*, const string&, rmw_qos_profile_t)[m[K’ marked ‘[01m[Koverride[m[K’, but does not override
[3.473s]    53 |   virtual void [01;31m[KadvertiseImpl[m[K(
[3.473s]       |                [01;31m[K^~~~~~~~~~~~~[m[K
[4.708s] gmake[2]: *** [CMakeFiles/compressed_depth_image_transport.dir/build.make:76: CMakeFiles/compressed_depth_image_transport.dir/src/compressed_depth_publisher.cpp.o] Error 1
[4.708s] gmake[2]: *** Waiting for unfinished jobs....
[7.694s] gmake[2]: *** [CMakeFiles/compressed_depth_image_transport.dir/build.make:104: CMakeFiles/compressed_depth_image_transport.dir/src/manifest.cpp.o] Error 1
[9.187s] gmake[1]: *** [CMakeFiles/Makefile2:137: CMakeFiles/compressed_depth_image_transport.dir/all] Error 2
[9.187s] gmake: *** [Makefile:146: all] Error 2
