-- Found ament_cmake_ros: 0.10.0 (/opt/ros/humble/share/ament_cmake_ros/cmake)
-- Found ament_index_cpp: 1.4.0 (/opt/ros/humble/share/ament_index_cpp/cmake)
-- Found camera_calibration_parsers: 3.1.7 (/home/shengbin/camera_ws/install/camera_calibration_parsers/share/camera_calibration_parsers/cmake)
-- Found rosidl_generator_c: 3.1.5 (/opt/ros/humble/share/rosidl_generator_c/cmake)
-- Found rosidl_adapter: 3.1.5 (/opt/ros/humble/share/rosidl_adapter/cmake)
-- Found rosidl_generator_cpp: 3.1.5 (/opt/ros/humble/share/rosidl_generator_cpp/cmake)
-- Using all available rosidl_typesupport_c: rosidl_typesupport_fastrtps_c;rosidl_typesupport_introspection_c
-- Using all available rosidl_typesupport_cpp: rosidl_typesupport_fastrtps_cpp;rosidl_typesupport_introspection_cpp
-- Found rmw_implementation_cmake: 6.1.1 (/opt/ros/humble/share/rmw_implementation_cmake/cmake)
-- Found rmw_cyclonedds_cpp: 1.3.4 (/opt/ros/humble/share/rmw_cyclonedds_cpp/cmake)
-- Using RMW implementation 'rmw_cyclonedds_cpp' as default
-- Found ament_cmake_cpplint: 0.12.8 (/opt/ros/humble/share/ament_cmake_cpplint/cmake)
-- Found ament_cmake_lint_cmake: 0.12.8 (/opt/ros/humble/share/ament_cmake_lint_cmake/cmake)
-- Found ament_cmake_uncrustify: 0.12.8 (/opt/ros/humble/share/ament_cmake_uncrustify/cmake)
-- Configuring done
-- Generating done
-- Build files have been written to: /home/shengbin/camera_ws/build/camera_info_manager
[35m[1mConsolidate compiler generated dependencies of target camera_info_manager[0m
[ 50%] [32mBuilding CXX object CMakeFiles/camera_info_manager.dir/src/camera_info_manager.cpp.o[0m
[100%] [32m[1mLinking CXX shared library libcamera_info_manager.so[0m
[100%] Built target camera_info_manager
-- Install configuration: ""
-- Installing: /home/shengbin/camera_ws/install/camera_info_manager/lib/libcamera_info_manager.so
-- Set runtime path of "/home/shengbin/camera_ws/install/camera_info_manager/lib/libcamera_info_manager.so" to ""
-- Up-to-date: /home/shengbin/camera_ws/install/camera_info_manager/include/camera_info_manager
-- Up-to-date: /home/shengbin/camera_ws/install/camera_info_manager/include/camera_info_manager/camera_info_manager
-- Installing: /home/shengbin/camera_ws/install/camera_info_manager/include/camera_info_manager/camera_info_manager/camera_info_manager.hpp
-- Installing: /home/shengbin/camera_ws/install/camera_info_manager/include/camera_info_manager/camera_info_manager/camera_info_manager.h
-- Installing: /home/shengbin/camera_ws/install/camera_info_manager/include/camera_info_manager/camera_info_manager/visibility_control.h
-- Installing: /home/shengbin/camera_ws/install/camera_info_manager/share/ament_index/resource_index/package_run_dependencies/camera_info_manager
-- Up-to-date: /home/shengbin/camera_ws/install/camera_info_manager/share/ament_index/resource_index/parent_prefix_path/camera_info_manager
-- Up-to-date: /home/shengbin/camera_ws/install/camera_info_manager/share/camera_info_manager/environment/ament_prefix_path.sh
-- Installing: /home/shengbin/camera_ws/install/camera_info_manager/share/camera_info_manager/environment/ament_prefix_path.dsv
-- Up-to-date: /home/shengbin/camera_ws/install/camera_info_manager/share/camera_info_manager/environment/path.sh
-- Installing: /home/shengbin/camera_ws/install/camera_info_manager/share/camera_info_manager/environment/path.dsv
-- Up-to-date: /home/shengbin/camera_ws/install/camera_info_manager/share/camera_info_manager/local_setup.bash
-- Up-to-date: /home/shengbin/camera_ws/install/camera_info_manager/share/camera_info_manager/local_setup.sh
-- Up-to-date: /home/shengbin/camera_ws/install/camera_info_manager/share/camera_info_manager/local_setup.zsh
-- Installing: /home/shengbin/camera_ws/install/camera_info_manager/share/camera_info_manager/local_setup.dsv
-- Installing: /home/shengbin/camera_ws/install/camera_info_manager/share/camera_info_manager/package.dsv
-- Up-to-date: /home/shengbin/camera_ws/install/camera_info_manager/share/ament_index/resource_index/packages/camera_info_manager
-- Old export file "/home/shengbin/camera_ws/install/camera_info_manager/share/camera_info_manager/cmake/export_camera_info_managerExport.cmake" will be replaced.  Removing files [/home/shengbin/camera_ws/install/camera_info_manager/share/camera_info_manager/cmake/export_camera_info_managerExport-noconfig.cmake].
-- Installing: /home/shengbin/camera_ws/install/camera_info_manager/share/camera_info_manager/cmake/export_camera_info_managerExport.cmake
-- Installing: /home/shengbin/camera_ws/install/camera_info_manager/share/camera_info_manager/cmake/export_camera_info_managerExport-noconfig.cmake
-- Installing: /home/shengbin/camera_ws/install/camera_info_manager/share/camera_info_manager/cmake/ament_cmake_export_dependencies-extras.cmake
-- Up-to-date: /home/shengbin/camera_ws/install/camera_info_manager/share/camera_info_manager/cmake/ament_cmake_export_targets-extras.cmake
-- Installing: /home/shengbin/camera_ws/install/camera_info_manager/share/camera_info_manager/cmake/camera_info_managerConfig.cmake
-- Installing: /home/shengbin/camera_ws/install/camera_info_manager/share/camera_info_manager/cmake/camera_info_managerConfig-version.cmake
-- Installing: /home/shengbin/camera_ws/install/camera_info_manager/share/camera_info_manager/package.xml
