[0.703s] Invoking command in '/home/shengbin/camera_ws/src/camera': PYTHONPATH=/home/shengbin/camera_ws/build/camera/prefix_override:/home/shengbin/camera_ws/install/camera/lib/python3.10/site-packages:${PYTHONPATH} /usr/bin/python3 setup.py egg_info --egg-base ../../build/camera build --build-base /home/shengbin/camera_ws/build/camera/build install --record /home/shengbin/camera_ws/build/camera/install.log --single-version-externally-managed
[0.858s] running egg_info
[0.858s] writing ../../build/camera/camera.egg-info/PKG-INFO
[0.858s] writing dependency_links to ../../build/camera/camera.egg-info/dependency_links.txt
[0.858s] writing entry points to ../../build/camera/camera.egg-info/entry_points.txt
[0.858s] writing requirements to ../../build/camera/camera.egg-info/requires.txt
[0.858s] writing top-level names to ../../build/camera/camera.egg-info/top_level.txt
[0.859s] reading manifest file '../../build/camera/camera.egg-info/SOURCES.txt'
[0.859s] writing manifest file '../../build/camera/camera.egg-info/SOURCES.txt'
[0.859s] running build
[0.859s] running build_py
[0.859s] copying camera/cam_process.py -> /home/shengbin/camera_ws/build/camera/build/lib/camera
[0.860s] /usr/lib/python3/dist-packages/setuptools/command/install.py:34: SetuptoolsDeprecationWarning: setup.py install is deprecated. Use build and pip and other standards-based tools.
[0.860s]   warnings.warn(
[0.860s] running install
[0.860s] running install_lib
[0.860s] copying /home/shengbin/camera_ws/build/camera/build/lib/camera/cam_process.py -> /home/shengbin/camera_ws/install/camera/lib/python3.10/site-packages/camera
[0.861s] byte-compiling /home/shengbin/camera_ws/install/camera/lib/python3.10/site-packages/camera/cam_process.py to cam_process.cpython-310.pyc
[0.861s] running install_data
[0.861s] running install_egg_info
[0.863s] removing '/home/shengbin/camera_ws/install/camera/lib/python3.10/site-packages/camera-0.0.0-py3.10.egg-info' (and everything under it)
[0.863s] Copying ../../build/camera/camera.egg-info to /home/shengbin/camera_ws/install/camera/lib/python3.10/site-packages/camera-0.0.0-py3.10.egg-info
[0.863s] running install_scripts
[0.877s] Installing cam_oflow script to /home/shengbin/camera_ws/install/camera/lib/camera
[0.877s] Installing cam_process script to /home/shengbin/camera_ws/install/camera/lib/camera
[0.877s] Installing cam_pub script to /home/shengbin/camera_ws/install/camera/lib/camera
[0.877s] Installing cam_sub script to /home/shengbin/camera_ws/install/camera/lib/camera
[0.878s] writing list of installed files to '/home/shengbin/camera_ws/build/camera/install.log'
[1.024s] Invoked command in '/home/shengbin/camera_ws/src/camera' returned '0': PYTHONPATH=/home/shengbin/camera_ws/build/camera/prefix_override:/home/shengbin/camera_ws/install/camera/lib/python3.10/site-packages:${PYTHONPATH} /usr/bin/python3 setup.py egg_info --egg-base ../../build/camera build --build-base /home/shengbin/camera_ws/build/camera/build install --record /home/shengbin/camera_ws/build/camera/install.log --single-version-externally-managed
