[0.108s] Invoking command in '/home/shengbin/camera_ws/build/image_common': CMAKE_PREFIX_PATH=/home/shengbin/camera_ws/install/camera_info_manager:/home/shengbin/camera_ws/install/image_transport:/home/shengbin/camera_ws/install/camera_calibration_parsers:/home/shengbin/camera_ws/install/v4l2_camera:/home/shengbin/camera_ws/install/image_transport_plugins:/home/shengbin/camera_ws/install/theora_image_transport:/home/shengbin/camera_ws/install/compressed_image_transport:/home/shengbin/camera_ws/install/compressed_depth_image_transport:/home/shengbin/camera_ws/install/cv_bridge:/home/shengbin/camera_ws/install/camera:/opt/ros/humble LD_LIBRARY_PATH=/home/shengbin/camera_ws/install/camera_info_manager/lib:/home/shengbin/camera_ws/install/image_transport/lib:/home/shengbin/camera_ws/install/camera_calibration_parsers/lib:/home/shengbin/camera_ws/install/v4l2_camera/lib:/home/shengbin/camera_ws/install/theora_image_transport/lib:/home/shengbin/camera_ws/install/compressed_image_transport/lib:/home/shengbin/camera_ws/install/compressed_depth_image_transport/lib:/home/shengbin/camera_ws/install/cv_bridge/lib:/opt/ros/humble/opt/rviz_ogre_vendor/lib:/opt/ros/humble/lib/x86_64-linux-gnu:/opt/ros/humble/lib /usr/bin/cmake /home/shengbin/camera_ws/src/image_common/image_common -DCMAKE_INSTALL_PREFIX=/home/shengbin/camera_ws/install/image_common
[0.172s] -- The C compiler identification is GNU 11.4.0
[0.248s] -- The CXX compiler identification is GNU 11.4.0
[0.258s] -- Detecting C compiler ABI info
[0.339s] -- Detecting C compiler ABI info - done
[0.350s] -- Check for working C compiler: /usr/bin/cc - skipped
[0.350s] -- Detecting C compile features
[0.351s] -- Detecting C compile features - done
[0.354s] -- Detecting CXX compiler ABI info
[0.435s] -- Detecting CXX compiler ABI info - done
[0.445s] -- Check for working CXX compiler: /usr/bin/c++ - skipped
[0.446s] -- Detecting CXX compile features
[0.446s] -- Detecting CXX compile features - done
[0.449s] -- Found ament_cmake: 1.3.5 (/opt/ros/humble/share/ament_cmake/cmake)
[0.615s] -- Found Python3: /usr/bin/python3.10 (found version "3.10.12") found components: Interpreter 
[0.711s] -- Found ament_lint_auto: 0.12.8 (/opt/ros/humble/share/ament_lint_auto/cmake)
[0.787s] -- Added test 'copyright' to check source files copyright and LICENSE
[0.788s] -- Added test 'lint_cmake' to check CMake code style
[0.789s] -- Added test 'xmllint' to check XML markup files
[0.791s] -- Configuring done
[0.794s] -- Generating done
[0.794s] -- Build files have been written to: /home/shengbin/camera_ws/build/image_common
[0.815s] Invoked command in '/home/shengbin/camera_ws/build/image_common' returned '0': CMAKE_PREFIX_PATH=/home/shengbin/camera_ws/install/camera_info_manager:/home/shengbin/camera_ws/install/image_transport:/home/shengbin/camera_ws/install/camera_calibration_parsers:/home/shengbin/camera_ws/install/v4l2_camera:/home/shengbin/camera_ws/install/image_transport_plugins:/home/shengbin/camera_ws/install/theora_image_transport:/home/shengbin/camera_ws/install/compressed_image_transport:/home/shengbin/camera_ws/install/compressed_depth_image_transport:/home/shengbin/camera_ws/install/cv_bridge:/home/shengbin/camera_ws/install/camera:/opt/ros/humble LD_LIBRARY_PATH=/home/shengbin/camera_ws/install/camera_info_manager/lib:/home/shengbin/camera_ws/install/image_transport/lib:/home/shengbin/camera_ws/install/camera_calibration_parsers/lib:/home/shengbin/camera_ws/install/v4l2_camera/lib:/home/shengbin/camera_ws/install/theora_image_transport/lib:/home/shengbin/camera_ws/install/compressed_image_transport/lib:/home/shengbin/camera_ws/install/compressed_depth_image_transport/lib:/home/shengbin/camera_ws/install/cv_bridge/lib:/opt/ros/humble/opt/rviz_ogre_vendor/lib:/opt/ros/humble/lib/x86_64-linux-gnu:/opt/ros/humble/lib /usr/bin/cmake /home/shengbin/camera_ws/src/image_common/image_common -DCMAKE_INSTALL_PREFIX=/home/shengbin/camera_ws/install/image_common
[0.817s] Invoking command in '/home/shengbin/camera_ws/build/image_common': CMAKE_PREFIX_PATH=/home/shengbin/camera_ws/install/camera_info_manager:/home/shengbin/camera_ws/install/image_transport:/home/shengbin/camera_ws/install/camera_calibration_parsers:/home/shengbin/camera_ws/install/v4l2_camera:/home/shengbin/camera_ws/install/image_transport_plugins:/home/shengbin/camera_ws/install/theora_image_transport:/home/shengbin/camera_ws/install/compressed_image_transport:/home/shengbin/camera_ws/install/compressed_depth_image_transport:/home/shengbin/camera_ws/install/cv_bridge:/home/shengbin/camera_ws/install/camera:/opt/ros/humble LD_LIBRARY_PATH=/home/shengbin/camera_ws/install/camera_info_manager/lib:/home/shengbin/camera_ws/install/image_transport/lib:/home/shengbin/camera_ws/install/camera_calibration_parsers/lib:/home/shengbin/camera_ws/install/v4l2_camera/lib:/home/shengbin/camera_ws/install/theora_image_transport/lib:/home/shengbin/camera_ws/install/compressed_image_transport/lib:/home/shengbin/camera_ws/install/compressed_depth_image_transport/lib:/home/shengbin/camera_ws/install/cv_bridge/lib:/opt/ros/humble/opt/rviz_ogre_vendor/lib:/opt/ros/humble/lib/x86_64-linux-gnu:/opt/ros/humble/lib /usr/bin/cmake --build /home/shengbin/camera_ws/build/image_common -- -j16 -l16
[0.845s] Invoked command in '/home/shengbin/camera_ws/build/image_common' returned '0': CMAKE_PREFIX_PATH=/home/shengbin/camera_ws/install/camera_info_manager:/home/shengbin/camera_ws/install/image_transport:/home/shengbin/camera_ws/install/camera_calibration_parsers:/home/shengbin/camera_ws/install/v4l2_camera:/home/shengbin/camera_ws/install/image_transport_plugins:/home/shengbin/camera_ws/install/theora_image_transport:/home/shengbin/camera_ws/install/compressed_image_transport:/home/shengbin/camera_ws/install/compressed_depth_image_transport:/home/shengbin/camera_ws/install/cv_bridge:/home/shengbin/camera_ws/install/camera:/opt/ros/humble LD_LIBRARY_PATH=/home/shengbin/camera_ws/install/camera_info_manager/lib:/home/shengbin/camera_ws/install/image_transport/lib:/home/shengbin/camera_ws/install/camera_calibration_parsers/lib:/home/shengbin/camera_ws/install/v4l2_camera/lib:/home/shengbin/camera_ws/install/theora_image_transport/lib:/home/shengbin/camera_ws/install/compressed_image_transport/lib:/home/shengbin/camera_ws/install/compressed_depth_image_transport/lib:/home/shengbin/camera_ws/install/cv_bridge/lib:/opt/ros/humble/opt/rviz_ogre_vendor/lib:/opt/ros/humble/lib/x86_64-linux-gnu:/opt/ros/humble/lib /usr/bin/cmake --build /home/shengbin/camera_ws/build/image_common -- -j16 -l16
[0.862s] Invoking command in '/home/shengbin/camera_ws/build/image_common': CMAKE_PREFIX_PATH=/home/shengbin/camera_ws/install/camera_info_manager:/home/shengbin/camera_ws/install/image_transport:/home/shengbin/camera_ws/install/camera_calibration_parsers:/home/shengbin/camera_ws/install/v4l2_camera:/home/shengbin/camera_ws/install/image_transport_plugins:/home/shengbin/camera_ws/install/theora_image_transport:/home/shengbin/camera_ws/install/compressed_image_transport:/home/shengbin/camera_ws/install/compressed_depth_image_transport:/home/shengbin/camera_ws/install/cv_bridge:/home/shengbin/camera_ws/install/camera:/opt/ros/humble LD_LIBRARY_PATH=/home/shengbin/camera_ws/install/camera_info_manager/lib:/home/shengbin/camera_ws/install/image_transport/lib:/home/shengbin/camera_ws/install/camera_calibration_parsers/lib:/home/shengbin/camera_ws/install/v4l2_camera/lib:/home/shengbin/camera_ws/install/theora_image_transport/lib:/home/shengbin/camera_ws/install/compressed_image_transport/lib:/home/shengbin/camera_ws/install/compressed_depth_image_transport/lib:/home/shengbin/camera_ws/install/cv_bridge/lib:/opt/ros/humble/opt/rviz_ogre_vendor/lib:/opt/ros/humble/lib/x86_64-linux-gnu:/opt/ros/humble/lib /usr/bin/cmake --install /home/shengbin/camera_ws/build/image_common
[0.868s] -- Install configuration: ""
[0.868s] -- Installing: /home/shengbin/camera_ws/install/image_common/share/ament_index/resource_index/package_run_dependencies/image_common
[0.868s] -- Installing: /home/shengbin/camera_ws/install/image_common/share/ament_index/resource_index/parent_prefix_path/image_common
[0.868s] -- Installing: /home/shengbin/camera_ws/install/image_common/share/image_common/environment/ament_prefix_path.sh
[0.868s] -- Installing: /home/shengbin/camera_ws/install/image_common/share/image_common/environment/ament_prefix_path.dsv
[0.868s] -- Installing: /home/shengbin/camera_ws/install/image_common/share/image_common/environment/path.sh
[0.869s] -- Installing: /home/shengbin/camera_ws/install/image_common/share/image_common/environment/path.dsv
[0.869s] -- Installing: /home/shengbin/camera_ws/install/image_common/share/image_common/local_setup.bash
[0.869s] -- Installing: /home/shengbin/camera_ws/install/image_common/share/image_common/local_setup.sh
[0.869s] -- Installing: /home/shengbin/camera_ws/install/image_common/share/image_common/local_setup.zsh
[0.869s] -- Installing: /home/shengbin/camera_ws/install/image_common/share/image_common/local_setup.dsv
[0.869s] -- Installing: /home/shengbin/camera_ws/install/image_common/share/image_common/package.dsv
[0.869s] -- Installing: /home/shengbin/camera_ws/install/image_common/share/ament_index/resource_index/packages/image_common
[0.869s] -- Installing: /home/shengbin/camera_ws/install/image_common/share/image_common/cmake/image_commonConfig.cmake
[0.869s] -- Installing: /home/shengbin/camera_ws/install/image_common/share/image_common/cmake/image_commonConfig-version.cmake
[0.869s] -- Installing: /home/shengbin/camera_ws/install/image_common/share/image_common/package.xml
[0.870s] Invoked command in '/home/shengbin/camera_ws/build/image_common' returned '0': CMAKE_PREFIX_PATH=/home/shengbin/camera_ws/install/camera_info_manager:/home/shengbin/camera_ws/install/image_transport:/home/shengbin/camera_ws/install/camera_calibration_parsers:/home/shengbin/camera_ws/install/v4l2_camera:/home/shengbin/camera_ws/install/image_transport_plugins:/home/shengbin/camera_ws/install/theora_image_transport:/home/shengbin/camera_ws/install/compressed_image_transport:/home/shengbin/camera_ws/install/compressed_depth_image_transport:/home/shengbin/camera_ws/install/cv_bridge:/home/shengbin/camera_ws/install/camera:/opt/ros/humble LD_LIBRARY_PATH=/home/shengbin/camera_ws/install/camera_info_manager/lib:/home/shengbin/camera_ws/install/image_transport/lib:/home/shengbin/camera_ws/install/camera_calibration_parsers/lib:/home/shengbin/camera_ws/install/v4l2_camera/lib:/home/shengbin/camera_ws/install/theora_image_transport/lib:/home/shengbin/camera_ws/install/compressed_image_transport/lib:/home/shengbin/camera_ws/install/compressed_depth_image_transport/lib:/home/shengbin/camera_ws/install/cv_bridge/lib:/opt/ros/humble/opt/rviz_ogre_vendor/lib:/opt/ros/humble/lib/x86_64-linux-gnu:/opt/ros/humble/lib /usr/bin/cmake --install /home/shengbin/camera_ws/build/image_common
