[0.176s] Invoking command in '/home/shengbin/camera_ws/build/image_transport': CMAKE_PREFIX_PATH=${CMAKE_PREFIX_PATH}:/home/shengbin/camera_ws/install/opencv_tests:/home/shengbin/camera_ws/install/camera:/opt/ros/humble /usr/bin/cmake --build /home/shengbin/camera_ws/build/image_transport -- -j16 -l16
[0.222s] [  6%] Built target gtest
[0.225s] [ 13%] Built target gtest_main
[0.225s] [ 40%] Built target image_transport
[0.249s] [ 46%] Built target image_transport-camera_common
[0.250s] [ 53%] Built target image_transport_plugins
[0.256s] [ 60%] Built target image_transport-message_passing
[0.256s] [ 66%] Built target image_transport-remapping
[0.257s] [ 76%] Built target republish
[0.257s] [ 80%] Built target image_transport-single_subscriber_publisher
[0.263s] [ 86%] Built target image_transport-publisher
[0.264s] [ 93%] Built target image_transport-subscriber
[0.266s] [100%] Built target list_transports
[0.425s] Invoked command in '/home/shengbin/camera_ws/build/image_transport' returned '0': CMAKE_PREFIX_PATH=${CMAKE_PREFIX_PATH}:/home/shengbin/camera_ws/install/opencv_tests:/home/shengbin/camera_ws/install/camera:/opt/ros/humble /usr/bin/cmake --build /home/shengbin/camera_ws/build/image_transport -- -j16 -l16
[0.527s] Invoking command in '/home/shengbin/camera_ws/build/image_transport': CMAKE_PREFIX_PATH=${CMAKE_PREFIX_PATH}:/home/shengbin/camera_ws/install/opencv_tests:/home/shengbin/camera_ws/install/camera:/opt/ros/humble /usr/bin/cmake --install /home/shengbin/camera_ws/build/image_transport
[0.531s] -- Install configuration: ""
[0.531s] -- Up-to-date: /home/shengbin/camera_ws/install/image_transport/share/image_transport/default_plugins.xml
[0.532s] -- Up-to-date: /home/shengbin/camera_ws/install/image_transport/lib/libimage_transport.so
[0.533s] -- Up-to-date: /home/shengbin/camera_ws/install/image_transport/lib/libimage_transport_plugins.so
[0.533s] -- Up-to-date: /home/shengbin/camera_ws/install/image_transport/lib/libimage_transport.so
[0.534s] -- Up-to-date: /home/shengbin/camera_ws/install/image_transport/lib/image_transport/list_transports
[0.535s] -- Up-to-date: /home/shengbin/camera_ws/install/image_transport/lib/image_transport/republish
[0.535s] -- Up-to-date: /home/shengbin/camera_ws/install/image_transport/include/image_transport
[0.535s] -- Up-to-date: /home/shengbin/camera_ws/install/image_transport/include/image_transport/image_transport
[0.535s] -- Up-to-date: /home/shengbin/camera_ws/install/image_transport/include/image_transport/image_transport/subscriber.hpp
[0.536s] -- Up-to-date: /home/shengbin/camera_ws/install/image_transport/include/image_transport/image_transport/transport_hints.hpp
[0.536s] -- Up-to-date: /home/shengbin/camera_ws/install/image_transport/include/image_transport/image_transport/loader_fwds.h
[0.536s] -- Up-to-date: /home/shengbin/camera_ws/install/image_transport/include/image_transport/image_transport/publisher.h
[0.536s] -- Up-to-date: /home/shengbin/camera_ws/install/image_transport/include/image_transport/image_transport/subscriber_filter.h
[0.537s] -- Up-to-date: /home/shengbin/camera_ws/install/image_transport/include/image_transport/image_transport/camera_subscriber.hpp
[0.537s] -- Up-to-date: /home/shengbin/camera_ws/install/image_transport/include/image_transport/image_transport/transport_hints.h
[0.538s] -- Up-to-date: /home/shengbin/camera_ws/install/image_transport/include/image_transport/image_transport/visibility_control.hpp
[0.538s] -- Up-to-date: /home/shengbin/camera_ws/install/image_transport/include/image_transport/image_transport/publisher.hpp
[0.538s] -- Up-to-date: /home/shengbin/camera_ws/install/image_transport/include/image_transport/image_transport/camera_common.h
[0.538s] -- Up-to-date: /home/shengbin/camera_ws/install/image_transport/include/image_transport/image_transport/simple_publisher_plugin.hpp
[0.539s] -- Up-to-date: /home/shengbin/camera_ws/install/image_transport/include/image_transport/image_transport/subscriber_plugin.h
[0.539s] -- Up-to-date: /home/shengbin/camera_ws/install/image_transport/include/image_transport/image_transport/raw_subscriber.h
[0.539s] -- Up-to-date: /home/shengbin/camera_ws/install/image_transport/include/image_transport/image_transport/camera_publisher.h
[0.539s] -- Up-to-date: /home/shengbin/camera_ws/install/image_transport/include/image_transport/image_transport/image_transport.hpp
[0.540s] -- Up-to-date: /home/shengbin/camera_ws/install/image_transport/include/image_transport/image_transport/camera_subscriber.h
[0.540s] -- Up-to-date: /home/shengbin/camera_ws/install/image_transport/include/image_transport/image_transport/camera_common.hpp
[0.540s] -- Up-to-date: /home/shengbin/camera_ws/install/image_transport/include/image_transport/image_transport/simple_publisher_plugin.h
[0.540s] -- Up-to-date: /home/shengbin/camera_ws/install/image_transport/include/image_transport/image_transport/loader_fwds.hpp
[0.541s] -- Up-to-date: /home/shengbin/camera_ws/install/image_transport/include/image_transport/image_transport/subscriber_filter.hpp
[0.541s] -- Up-to-date: /home/shengbin/camera_ws/install/image_transport/include/image_transport/image_transport/simple_subscriber_plugin.hpp
[0.541s] -- Up-to-date: /home/shengbin/camera_ws/install/image_transport/include/image_transport/image_transport/image_transport.h
[0.542s] -- Up-to-date: /home/shengbin/camera_ws/install/image_transport/include/image_transport/image_transport/raw_subscriber.hpp
[0.542s] -- Up-to-date: /home/shengbin/camera_ws/install/image_transport/include/image_transport/image_transport/exception.h
[0.542s] -- Up-to-date: /home/shengbin/camera_ws/install/image_transport/include/image_transport/image_transport/publisher_plugin.h
[0.543s] -- Up-to-date: /home/shengbin/camera_ws/install/image_transport/include/image_transport/image_transport/single_subscriber_publisher.h
[0.543s] -- Up-to-date: /home/shengbin/camera_ws/install/image_transport/include/image_transport/image_transport/simple_subscriber_plugin.h
[0.543s] -- Up-to-date: /home/shengbin/camera_ws/install/image_transport/include/image_transport/image_transport/raw_publisher.h
[0.544s] -- Up-to-date: /home/shengbin/camera_ws/install/image_transport/include/image_transport/image_transport/subscriber_plugin.hpp
[0.544s] -- Up-to-date: /home/shengbin/camera_ws/install/image_transport/include/image_transport/image_transport/camera_publisher.hpp
[0.544s] -- Up-to-date: /home/shengbin/camera_ws/install/image_transport/include/image_transport/image_transport/subscriber.h
[0.545s] -- Up-to-date: /home/shengbin/camera_ws/install/image_transport/include/image_transport/image_transport/raw_publisher.hpp
[0.545s] -- Up-to-date: /home/shengbin/camera_ws/install/image_transport/include/image_transport/image_transport/single_subscriber_publisher.hpp
[0.546s] -- Up-to-date: /home/shengbin/camera_ws/install/image_transport/include/image_transport/image_transport/publisher_plugin.hpp
[0.546s] -- Up-to-date: /home/shengbin/camera_ws/install/image_transport/include/image_transport/image_transport/exception.hpp
[0.546s] -- Up-to-date: /home/shengbin/camera_ws/install/image_transport/share/ament_index/resource_index/package_run_dependencies/image_transport
[0.546s] -- Up-to-date: /home/shengbin/camera_ws/install/image_transport/share/ament_index/resource_index/parent_prefix_path/image_transport
[0.546s] -- Up-to-date: /home/shengbin/camera_ws/install/image_transport/share/image_transport/environment/ament_prefix_path.sh
[0.547s] -- Up-to-date: /home/shengbin/camera_ws/install/image_transport/share/image_transport/environment/ament_prefix_path.dsv
[0.547s] -- Up-to-date: /home/shengbin/camera_ws/install/image_transport/share/image_transport/environment/path.sh
[0.547s] -- Up-to-date: /home/shengbin/camera_ws/install/image_transport/share/image_transport/environment/path.dsv
[0.547s] -- Up-to-date: /home/shengbin/camera_ws/install/image_transport/share/image_transport/local_setup.bash
[0.547s] -- Up-to-date: /home/shengbin/camera_ws/install/image_transport/share/image_transport/local_setup.sh
[0.547s] -- Up-to-date: /home/shengbin/camera_ws/install/image_transport/share/image_transport/local_setup.zsh
[0.548s] -- Up-to-date: /home/shengbin/camera_ws/install/image_transport/share/image_transport/local_setup.dsv
[0.548s] -- Installing: /home/shengbin/camera_ws/install/image_transport/share/image_transport/package.dsv
[0.548s] -- Up-to-date: /home/shengbin/camera_ws/install/image_transport/share/ament_index/resource_index/packages/image_transport
[0.548s] -- Up-to-date: /home/shengbin/camera_ws/install/image_transport/share/ament_index/resource_index/image_transport__pluginlib__plugin/image_transport
[0.548s] -- Up-to-date: /home/shengbin/camera_ws/install/image_transport/share/image_transport/cmake/export_image_transportExport.cmake
[0.549s] -- Up-to-date: /home/shengbin/camera_ws/install/image_transport/share/image_transport/cmake/export_image_transportExport-noconfig.cmake
[0.549s] -- Up-to-date: /home/shengbin/camera_ws/install/image_transport/share/image_transport/cmake/ament_cmake_export_targets-extras.cmake
[0.549s] -- Up-to-date: /home/shengbin/camera_ws/install/image_transport/share/image_transport/cmake/ament_cmake_export_dependencies-extras.cmake
[0.549s] -- Up-to-date: /home/shengbin/camera_ws/install/image_transport/share/image_transport/cmake/image_transportConfig.cmake
[0.549s] -- Up-to-date: /home/shengbin/camera_ws/install/image_transport/share/image_transport/cmake/image_transportConfig-version.cmake
[0.549s] -- Up-to-date: /home/shengbin/camera_ws/install/image_transport/share/image_transport/package.xml
[0.550s] Invoked command in '/home/shengbin/camera_ws/build/image_transport' returned '0': CMAKE_PREFIX_PATH=${CMAKE_PREFIX_PATH}:/home/shengbin/camera_ws/install/opencv_tests:/home/shengbin/camera_ws/install/camera:/opt/ros/humble /usr/bin/cmake --install /home/shengbin/camera_ws/build/image_transport
